#
# There is insufficient memory for the Java Runtime Environment to continue.
# Native memory allocation (mmap) failed to map 38797312 bytes for G1 virtual space
# Possible reasons:
#   The system is out of physical RAM or swap space
#   The process is running with CompressedOops enabled, and the Java Heap may be blocking the growth of the native heap
# Possible solutions:
#   Reduce memory load on the system
#   Increase physical memory or swap space
#   Check if swap backing store is full
#   Decrease Java heap size (-Xmx/-Xms)
#   Decrease number of Java threads
#   Decrease Java thread stack sizes (-Xss)
#   Set larger code cache with -XX:ReservedCodeCacheSize=
#   JVM is running with Unscaled Compressed Oops mode in which the Java heap is
#     placed in the first 4GB address space. The Java Heap base address is the
#     maximum limit for the native heap growth. Please use -XX:HeapBaseMinAddress
#     to set the Java Heap base and to place the Java Heap above 4GB virtual address.
# This output file may be truncated or incomplete.
#
#  Out of Memory Error (os_windows.cpp:3600), pid=10296, tid=3140
#
# JRE version: Java(TM) SE Runtime Environment (21.0.1+12) (build 21.0.1+12-LTS-29)
# Java VM: Java HotSpot(TM) 64-Bit Server VM (21.0.1+12-LTS-29, mixed mode, sharing, tiered, compressed oops, compressed class ptrs, g1 gc, windows-amd64)
# No core dump will be written. Minidumps are not enabled by default on client versions of Windows
#

---------------  S U M M A R Y ------------

Command Line: -Dfile.encoding=UTF-8 --module-path=C:\Users\Dell\Documents\NetBeansProjects\University_anagement_System\build\classes university.management.system.Splash

Host: Intel(R) Core(TM) i3-8130U CPU @ 2.20GHz, 4 cores, 3G,  Windows 10 , 64 bit Build 19041 (10.0.19041.4842)
Time: Tue Oct  1 19:12:25 2024 India Standard Time elapsed time: 5530.812950 seconds (0d 1h 32m 10s)

---------------  T H R E A D  ---------------

Current thread (0x00000195b5ff93d0):  VMThread "VM Thread"          [id=3140, stack(0x0000003790c00000,0x0000003790d00000) (1024K)]

Stack: [0x0000003790c00000,0x0000003790d00000]
Native frames: (J=compiled Java code, j=interpreted, Vv=VM code, C=native code)
V  [jvm.dll+0x6c9029]
V  [jvm.dll+0x854b81]
V  [jvm.dll+0x856e5e]
V  [jvm.dll+0x857543]
V  [jvm.dll+0x280c06]
V  [jvm.dll+0x6c5715]
V  [jvm.dll+0x6ba10a]
V  [jvm.dll+0x3557ea]
V  [jvm.dll+0x35d436]
V  [jvm.dll+0x3ae1be]
V  [jvm.dll+0x3ae468]
V  [jvm.dll+0x3291fc]
V  [jvm.dll+0x32baa6]
V  [jvm.dll+0x3359fe]
V  [jvm.dll+0x36bc65]
V  [jvm.dll+0x85d048]
V  [jvm.dll+0x85e144]
V  [jvm.dll+0x85e680]
V  [jvm.dll+0x85e923]
V  [jvm.dll+0x7fd728]
V  [jvm.dll+0x6c777d]
C  [ucrtbase.dll+0x21bb2]
C  [KERNEL32.DLL+0x17374]
C  [ntdll.dll+0x4cc91]

VM_Operation (0x00000037907ff850): G1PauseRemark, mode: safepoint, requested by thread 0x00000195b5f795b0


---------------  P R O C E S S  ---------------

Threads class SMR info:
_java_thread_list=0x00000196177fc110, length=15, elements={
0x00000195d0b968f0, 0x00000195d0b98360, 0x00000195d0b9a7f0, 0x00000195d0b9cd00,
0x00000195d0b9d760, 0x00000195d0ba36d0, 0x00000195d0bb0490, 0x00000195d0bb5960,
0x000001961605d580, 0x00000196160eebd0, 0x0000019616293a30, 0x00000196162987a0,
0x00000196162a0320, 0x0000019617709810, 0x00000195b5f3f7b0
}

Java Threads: ( => current thread )
  0x00000195d0b968f0 JavaThread "Reference Handler"          daemon [_thread_blocked, id=3596, stack(0x0000003790d00000,0x0000003790e00000) (1024K)]
  0x00000195d0b98360 JavaThread "Finalizer"                  daemon [_thread_blocked, id=11364, stack(0x0000003790e00000,0x0000003790f00000) (1024K)]
  0x00000195d0b9a7f0 JavaThread "Signal Dispatcher"          daemon [_thread_blocked, id=11740, stack(0x0000003790f00000,0x0000003791000000) (1024K)]
  0x00000195d0b9cd00 JavaThread "Attach Listener"            daemon [_thread_blocked, id=7788, stack(0x0000003791000000,0x0000003791100000) (1024K)]
  0x00000195d0b9d760 JavaThread "Service Thread"             daemon [_thread_blocked, id=12148, stack(0x0000003791100000,0x0000003791200000) (1024K)]
  0x00000195d0ba36d0 JavaThread "Monitor Deflation Thread"   daemon [_thread_blocked, id=1252, stack(0x0000003791200000,0x0000003791300000) (1024K)]
  0x00000195d0bb0490 JavaThread "C2 CompilerThread0"         daemon [_thread_blocked, id=1932, stack(0x0000003791300000,0x0000003791400000) (1024K)]
  0x00000195d0bb5960 JavaThread "C1 CompilerThread0"         daemon [_thread_blocked, id=3716, stack(0x0000003791400000,0x0000003791500000) (1024K)]
  0x000001961605d580 JavaThread "Common-Cleaner"             daemon [_thread_blocked, id=1484, stack(0x0000003791500000,0x0000003791600000) (1024K)]
  0x00000196160eebd0 JavaThread "Notification Thread"        daemon [_thread_blocked, id=6244, stack(0x0000003791600000,0x0000003791700000) (1024K)]
  0x0000019616293a30 JavaThread "Java2D Disposer"            daemon [_thread_blocked, id=1500, stack(0x0000003791700000,0x0000003791800000) (1024K)]
  0x00000196162987a0 JavaThread "AWT-Shutdown"                      [_thread_blocked, id=3104, stack(0x0000003791800000,0x0000003791900000) (1024K)]
  0x00000196162a0320 JavaThread "AWT-Windows"                daemon [_thread_in_native, id=6788, stack(0x0000003791900000,0x0000003791a00000) (1024K)]
  0x0000019617709810 JavaThread "AWT-EventQueue-0"                  [_thread_blocked, id=10556, stack(0x0000003791b00000,0x0000003791c00000) (1024K)]
  0x00000195b5f3f7b0 JavaThread "DestroyJavaVM"                     [_thread_blocked, id=5528, stack(0x0000003790500000,0x0000003790600000) (1024K)]
Total: 15

Other Threads:
=>0x00000195b5ff93d0 VMThread "VM Thread"                           [id=3140, stack(0x0000003790c00000,0x0000003790d00000) (1024K)]
  0x00000195b5fe34a0 WatcherThread "VM Periodic Task Thread"        [id=6456, stack(0x0000003790b00000,0x0000003790c00000) (1024K)]
  0x00000195b5f6f800 WorkerThread "GC Thread#0"                     [id=2420, stack(0x0000003790600000,0x0000003790700000) (1024K)]
  0x00000196163720a0 WorkerThread "GC Thread#1"                     [id=12404, stack(0x0000003791c00000,0x0000003791d00000) (1024K)]
  0x000001961762e550 WorkerThread "GC Thread#2"                     [id=1552, stack(0x0000003791d00000,0x0000003791e00000) (1024K)]
  0x000001961762e8f0 WorkerThread "GC Thread#3"                     [id=12876, stack(0x0000003791e00000,0x0000003791f00000) (1024K)]
  0x00000195b5f795b0 ConcurrentGCThread "G1 Main Marker"            [id=2224, stack(0x0000003790700000,0x0000003790800000) (1024K)]
  0x00000195b5f7a770 WorkerThread "G1 Conc#0"                       [id=10540, stack(0x0000003790800000,0x0000003790900000) (1024K)]
  0x00000195b5fd10f0 ConcurrentGCThread "G1 Refine#0"               [id=2036, stack(0x0000003790900000,0x0000003790a00000) (1024K)]
  0x00000195b5fd3a80 ConcurrentGCThread "G1 Service"                [id=9832, stack(0x0000003790a00000,0x0000003790b00000) (1024K)]
Total: 10

Threads with active compile tasks:
Total: 0

VM state: at safepoint (normal execution)

VM Mutex/Monitor currently owned by a thread:  ([mutex/lock_event])
[0x00007ffd5513a5f8] Threads_lock - owner thread: 0x00000195b5ff93d0
[0x00007ffd5513a6f8] Heap_lock - owner thread: 0x00000195b5f795b0

Heap address: 0x00000000c1800000, size: 1000 MB, Compressed Oops mode: 32-bit

CDS archive(s) mapped at: [0x00000195d1000000-0x00000195d1c90000-0x00000195d1c90000), size 13172736, SharedBaseAddress: 0x00000195d1000000, ArchiveRelocationMode: 1.
Compressed class space mapped at: 0x00000195d2000000-0x0000019612000000, reserved size: 1073741824
Narrow klass base: 0x00000195d1000000, Narrow klass shift: 0, Narrow klass range: 0x100000000

GC Precious Log:
 CardTable entry size: 512
 Card Set container configuration: InlinePtr #cards 5 size 8 Array Of Cards #cards 12 size 40 Howl #buckets 4 coarsen threshold 1843 Howl Bitmap #cards 512 size 80 coarsen threshold 460 Card regions per heap region 1 cards per card region 2048
 CPUs: 4 total, 4 available
 Memory: 3993M
 Large Page Support: Disabled
 NUMA Support: Disabled
 Compressed Oops: Enabled (32-bit)
 Heap Region Size: 1M
 Heap Min Capacity: 8M
 Heap Initial Capacity: 64M
 Heap Max Capacity: 1000M
 Pre-touch: Disabled
 Parallel Workers: 4
 Concurrent Workers: 1
 Concurrent Refinement Workers: 4
 Periodic GC: Disabled

Heap:
 garbage-first heap   total 317440K, used 210760K [0x00000000c1800000, 0x0000000100000000)
  region size 1024K, 2 young (2048K), 1 survivors (1024K)
 Metaspace       used 7320K, committed 7552K, reserved 1114112K
  class space    used 717K, committed 832K, reserved 1048576K

Heap Regions: E=young(eden), S=young(survivor), O=old, HS=humongous(starts), HC=humongous(continues), CS=collection set, F=free, TAMS=top-at-mark-start, PB=parsable bottom
|   0|0x00000000c1800000, 0x00000000c1900000, 0x00000000c1900000|100%| O|  |TAMS 0x00000000c1900000| PB 0x00000000c1900000| Untracked 
|   1|0x00000000c1900000, 0x00000000c1a00000, 0x00000000c1a00000|100%|HS|  |TAMS 0x00000000c1a00000| PB 0x00000000c1900000| Complete 
|   2|0x00000000c1a00000, 0x00000000c1b00000, 0x00000000c1b00000|100%|HC|  |TAMS 0x00000000c1b00000| PB 0x00000000c1a00000| Complete 
|   3|0x00000000c1b00000, 0x00000000c1c00000, 0x00000000c1c00000|100%|HC|  |TAMS 0x00000000c1c00000| PB 0x00000000c1b00000| Complete 
|   4|0x00000000c1c00000, 0x00000000c1d00000, 0x00000000c1d00000|100%|HC|  |TAMS 0x00000000c1d00000| PB 0x00000000c1c00000| Complete 
|   5|0x00000000c1d00000, 0x00000000c1e00000, 0x00000000c1e00000|100%|HC|  |TAMS 0x00000000c1e00000| PB 0x00000000c1d00000| Complete 
|   6|0x00000000c1e00000, 0x00000000c1f00000, 0x00000000c1f00000|100%|HC|  |TAMS 0x00000000c1f00000| PB 0x00000000c1e00000| Complete 
|   7|0x00000000c1f00000, 0x00000000c2000000, 0x00000000c2000000|100%|HC|  |TAMS 0x00000000c2000000| PB 0x00000000c1f00000| Complete 
|   8|0x00000000c2000000, 0x00000000c2100000, 0x00000000c2100000|100%|HC|  |TAMS 0x00000000c2100000| PB 0x00000000c2000000| Complete 
|   9|0x00000000c2100000, 0x00000000c2200000, 0x00000000c2200000|100%|HC|  |TAMS 0x00000000c2200000| PB 0x00000000c2100000| Complete 
|  10|0x00000000c2200000, 0x00000000c2300000, 0x00000000c2300000|100%|HC|  |TAMS 0x00000000c2300000| PB 0x00000000c2200000| Complete 
|  11|0x00000000c2300000, 0x00000000c2400000, 0x00000000c2400000|100%|HC|  |TAMS 0x00000000c2400000| PB 0x00000000c2300000| Complete 
|  12|0x00000000c2400000, 0x00000000c2500000, 0x00000000c2500000|100%|HC|  |TAMS 0x00000000c2500000| PB 0x00000000c2400000| Complete 
|  13|0x00000000c2500000, 0x00000000c2600000, 0x00000000c2600000|100%|HC|  |TAMS 0x00000000c2600000| PB 0x00000000c2500000| Complete 
|  14|0x00000000c2600000, 0x00000000c2700000, 0x00000000c2700000|100%|HC|  |TAMS 0x00000000c2700000| PB 0x00000000c2600000| Complete 
|  15|0x00000000c2700000, 0x00000000c2800000, 0x00000000c2800000|100%|HC|  |TAMS 0x00000000c2800000| PB 0x00000000c2700000| Complete 
|  16|0x00000000c2800000, 0x00000000c2900000, 0x00000000c2900000|100%|HC|  |TAMS 0x00000000c2900000| PB 0x00000000c2800000| Complete 
|  17|0x00000000c2900000, 0x00000000c2a00000, 0x00000000c2a00000|100%|HC|  |TAMS 0x00000000c2a00000| PB 0x00000000c2900000| Complete 
|  18|0x00000000c2a00000, 0x00000000c2b00000, 0x00000000c2b00000|100%|HC|  |TAMS 0x00000000c2b00000| PB 0x00000000c2a00000| Complete 
|  19|0x00000000c2b00000, 0x00000000c2c00000, 0x00000000c2c00000|100%|HC|  |TAMS 0x00000000c2c00000| PB 0x00000000c2b00000| Complete 
|  20|0x00000000c2c00000, 0x00000000c2d00000, 0x00000000c2d00000|100%|HC|  |TAMS 0x00000000c2d00000| PB 0x00000000c2c00000| Complete 
|  21|0x00000000c2d00000, 0x00000000c2e00000, 0x00000000c2e00000|100%|HC|  |TAMS 0x00000000c2e00000| PB 0x00000000c2d00000| Complete 
|  22|0x00000000c2e00000, 0x00000000c2f00000, 0x00000000c2f00000|100%|HC|  |TAMS 0x00000000c2f00000| PB 0x00000000c2e00000| Complete 
|  23|0x00000000c2f00000, 0x00000000c3000000, 0x00000000c3000000|100%|HC|  |TAMS 0x00000000c3000000| PB 0x00000000c2f00000| Complete 
|  24|0x00000000c3000000, 0x00000000c3100000, 0x00000000c3100000|100%|HC|  |TAMS 0x00000000c3100000| PB 0x00000000c3000000| Complete 
|  25|0x00000000c3100000, 0x00000000c3200000, 0x00000000c3200000|100%|HC|  |TAMS 0x00000000c3200000| PB 0x00000000c3100000| Complete 
|  26|0x00000000c3200000, 0x00000000c3300000, 0x00000000c3300000|100%|HC|  |TAMS 0x00000000c3300000| PB 0x00000000c3200000| Complete 
|  27|0x00000000c3300000, 0x00000000c3400000, 0x00000000c3400000|100%|HC|  |TAMS 0x00000000c3400000| PB 0x00000000c3300000| Complete 
|  28|0x00000000c3400000, 0x00000000c3500000, 0x00000000c3500000|100%|HC|  |TAMS 0x00000000c3500000| PB 0x00000000c3400000| Complete 
|  29|0x00000000c3500000, 0x00000000c3600000, 0x00000000c3600000|100%|HC|  |TAMS 0x00000000c3600000| PB 0x00000000c3500000| Complete 
|  30|0x00000000c3600000, 0x00000000c3700000, 0x00000000c3700000|100%|HC|  |TAMS 0x00000000c3700000| PB 0x00000000c3600000| Complete 
|  31|0x00000000c3700000, 0x00000000c3800000, 0x00000000c3800000|100%|HC|  |TAMS 0x00000000c3800000| PB 0x00000000c3700000| Complete 
|  32|0x00000000c3800000, 0x00000000c3900000, 0x00000000c3900000|100%|HC|  |TAMS 0x00000000c3900000| PB 0x00000000c3800000| Complete 
|  33|0x00000000c3900000, 0x00000000c3a00000, 0x00000000c3a00000|100%| O|  |TAMS 0x00000000c3a00000| PB 0x00000000c3a00000| Untracked 
|  34|0x00000000c3a00000, 0x00000000c3ac1888, 0x00000000c3b00000| 75%| O|  |TAMS 0x00000000c3ac1888| PB 0x00000000c3ac1888| Updating 
|  35|0x00000000c3b00000, 0x00000000c3c00000, 0x00000000c3c00000|100%|HS|  |TAMS 0x00000000c3c00000| PB 0x00000000c3b00000| Complete 
|  36|0x00000000c3c00000, 0x00000000c3d00000, 0x00000000c3d00000|100%|HC|  |TAMS 0x00000000c3d00000| PB 0x00000000c3c00000| Complete 
|  37|0x00000000c3d00000, 0x00000000c3e00000, 0x00000000c3e00000|100%|HC|  |TAMS 0x00000000c3e00000| PB 0x00000000c3d00000| Complete 
|  38|0x00000000c3e00000, 0x00000000c3f00000, 0x00000000c3f00000|100%|HS|  |TAMS 0x00000000c3f00000| PB 0x00000000c3e00000| Complete 
|  39|0x00000000c3f00000, 0x00000000c4000000, 0x00000000c4000000|100%|HC|  |TAMS 0x00000000c4000000| PB 0x00000000c3f00000| Complete 
|  40|0x00000000c4000000, 0x00000000c4100000, 0x00000000c4100000|100%|HC|  |TAMS 0x00000000c4100000| PB 0x00000000c4000000| Complete 
|  41|0x00000000c4100000, 0x00000000c4200000, 0x00000000c4200000|100%|HS|  |TAMS 0x00000000c4200000| PB 0x00000000c4100000| Complete 
|  42|0x00000000c4200000, 0x00000000c4300000, 0x00000000c4300000|100%|HC|  |TAMS 0x00000000c4300000| PB 0x00000000c4200000| Complete 
|  43|0x00000000c4300000, 0x00000000c4400000, 0x00000000c4400000|100%|HC|  |TAMS 0x00000000c4400000| PB 0x00000000c4300000| Complete 
|  44|0x00000000c4400000, 0x00000000c4500000, 0x00000000c4500000|100%|HS|  |TAMS 0x00000000c4500000| PB 0x00000000c4400000| Complete 
|  45|0x00000000c4500000, 0x00000000c4600000, 0x00000000c4600000|100%|HC|  |TAMS 0x00000000c4600000| PB 0x00000000c4500000| Complete 
|  46|0x00000000c4600000, 0x00000000c4700000, 0x00000000c4700000|100%|HC|  |TAMS 0x00000000c4700000| PB 0x00000000c4600000| Complete 
|  47|0x00000000c4700000, 0x00000000c4800000, 0x00000000c4800000|100%|HS|  |TAMS 0x00000000c4800000| PB 0x00000000c4700000| Complete 
|  48|0x00000000c4800000, 0x00000000c4900000, 0x00000000c4900000|100%|HC|  |TAMS 0x00000000c4900000| PB 0x00000000c4800000| Complete 
|  49|0x00000000c4900000, 0x00000000c4a00000, 0x00000000c4a00000|100%|HC|  |TAMS 0x00000000c4a00000| PB 0x00000000c4900000| Complete 
|  50|0x00000000c4a00000, 0x00000000c4b00000, 0x00000000c4b00000|100%|HS|  |TAMS 0x00000000c4b00000| PB 0x00000000c4a00000| Complete 
|  51|0x00000000c4b00000, 0x00000000c4c00000, 0x00000000c4c00000|100%|HC|  |TAMS 0x00000000c4c00000| PB 0x00000000c4b00000| Complete 
|  52|0x00000000c4c00000, 0x00000000c4d00000, 0x00000000c4d00000|100%|HC|  |TAMS 0x00000000c4d00000| PB 0x00000000c4c00000| Complete 
|  53|0x00000000c4d00000, 0x00000000c4e00000, 0x00000000c4e00000|100%|HS|  |TAMS 0x00000000c4e00000| PB 0x00000000c4d00000| Complete 
|  54|0x00000000c4e00000, 0x00000000c4f00000, 0x00000000c4f00000|100%|HC|  |TAMS 0x00000000c4f00000| PB 0x00000000c4e00000| Complete 
|  55|0x00000000c4f00000, 0x00000000c5000000, 0x00000000c5000000|100%|HC|  |TAMS 0x00000000c5000000| PB 0x00000000c4f00000| Complete 
|  56|0x00000000c5000000, 0x00000000c5100000, 0x00000000c5100000|100%|HS|  |TAMS 0x00000000c5100000| PB 0x00000000c5000000| Complete 
|  57|0x00000000c5100000, 0x00000000c5200000, 0x00000000c5200000|100%|HC|  |TAMS 0x00000000c5200000| PB 0x00000000c5100000| Complete 
|  58|0x00000000c5200000, 0x00000000c5300000, 0x00000000c5300000|100%|HC|  |TAMS 0x00000000c5300000| PB 0x00000000c5200000| Complete 
|  59|0x00000000c5300000, 0x00000000c5400000, 0x00000000c5400000|100%|HS|  |TAMS 0x00000000c5400000| PB 0x00000000c5300000| Complete 
|  60|0x00000000c5400000, 0x00000000c5500000, 0x00000000c5500000|100%|HC|  |TAMS 0x00000000c5500000| PB 0x00000000c5400000| Complete 
|  61|0x00000000c5500000, 0x00000000c5600000, 0x00000000c5600000|100%|HC|  |TAMS 0x00000000c5600000| PB 0x00000000c5500000| Complete 
|  62|0x00000000c5600000, 0x00000000c5700000, 0x00000000c5700000|100%|HC|  |TAMS 0x00000000c5700000| PB 0x00000000c5600000| Complete 
|  63|0x00000000c5700000, 0x00000000c5800000, 0x00000000c5800000|100%|HS|  |TAMS 0x00000000c5800000| PB 0x00000000c5700000| Complete 
|  64|0x00000000c5800000, 0x00000000c5900000, 0x00000000c5900000|100%|HC|  |TAMS 0x00000000c5900000| PB 0x00000000c5800000| Complete 
|  65|0x00000000c5900000, 0x00000000c5a00000, 0x00000000c5a00000|100%|HC|  |TAMS 0x00000000c5a00000| PB 0x00000000c5900000| Complete 
|  66|0x00000000c5a00000, 0x00000000c5b00000, 0x00000000c5b00000|100%|HS|  |TAMS 0x00000000c5b00000| PB 0x00000000c5a00000| Complete 
|  67|0x00000000c5b00000, 0x00000000c5c00000, 0x00000000c5c00000|100%|HC|  |TAMS 0x00000000c5c00000| PB 0x00000000c5b00000| Complete 
|  68|0x00000000c5c00000, 0x00000000c5d00000, 0x00000000c5d00000|100%|HC|  |TAMS 0x00000000c5d00000| PB 0x00000000c5c00000| Complete 
|  69|0x00000000c5d00000, 0x00000000c5e00000, 0x00000000c5e00000|100%|HS|  |TAMS 0x00000000c5e00000| PB 0x00000000c5d00000| Complete 
|  70|0x00000000c5e00000, 0x00000000c5f00000, 0x00000000c5f00000|100%|HC|  |TAMS 0x00000000c5f00000| PB 0x00000000c5e00000| Complete 
|  71|0x00000000c5f00000, 0x00000000c6000000, 0x00000000c6000000|100%|HC|  |TAMS 0x00000000c6000000| PB 0x00000000c5f00000| Complete 
|  72|0x00000000c6000000, 0x00000000c6100000, 0x00000000c6100000|100%|HS|  |TAMS 0x00000000c6100000| PB 0x00000000c6000000| Complete 
|  73|0x00000000c6100000, 0x00000000c6200000, 0x00000000c6200000|100%|HC|  |TAMS 0x00000000c6200000| PB 0x00000000c6100000| Complete 
|  74|0x00000000c6200000, 0x00000000c6300000, 0x00000000c6300000|100%|HC|  |TAMS 0x00000000c6300000| PB 0x00000000c6200000| Complete 
|  75|0x00000000c6300000, 0x00000000c6400000, 0x00000000c6400000|100%|HC|  |TAMS 0x00000000c6400000| PB 0x00000000c6300000| Complete 
|  76|0x00000000c6400000, 0x00000000c6500000, 0x00000000c6500000|100%|HS|  |TAMS 0x00000000c6500000| PB 0x00000000c6400000| Complete 
|  77|0x00000000c6500000, 0x00000000c6600000, 0x00000000c6600000|100%|HC|  |TAMS 0x00000000c6600000| PB 0x00000000c6500000| Complete 
|  78|0x00000000c6600000, 0x00000000c6700000, 0x00000000c6700000|100%|HC|  |TAMS 0x00000000c6700000| PB 0x00000000c6600000| Complete 
|  79|0x00000000c6700000, 0x00000000c6800000, 0x00000000c6800000|100%|HC|  |TAMS 0x00000000c6800000| PB 0x00000000c6700000| Complete 
|  80|0x00000000c6800000, 0x00000000c6900000, 0x00000000c6900000|100%|HS|  |TAMS 0x00000000c6900000| PB 0x00000000c6800000| Complete 
|  81|0x00000000c6900000, 0x00000000c6a00000, 0x00000000c6a00000|100%|HC|  |TAMS 0x00000000c6a00000| PB 0x00000000c6900000| Complete 
|  82|0x00000000c6a00000, 0x00000000c6b00000, 0x00000000c6b00000|100%|HC|  |TAMS 0x00000000c6b00000| PB 0x00000000c6a00000| Complete 
|  83|0x00000000c6b00000, 0x00000000c6c00000, 0x00000000c6c00000|100%|HC|  |TAMS 0x00000000c6c00000| PB 0x00000000c6b00000| Complete 
|  84|0x00000000c6c00000, 0x00000000c6d00000, 0x00000000c6d00000|100%|HS|  |TAMS 0x00000000c6d00000| PB 0x00000000c6c00000| Complete 
|  85|0x00000000c6d00000, 0x00000000c6e00000, 0x00000000c6e00000|100%|HC|  |TAMS 0x00000000c6e00000| PB 0x00000000c6d00000| Complete 
|  86|0x00000000c6e00000, 0x00000000c6f00000, 0x00000000c6f00000|100%|HC|  |TAMS 0x00000000c6f00000| PB 0x00000000c6e00000| Complete 
|  87|0x00000000c6f00000, 0x00000000c7000000, 0x00000000c7000000|100%|HC|  |TAMS 0x00000000c7000000| PB 0x00000000c6f00000| Complete 
|  88|0x00000000c7000000, 0x00000000c7100000, 0x00000000c7100000|100%|HS|  |TAMS 0x00000000c7100000| PB 0x00000000c7000000| Complete 
|  89|0x00000000c7100000, 0x00000000c7200000, 0x00000000c7200000|100%|HC|  |TAMS 0x00000000c7200000| PB 0x00000000c7100000| Complete 
|  90|0x00000000c7200000, 0x00000000c7300000, 0x00000000c7300000|100%|HC|  |TAMS 0x00000000c7300000| PB 0x00000000c7200000| Complete 
|  91|0x00000000c7300000, 0x00000000c7400000, 0x00000000c7400000|100%|HC|  |TAMS 0x00000000c7400000| PB 0x00000000c7300000| Complete 
|  92|0x00000000c7400000, 0x00000000c7500000, 0x00000000c7500000|100%|HS|  |TAMS 0x00000000c7500000| PB 0x00000000c7400000| Complete 
|  93|0x00000000c7500000, 0x00000000c7600000, 0x00000000c7600000|100%|HC|  |TAMS 0x00000000c7600000| PB 0x00000000c7500000| Complete 
|  94|0x00000000c7600000, 0x00000000c7700000, 0x00000000c7700000|100%|HC|  |TAMS 0x00000000c7700000| PB 0x00000000c7600000| Complete 
|  95|0x00000000c7700000, 0x00000000c7800000, 0x00000000c7800000|100%|HC|  |TAMS 0x00000000c7800000| PB 0x00000000c7700000| Complete 
|  96|0x00000000c7800000, 0x00000000c7900000, 0x00000000c7900000|100%|HS|  |TAMS 0x00000000c7900000| PB 0x00000000c7800000| Complete 
|  97|0x00000000c7900000, 0x00000000c7a00000, 0x00000000c7a00000|100%|HC|  |TAMS 0x00000000c7a00000| PB 0x00000000c7900000| Complete 
|  98|0x00000000c7a00000, 0x00000000c7b00000, 0x00000000c7b00000|100%|HC|  |TAMS 0x00000000c7b00000| PB 0x00000000c7a00000| Complete 
|  99|0x00000000c7b00000, 0x00000000c7c00000, 0x00000000c7c00000|100%|HC|  |TAMS 0x00000000c7c00000| PB 0x00000000c7b00000| Complete 
| 100|0x00000000c7c00000, 0x00000000c7d00000, 0x00000000c7d00000|100%|HS|  |TAMS 0x00000000c7d00000| PB 0x00000000c7c00000| Complete 
| 101|0x00000000c7d00000, 0x00000000c7e00000, 0x00000000c7e00000|100%|HC|  |TAMS 0x00000000c7e00000| PB 0x00000000c7d00000| Complete 
| 102|0x00000000c7e00000, 0x00000000c7f00000, 0x00000000c7f00000|100%|HC|  |TAMS 0x00000000c7f00000| PB 0x00000000c7e00000| Complete 
| 103|0x00000000c7f00000, 0x00000000c8000000, 0x00000000c8000000|100%|HC|  |TAMS 0x00000000c8000000| PB 0x00000000c7f00000| Complete 
| 104|0x00000000c8000000, 0x00000000c8100000, 0x00000000c8100000|100%|HS|  |TAMS 0x00000000c8100000| PB 0x00000000c8000000| Complete 
| 105|0x00000000c8100000, 0x00000000c8200000, 0x00000000c8200000|100%|HC|  |TAMS 0x00000000c8200000| PB 0x00000000c8100000| Complete 
| 106|0x00000000c8200000, 0x00000000c8300000, 0x00000000c8300000|100%|HC|  |TAMS 0x00000000c8300000| PB 0x00000000c8200000| Complete 
| 107|0x00000000c8300000, 0x00000000c8400000, 0x00000000c8400000|100%|HC|  |TAMS 0x00000000c8400000| PB 0x00000000c8300000| Complete 
| 108|0x00000000c8400000, 0x00000000c8500000, 0x00000000c8500000|100%|HS|  |TAMS 0x00000000c8500000| PB 0x00000000c8400000| Complete 
| 109|0x00000000c8500000, 0x00000000c8600000, 0x00000000c8600000|100%|HC|  |TAMS 0x00000000c8600000| PB 0x00000000c8500000| Complete 
| 110|0x00000000c8600000, 0x00000000c8700000, 0x00000000c8700000|100%|HC|  |TAMS 0x00000000c8700000| PB 0x00000000c8600000| Complete 
| 111|0x00000000c8700000, 0x00000000c8800000, 0x00000000c8800000|100%|HC|  |TAMS 0x00000000c8800000| PB 0x00000000c8700000| Complete 
| 112|0x00000000c8800000, 0x00000000c8900000, 0x00000000c8900000|100%|HS|  |TAMS 0x00000000c8900000| PB 0x00000000c8800000| Complete 
| 113|0x00000000c8900000, 0x00000000c8a00000, 0x00000000c8a00000|100%|HC|  |TAMS 0x00000000c8a00000| PB 0x00000000c8900000| Complete 
| 114|0x00000000c8a00000, 0x00000000c8b00000, 0x00000000c8b00000|100%|HC|  |TAMS 0x00000000c8b00000| PB 0x00000000c8a00000| Complete 
| 115|0x00000000c8b00000, 0x00000000c8c00000, 0x00000000c8c00000|100%|HC|  |TAMS 0x00000000c8c00000| PB 0x00000000c8b00000| Complete 
| 116|0x00000000c8c00000, 0x00000000c8d00000, 0x00000000c8d00000|100%|HS|  |TAMS 0x00000000c8d00000| PB 0x00000000c8c00000| Complete 
| 117|0x00000000c8d00000, 0x00000000c8e00000, 0x00000000c8e00000|100%|HC|  |TAMS 0x00000000c8e00000| PB 0x00000000c8d00000| Complete 
| 118|0x00000000c8e00000, 0x00000000c8f00000, 0x00000000c8f00000|100%|HC|  |TAMS 0x00000000c8f00000| PB 0x00000000c8e00000| Complete 
| 119|0x00000000c8f00000, 0x00000000c9000000, 0x00000000c9000000|100%|HC|  |TAMS 0x00000000c9000000| PB 0x00000000c8f00000| Complete 
| 120|0x00000000c9000000, 0x00000000c9100000, 0x00000000c9100000|100%|HS|  |TAMS 0x00000000c9100000| PB 0x00000000c9000000| Complete 
| 121|0x00000000c9100000, 0x00000000c9200000, 0x00000000c9200000|100%|HC|  |TAMS 0x00000000c9200000| PB 0x00000000c9100000| Complete 
| 122|0x00000000c9200000, 0x00000000c9300000, 0x00000000c9300000|100%|HC|  |TAMS 0x00000000c9300000| PB 0x00000000c9200000| Complete 
| 123|0x00000000c9300000, 0x00000000c9400000, 0x00000000c9400000|100%|HC|  |TAMS 0x00000000c9400000| PB 0x00000000c9300000| Complete 
| 124|0x00000000c9400000, 0x00000000c9500000, 0x00000000c9500000|100%|HS|  |TAMS 0x00000000c9500000| PB 0x00000000c9400000| Complete 
| 125|0x00000000c9500000, 0x00000000c9600000, 0x00000000c9600000|100%|HC|  |TAMS 0x00000000c9600000| PB 0x00000000c9500000| Complete 
| 126|0x00000000c9600000, 0x00000000c9700000, 0x00000000c9700000|100%|HC|  |TAMS 0x00000000c9700000| PB 0x00000000c9600000| Complete 
| 127|0x00000000c9700000, 0x00000000c9800000, 0x00000000c9800000|100%|HC|  |TAMS 0x00000000c9800000| PB 0x00000000c9700000| Complete 
| 128|0x00000000c9800000, 0x00000000c9900000, 0x00000000c9900000|100%|HS|  |TAMS 0x00000000c9900000| PB 0x00000000c9800000| Complete 
| 129|0x00000000c9900000, 0x00000000c9a00000, 0x00000000c9a00000|100%|HC|  |TAMS 0x00000000c9a00000| PB 0x00000000c9900000| Complete 
| 130|0x00000000c9a00000, 0x00000000c9b00000, 0x00000000c9b00000|100%|HC|  |TAMS 0x00000000c9b00000| PB 0x00000000c9a00000| Complete 
| 131|0x00000000c9b00000, 0x00000000c9c00000, 0x00000000c9c00000|100%|HC|  |TAMS 0x00000000c9c00000| PB 0x00000000c9b00000| Complete 
| 132|0x00000000c9c00000, 0x00000000c9d00000, 0x00000000c9d00000|100%|HS|  |TAMS 0x00000000c9d00000| PB 0x00000000c9c00000| Complete 
| 133|0x00000000c9d00000, 0x00000000c9e00000, 0x00000000c9e00000|100%|HC|  |TAMS 0x00000000c9e00000| PB 0x00000000c9d00000| Complete 
| 134|0x00000000c9e00000, 0x00000000c9f00000, 0x00000000c9f00000|100%|HC|  |TAMS 0x00000000c9f00000| PB 0x00000000c9e00000| Complete 
| 135|0x00000000c9f00000, 0x00000000ca000000, 0x00000000ca000000|100%|HC|  |TAMS 0x00000000ca000000| PB 0x00000000c9f00000| Complete 
| 136|0x00000000ca000000, 0x00000000ca100000, 0x00000000ca100000|100%|HS|  |TAMS 0x00000000ca100000| PB 0x00000000ca000000| Complete 
| 137|0x00000000ca100000, 0x00000000ca200000, 0x00000000ca200000|100%|HC|  |TAMS 0x00000000ca200000| PB 0x00000000ca100000| Complete 
| 138|0x00000000ca200000, 0x00000000ca300000, 0x00000000ca300000|100%|HC|  |TAMS 0x00000000ca300000| PB 0x00000000ca200000| Complete 
| 139|0x00000000ca300000, 0x00000000ca400000, 0x00000000ca400000|100%|HC|  |TAMS 0x00000000ca400000| PB 0x00000000ca300000| Complete 
| 140|0x00000000ca400000, 0x00000000ca500000, 0x00000000ca500000|100%|HS|  |TAMS 0x00000000ca500000| PB 0x00000000ca400000| Complete 
| 141|0x00000000ca500000, 0x00000000ca600000, 0x00000000ca600000|100%|HC|  |TAMS 0x00000000ca600000| PB 0x00000000ca500000| Complete 
| 142|0x00000000ca600000, 0x00000000ca700000, 0x00000000ca700000|100%|HC|  |TAMS 0x00000000ca700000| PB 0x00000000ca600000| Complete 
| 143|0x00000000ca700000, 0x00000000ca800000, 0x00000000ca800000|100%|HS|  |TAMS 0x00000000ca800000| PB 0x00000000ca700000| Complete 
| 144|0x00000000ca800000, 0x00000000ca900000, 0x00000000ca900000|100%|HC|  |TAMS 0x00000000ca900000| PB 0x00000000ca800000| Complete 
| 145|0x00000000ca900000, 0x00000000caa00000, 0x00000000caa00000|100%|HC|  |TAMS 0x00000000caa00000| PB 0x00000000ca900000| Complete 
| 146|0x00000000caa00000, 0x00000000cab00000, 0x00000000cab00000|100%|HS|  |TAMS 0x00000000cab00000| PB 0x00000000caa00000| Complete 
| 147|0x00000000cab00000, 0x00000000cac00000, 0x00000000cac00000|100%|HC|  |TAMS 0x00000000cac00000| PB 0x00000000cab00000| Complete 
| 148|0x00000000cac00000, 0x00000000cad00000, 0x00000000cad00000|100%|HS|  |TAMS 0x00000000cad00000| PB 0x00000000cac00000| Complete 
| 149|0x00000000cad00000, 0x00000000cae00000, 0x00000000cae00000|100%|HC|  |TAMS 0x00000000cae00000| PB 0x00000000cad00000| Complete 
| 150|0x00000000cae00000, 0x00000000caf00000, 0x00000000caf00000|100%|HC|  |TAMS 0x00000000caf00000| PB 0x00000000cae00000| Complete 
| 151|0x00000000caf00000, 0x00000000cb000000, 0x00000000cb000000|100%|HS|  |TAMS 0x00000000cb000000| PB 0x00000000caf00000| Complete 
| 152|0x00000000cb000000, 0x00000000cb100000, 0x00000000cb100000|100%|HC|  |TAMS 0x00000000cb100000| PB 0x00000000cb000000| Complete 
| 153|0x00000000cb100000, 0x00000000cb200000, 0x00000000cb200000|100%|HC|  |TAMS 0x00000000cb200000| PB 0x00000000cb100000| Complete 
| 154|0x00000000cb200000, 0x00000000cb300000, 0x00000000cb300000|100%|HS|  |TAMS 0x00000000cb300000| PB 0x00000000cb200000| Complete 
| 155|0x00000000cb300000, 0x00000000cb400000, 0x00000000cb400000|100%|HC|  |TAMS 0x00000000cb400000| PB 0x00000000cb300000| Complete 
| 156|0x00000000cb400000, 0x00000000cb500000, 0x00000000cb500000|100%|HS|  |TAMS 0x00000000cb500000| PB 0x00000000cb400000| Complete 
| 157|0x00000000cb500000, 0x00000000cb600000, 0x00000000cb600000|100%|HC|  |TAMS 0x00000000cb600000| PB 0x00000000cb500000| Complete 
| 158|0x00000000cb600000, 0x00000000cb700000, 0x00000000cb700000|100%|HC|  |TAMS 0x00000000cb700000| PB 0x00000000cb600000| Complete 
| 159|0x00000000cb700000, 0x00000000cb800000, 0x00000000cb800000|100%|HS|  |TAMS 0x00000000cb800000| PB 0x00000000cb700000| Complete 
| 160|0x00000000cb800000, 0x00000000cb900000, 0x00000000cb900000|100%|HC|  |TAMS 0x00000000cb900000| PB 0x00000000cb800000| Complete 
| 161|0x00000000cb900000, 0x00000000cba00000, 0x00000000cba00000|100%|HC|  |TAMS 0x00000000cba00000| PB 0x00000000cb900000| Complete 
| 162|0x00000000cba00000, 0x00000000cbb00000, 0x00000000cbb00000|100%|HS|  |TAMS 0x00000000cbb00000| PB 0x00000000cba00000| Complete 
| 163|0x00000000cbb00000, 0x00000000cbc00000, 0x00000000cbc00000|100%|HC|  |TAMS 0x00000000cbc00000| PB 0x00000000cbb00000| Complete 
| 164|0x00000000cbc00000, 0x00000000cbd00000, 0x00000000cbd00000|100%|HC|  |TAMS 0x00000000cbd00000| PB 0x00000000cbc00000| Complete 
| 165|0x00000000cbd00000, 0x00000000cbe00000, 0x00000000cbe00000|100%|HC|  |TAMS 0x00000000cbe00000| PB 0x00000000cbd00000| Complete 
| 166|0x00000000cbe00000, 0x00000000cbf00000, 0x00000000cbf00000|100%|HC|  |TAMS 0x00000000cbf00000| PB 0x00000000cbe00000| Complete 
| 167|0x00000000cbf00000, 0x00000000cc000000, 0x00000000cc000000|100%|HS|  |TAMS 0x00000000cc000000| PB 0x00000000cbf00000| Complete 
| 168|0x00000000cc000000, 0x00000000cc100000, 0x00000000cc100000|100%|HC|  |TAMS 0x00000000cc100000| PB 0x00000000cc000000| Complete 
| 169|0x00000000cc100000, 0x00000000cc200000, 0x00000000cc200000|100%|HC|  |TAMS 0x00000000cc200000| PB 0x00000000cc100000| Complete 
| 170|0x00000000cc200000, 0x00000000cc300000, 0x00000000cc300000|100%|HC|  |TAMS 0x00000000cc300000| PB 0x00000000cc200000| Complete 
| 171|0x00000000cc300000, 0x00000000cc400000, 0x00000000cc400000|100%|HC|  |TAMS 0x00000000cc400000| PB 0x00000000cc300000| Complete 
| 172|0x00000000cc400000, 0x00000000cc500000, 0x00000000cc500000|100%|HS|  |TAMS 0x00000000cc500000| PB 0x00000000cc400000| Complete 
| 173|0x00000000cc500000, 0x00000000cc600000, 0x00000000cc600000|100%|HC|  |TAMS 0x00000000cc600000| PB 0x00000000cc500000| Complete 
| 174|0x00000000cc600000, 0x00000000cc700000, 0x00000000cc700000|100%|HC|  |TAMS 0x00000000cc700000| PB 0x00000000cc600000| Complete 
| 175|0x00000000cc700000, 0x00000000cc800000, 0x00000000cc800000|100%|HC|  |TAMS 0x00000000cc800000| PB 0x00000000cc700000| Complete 
| 176|0x00000000cc800000, 0x00000000cc900000, 0x00000000cc900000|100%|HC|  |TAMS 0x00000000cc900000| PB 0x00000000cc800000| Complete 
| 177|0x00000000cc900000, 0x00000000cca00000, 0x00000000cca00000|100%|HC|  |TAMS 0x00000000cca00000| PB 0x00000000cc900000| Complete 
| 178|0x00000000cca00000, 0x00000000ccb00000, 0x00000000ccb00000|100%|HS|  |TAMS 0x00000000ccb00000| PB 0x00000000cca00000| Complete 
| 179|0x00000000ccb00000, 0x00000000ccc00000, 0x00000000ccc00000|100%|HC|  |TAMS 0x00000000ccc00000| PB 0x00000000ccb00000| Complete 
| 180|0x00000000ccc00000, 0x00000000ccd00000, 0x00000000ccd00000|100%|HC|  |TAMS 0x00000000ccd00000| PB 0x00000000ccc00000| Complete 
| 181|0x00000000ccd00000, 0x00000000cce00000, 0x00000000cce00000|100%|HC|  |TAMS 0x00000000cce00000| PB 0x00000000ccd00000| Complete 
| 182|0x00000000cce00000, 0x00000000ccf00000, 0x00000000ccf00000|100%|HC|  |TAMS 0x00000000ccf00000| PB 0x00000000cce00000| Complete 
| 183|0x00000000ccf00000, 0x00000000cd000000, 0x00000000cd000000|100%|HS|  |TAMS 0x00000000cd000000| PB 0x00000000ccf00000| Complete 
| 184|0x00000000cd000000, 0x00000000cd100000, 0x00000000cd100000|100%|HC|  |TAMS 0x00000000cd100000| PB 0x00000000cd000000| Complete 
| 185|0x00000000cd100000, 0x00000000cd200000, 0x00000000cd200000|100%|HC|  |TAMS 0x00000000cd200000| PB 0x00000000cd100000| Complete 
| 186|0x00000000cd200000, 0x00000000cd300000, 0x00000000cd300000|100%|HC|  |TAMS 0x00000000cd300000| PB 0x00000000cd200000| Complete 
| 187|0x00000000cd300000, 0x00000000cd400000, 0x00000000cd400000|100%|HC|  |TAMS 0x00000000cd400000| PB 0x00000000cd300000| Complete 
| 188|0x00000000cd400000, 0x00000000cd500000, 0x00000000cd500000|100%|HC|  |TAMS 0x00000000cd500000| PB 0x00000000cd400000| Complete 
| 189|0x00000000cd500000, 0x00000000cd600000, 0x00000000cd600000|100%|HS|  |TAMS 0x00000000cd500000| PB 0x00000000cd500000| Complete 
| 190|0x00000000cd600000, 0x00000000cd700000, 0x00000000cd700000|100%|HC|  |TAMS 0x00000000cd600000| PB 0x00000000cd600000| Complete 
| 191|0x00000000cd700000, 0x00000000cd800000, 0x00000000cd800000|100%|HC|  |TAMS 0x00000000cd700000| PB 0x00000000cd700000| Complete 
| 192|0x00000000cd800000, 0x00000000cd900000, 0x00000000cd900000|100%|HC|  |TAMS 0x00000000cd800000| PB 0x00000000cd800000| Complete 
| 193|0x00000000cd900000, 0x00000000cda00000, 0x00000000cda00000|100%|HC|  |TAMS 0x00000000cd900000| PB 0x00000000cd900000| Complete 
| 194|0x00000000cda00000, 0x00000000cdb00000, 0x00000000cdb00000|100%|HS|  |TAMS 0x00000000cda00000| PB 0x00000000cda00000| Complete 
| 195|0x00000000cdb00000, 0x00000000cdc00000, 0x00000000cdc00000|100%|HC|  |TAMS 0x00000000cdb00000| PB 0x00000000cdb00000| Complete 
| 196|0x00000000cdc00000, 0x00000000cdd00000, 0x00000000cdd00000|100%|HC|  |TAMS 0x00000000cdc00000| PB 0x00000000cdc00000| Complete 
| 197|0x00000000cdd00000, 0x00000000cde00000, 0x00000000cde00000|100%|HC|  |TAMS 0x00000000cdd00000| PB 0x00000000cdd00000| Complete 
| 198|0x00000000cde00000, 0x00000000cdf00000, 0x00000000cdf00000|100%|HC|  |TAMS 0x00000000cde00000| PB 0x00000000cde00000| Complete 
| 199|0x00000000cdf00000, 0x00000000ce000000, 0x00000000ce000000|100%|HC|  |TAMS 0x00000000cdf00000| PB 0x00000000cdf00000| Complete 
| 200|0x00000000ce000000, 0x00000000ce100000, 0x00000000ce100000|100%|HS|  |TAMS 0x00000000ce000000| PB 0x00000000ce000000| Complete 
| 201|0x00000000ce100000, 0x00000000ce200000, 0x00000000ce200000|100%|HC|  |TAMS 0x00000000ce100000| PB 0x00000000ce100000| Complete 
| 202|0x00000000ce200000, 0x00000000ce300000, 0x00000000ce300000|100%|HC|  |TAMS 0x00000000ce200000| PB 0x00000000ce200000| Complete 
| 203|0x00000000ce300000, 0x00000000ce400000, 0x00000000ce400000|100%|HC|  |TAMS 0x00000000ce300000| PB 0x00000000ce300000| Complete 
| 204|0x00000000ce400000, 0x00000000ce500000, 0x00000000ce500000|100%|HC|  |TAMS 0x00000000ce400000| PB 0x00000000ce400000| Complete 
| 205|0x00000000ce500000, 0x00000000ce600000, 0x00000000ce600000|100%|HC|  |TAMS 0x00000000ce500000| PB 0x00000000ce500000| Complete 
| 206|0x00000000ce600000, 0x00000000ce600000, 0x00000000ce700000|  0%| F|  |TAMS 0x00000000ce600000| PB 0x00000000ce600000| Untracked 
| 207|0x00000000ce700000, 0x00000000ce700000, 0x00000000ce800000|  0%| F|  |TAMS 0x00000000ce700000| PB 0x00000000ce700000| Untracked 
| 208|0x00000000ce800000, 0x00000000ce800000, 0x00000000ce900000|  0%| F|  |TAMS 0x00000000ce800000| PB 0x00000000ce800000| Untracked 
| 209|0x00000000ce900000, 0x00000000ce900000, 0x00000000cea00000|  0%| F|  |TAMS 0x00000000ce900000| PB 0x00000000ce900000| Untracked 
| 210|0x00000000cea00000, 0x00000000cea00000, 0x00000000ceb00000|  0%| F|  |TAMS 0x00000000cea00000| PB 0x00000000cea00000| Untracked 
| 211|0x00000000ceb00000, 0x00000000ceb00000, 0x00000000cec00000|  0%| F|  |TAMS 0x00000000ceb00000| PB 0x00000000ceb00000| Untracked 
| 212|0x00000000cec00000, 0x00000000cec00000, 0x00000000ced00000|  0%| F|  |TAMS 0x00000000cec00000| PB 0x00000000cec00000| Untracked 
| 213|0x00000000ced00000, 0x00000000ced00000, 0x00000000cee00000|  0%| F|  |TAMS 0x00000000ced00000| PB 0x00000000ced00000| Untracked 
| 214|0x00000000cee00000, 0x00000000cee00000, 0x00000000cef00000|  0%| F|  |TAMS 0x00000000cee00000| PB 0x00000000cee00000| Untracked 
| 215|0x00000000cef00000, 0x00000000cef00000, 0x00000000cf000000|  0%| F|  |TAMS 0x00000000cef00000| PB 0x00000000cef00000| Untracked 
| 216|0x00000000cf000000, 0x00000000cf000000, 0x00000000cf100000|  0%| F|  |TAMS 0x00000000cf000000| PB 0x00000000cf000000| Untracked 
| 217|0x00000000cf100000, 0x00000000cf100000, 0x00000000cf200000|  0%| F|  |TAMS 0x00000000cf100000| PB 0x00000000cf100000| Untracked 
| 218|0x00000000cf200000, 0x00000000cf200000, 0x00000000cf300000|  0%| F|  |TAMS 0x00000000cf200000| PB 0x00000000cf200000| Untracked 
| 219|0x00000000cf300000, 0x00000000cf300000, 0x00000000cf400000|  0%| F|  |TAMS 0x00000000cf300000| PB 0x00000000cf300000| Untracked 
| 220|0x00000000cf400000, 0x00000000cf400000, 0x00000000cf500000|  0%| F|  |TAMS 0x00000000cf400000| PB 0x00000000cf400000| Untracked 
| 221|0x00000000cf500000, 0x00000000cf500000, 0x00000000cf600000|  0%| F|  |TAMS 0x00000000cf500000| PB 0x00000000cf500000| Untracked 
| 222|0x00000000cf600000, 0x00000000cf600000, 0x00000000cf700000|  0%| F|  |TAMS 0x00000000cf600000| PB 0x00000000cf600000| Untracked 
| 223|0x00000000cf700000, 0x00000000cf700000, 0x00000000cf800000|  0%| F|  |TAMS 0x00000000cf700000| PB 0x00000000cf700000| Untracked 
| 224|0x00000000cf800000, 0x00000000cf800000, 0x00000000cf900000|  0%| F|  |TAMS 0x00000000cf800000| PB 0x00000000cf800000| Untracked 
| 225|0x00000000cf900000, 0x00000000cf900000, 0x00000000cfa00000|  0%| F|  |TAMS 0x00000000cf900000| PB 0x00000000cf900000| Untracked 
| 226|0x00000000cfa00000, 0x00000000cfa00000, 0x00000000cfb00000|  0%| F|  |TAMS 0x00000000cfa00000| PB 0x00000000cfa00000| Untracked 
| 227|0x00000000cfb00000, 0x00000000cfb00000, 0x00000000cfc00000|  0%| F|  |TAMS 0x00000000cfb00000| PB 0x00000000cfb00000| Untracked 
| 228|0x00000000cfc00000, 0x00000000cfc00000, 0x00000000cfd00000|  0%| F|  |TAMS 0x00000000cfc00000| PB 0x00000000cfc00000| Untracked 
| 229|0x00000000cfd00000, 0x00000000cfd00000, 0x00000000cfe00000|  0%| F|  |TAMS 0x00000000cfd00000| PB 0x00000000cfd00000| Untracked 
| 230|0x00000000cfe00000, 0x00000000cfe00000, 0x00000000cff00000|  0%| F|  |TAMS 0x00000000cfe00000| PB 0x00000000cfe00000| Untracked 
| 231|0x00000000cff00000, 0x00000000cff00000, 0x00000000d0000000|  0%| F|  |TAMS 0x00000000cff00000| PB 0x00000000cff00000| Untracked 
| 232|0x00000000d0000000, 0x00000000d0000000, 0x00000000d0100000|  0%| F|  |TAMS 0x00000000d0000000| PB 0x00000000d0000000| Untracked 
| 233|0x00000000d0100000, 0x00000000d0100000, 0x00000000d0200000|  0%| F|  |TAMS 0x00000000d0100000| PB 0x00000000d0100000| Untracked 
| 234|0x00000000d0200000, 0x00000000d0200000, 0x00000000d0300000|  0%| F|  |TAMS 0x00000000d0200000| PB 0x00000000d0200000| Untracked 
| 235|0x00000000d0300000, 0x00000000d0300000, 0x00000000d0400000|  0%| F|  |TAMS 0x00000000d0300000| PB 0x00000000d0300000| Untracked 
| 236|0x00000000d0400000, 0x00000000d0400000, 0x00000000d0500000|  0%| F|  |TAMS 0x00000000d0400000| PB 0x00000000d0400000| Untracked 
| 237|0x00000000d0500000, 0x00000000d0500000, 0x00000000d0600000|  0%| F|  |TAMS 0x00000000d0500000| PB 0x00000000d0500000| Untracked 
| 238|0x00000000d0600000, 0x00000000d0600000, 0x00000000d0700000|  0%| F|  |TAMS 0x00000000d0600000| PB 0x00000000d0600000| Untracked 
| 239|0x00000000d0700000, 0x00000000d0700000, 0x00000000d0800000|  0%| F|  |TAMS 0x00000000d0700000| PB 0x00000000d0700000| Untracked 
| 240|0x00000000d0800000, 0x00000000d0800000, 0x00000000d0900000|  0%| F|  |TAMS 0x00000000d0800000| PB 0x00000000d0800000| Untracked 
| 241|0x00000000d0900000, 0x00000000d0900000, 0x00000000d0a00000|  0%| F|  |TAMS 0x00000000d0900000| PB 0x00000000d0900000| Untracked 
| 242|0x00000000d0a00000, 0x00000000d0a00000, 0x00000000d0b00000|  0%| F|  |TAMS 0x00000000d0a00000| PB 0x00000000d0a00000| Untracked 
| 243|0x00000000d0b00000, 0x00000000d0b00000, 0x00000000d0c00000|  0%| F|  |TAMS 0x00000000d0b00000| PB 0x00000000d0b00000| Untracked 
| 244|0x00000000d0c00000, 0x00000000d0c00000, 0x00000000d0d00000|  0%| F|  |TAMS 0x00000000d0c00000| PB 0x00000000d0c00000| Untracked 
| 245|0x00000000d0d00000, 0x00000000d0d00000, 0x00000000d0e00000|  0%| F|  |TAMS 0x00000000d0d00000| PB 0x00000000d0d00000| Untracked 
| 246|0x00000000d0e00000, 0x00000000d0e00000, 0x00000000d0f00000|  0%| F|  |TAMS 0x00000000d0e00000| PB 0x00000000d0e00000| Untracked 
| 247|0x00000000d0f00000, 0x00000000d0f00000, 0x00000000d1000000|  0%| F|  |TAMS 0x00000000d0f00000| PB 0x00000000d0f00000| Untracked 
| 248|0x00000000d1000000, 0x00000000d1000000, 0x00000000d1100000|  0%| F|  |TAMS 0x00000000d1000000| PB 0x00000000d1000000| Untracked 
| 249|0x00000000d1100000, 0x00000000d1100000, 0x00000000d1200000|  0%| F|  |TAMS 0x00000000d1100000| PB 0x00000000d1100000| Untracked 
| 250|0x00000000d1200000, 0x00000000d1200000, 0x00000000d1300000|  0%| F|  |TAMS 0x00000000d1200000| PB 0x00000000d1200000| Untracked 
| 251|0x00000000d1300000, 0x00000000d1300000, 0x00000000d1400000|  0%| F|  |TAMS 0x00000000d1300000| PB 0x00000000d1300000| Untracked 
| 252|0x00000000d1400000, 0x00000000d1400000, 0x00000000d1500000|  0%| F|  |TAMS 0x00000000d1400000| PB 0x00000000d1400000| Untracked 
| 253|0x00000000d1500000, 0x00000000d1500000, 0x00000000d1600000|  0%| F|  |TAMS 0x00000000d1500000| PB 0x00000000d1500000| Untracked 
| 254|0x00000000d1600000, 0x00000000d1600000, 0x00000000d1700000|  0%| F|  |TAMS 0x00000000d1600000| PB 0x00000000d1600000| Untracked 
| 255|0x00000000d1700000, 0x00000000d1700000, 0x00000000d1800000|  0%| F|  |TAMS 0x00000000d1700000| PB 0x00000000d1700000| Untracked 
| 256|0x00000000d1800000, 0x00000000d1800000, 0x00000000d1900000|  0%| F|  |TAMS 0x00000000d1800000| PB 0x00000000d1800000| Untracked 
| 257|0x00000000d1900000, 0x00000000d1900000, 0x00000000d1a00000|  0%| F|  |TAMS 0x00000000d1900000| PB 0x00000000d1900000| Untracked 
| 258|0x00000000d1a00000, 0x00000000d1a00000, 0x00000000d1b00000|  0%| F|  |TAMS 0x00000000d1a00000| PB 0x00000000d1a00000| Untracked 
| 259|0x00000000d1b00000, 0x00000000d1b00000, 0x00000000d1c00000|  0%| F|  |TAMS 0x00000000d1b00000| PB 0x00000000d1b00000| Untracked 
| 260|0x00000000d1c00000, 0x00000000d1c00000, 0x00000000d1d00000|  0%| F|  |TAMS 0x00000000d1c00000| PB 0x00000000d1c00000| Untracked 
| 261|0x00000000d1d00000, 0x00000000d1d00000, 0x00000000d1e00000|  0%| F|  |TAMS 0x00000000d1d00000| PB 0x00000000d1d00000| Untracked 
| 262|0x00000000d1e00000, 0x00000000d1e00000, 0x00000000d1f00000|  0%| F|  |TAMS 0x00000000d1e00000| PB 0x00000000d1e00000| Untracked 
| 263|0x00000000d1f00000, 0x00000000d1f00000, 0x00000000d2000000|  0%| F|  |TAMS 0x00000000d1f00000| PB 0x00000000d1f00000| Untracked 
| 264|0x00000000d2000000, 0x00000000d2000000, 0x00000000d2100000|  0%| F|  |TAMS 0x00000000d2000000| PB 0x00000000d2000000| Untracked 
| 265|0x00000000d2100000, 0x00000000d2100000, 0x00000000d2200000|  0%| F|  |TAMS 0x00000000d2100000| PB 0x00000000d2100000| Untracked 
| 266|0x00000000d2200000, 0x00000000d2200000, 0x00000000d2300000|  0%| F|  |TAMS 0x00000000d2200000| PB 0x00000000d2200000| Untracked 
| 267|0x00000000d2300000, 0x00000000d2300000, 0x00000000d2400000|  0%| F|  |TAMS 0x00000000d2300000| PB 0x00000000d2300000| Untracked 
| 268|0x00000000d2400000, 0x00000000d2400000, 0x00000000d2500000|  0%| F|  |TAMS 0x00000000d2400000| PB 0x00000000d2400000| Untracked 
| 269|0x00000000d2500000, 0x00000000d2500000, 0x00000000d2600000|  0%| F|  |TAMS 0x00000000d2500000| PB 0x00000000d2500000| Untracked 
| 270|0x00000000d2600000, 0x00000000d2600000, 0x00000000d2700000|  0%| F|  |TAMS 0x00000000d2600000| PB 0x00000000d2600000| Untracked 
| 271|0x00000000d2700000, 0x00000000d2700000, 0x00000000d2800000|  0%| F|  |TAMS 0x00000000d2700000| PB 0x00000000d2700000| Untracked 
| 272|0x00000000d2800000, 0x00000000d2800000, 0x00000000d2900000|  0%| F|  |TAMS 0x00000000d2800000| PB 0x00000000d2800000| Untracked 
| 273|0x00000000d2900000, 0x00000000d2900000, 0x00000000d2a00000|  0%| F|  |TAMS 0x00000000d2900000| PB 0x00000000d2900000| Untracked 
| 274|0x00000000d2a00000, 0x00000000d2a00000, 0x00000000d2b00000|  0%| F|  |TAMS 0x00000000d2a00000| PB 0x00000000d2a00000| Untracked 
| 275|0x00000000d2b00000, 0x00000000d2b00000, 0x00000000d2c00000|  0%| F|  |TAMS 0x00000000d2b00000| PB 0x00000000d2b00000| Untracked 
| 276|0x00000000d2c00000, 0x00000000d2c00000, 0x00000000d2d00000|  0%| F|  |TAMS 0x00000000d2c00000| PB 0x00000000d2c00000| Untracked 
| 277|0x00000000d2d00000, 0x00000000d2d00000, 0x00000000d2e00000|  0%| F|  |TAMS 0x00000000d2d00000| PB 0x00000000d2d00000| Untracked 
| 278|0x00000000d2e00000, 0x00000000d2e00000, 0x00000000d2f00000|  0%| F|  |TAMS 0x00000000d2e00000| PB 0x00000000d2e00000| Untracked 
| 279|0x00000000d2f00000, 0x00000000d2f00000, 0x00000000d3000000|  0%| F|  |TAMS 0x00000000d2f00000| PB 0x00000000d2f00000| Untracked 
| 280|0x00000000d3000000, 0x00000000d3000000, 0x00000000d3100000|  0%| F|  |TAMS 0x00000000d3000000| PB 0x00000000d3000000| Untracked 
| 281|0x00000000d3100000, 0x00000000d3100000, 0x00000000d3200000|  0%| F|  |TAMS 0x00000000d3100000| PB 0x00000000d3100000| Untracked 
| 282|0x00000000d3200000, 0x00000000d3200000, 0x00000000d3300000|  0%| F|  |TAMS 0x00000000d3200000| PB 0x00000000d3200000| Untracked 
| 283|0x00000000d3300000, 0x00000000d3300000, 0x00000000d3400000|  0%| F|  |TAMS 0x00000000d3300000| PB 0x00000000d3300000| Untracked 
| 284|0x00000000d3400000, 0x00000000d3400000, 0x00000000d3500000|  0%| F|  |TAMS 0x00000000d3400000| PB 0x00000000d3400000| Untracked 
| 285|0x00000000d3500000, 0x00000000d3500000, 0x00000000d3600000|  0%| F|  |TAMS 0x00000000d3500000| PB 0x00000000d3500000| Untracked 
| 286|0x00000000d3600000, 0x00000000d3600000, 0x00000000d3700000|  0%| F|  |TAMS 0x00000000d3600000| PB 0x00000000d3600000| Untracked 
| 287|0x00000000d3700000, 0x00000000d3700000, 0x00000000d3800000|  0%| F|  |TAMS 0x00000000d3700000| PB 0x00000000d3700000| Untracked 
| 288|0x00000000d3800000, 0x00000000d3800000, 0x00000000d3900000|  0%| F|  |TAMS 0x00000000d3800000| PB 0x00000000d3800000| Untracked 
| 289|0x00000000d3900000, 0x00000000d3900000, 0x00000000d3a00000|  0%| F|  |TAMS 0x00000000d3900000| PB 0x00000000d3900000| Untracked 
| 290|0x00000000d3a00000, 0x00000000d3a00000, 0x00000000d3b00000|  0%| F|  |TAMS 0x00000000d3a00000| PB 0x00000000d3a00000| Untracked 
| 291|0x00000000d3b00000, 0x00000000d3b00000, 0x00000000d3c00000|  0%| F|  |TAMS 0x00000000d3b00000| PB 0x00000000d3b00000| Untracked 
| 292|0x00000000d3c00000, 0x00000000d3c00000, 0x00000000d3d00000|  0%| F|  |TAMS 0x00000000d3c00000| PB 0x00000000d3c00000| Untracked 
| 293|0x00000000d3d00000, 0x00000000d3d00000, 0x00000000d3e00000|  0%| F|  |TAMS 0x00000000d3d00000| PB 0x00000000d3d00000| Untracked 
| 294|0x00000000d3e00000, 0x00000000d3e00000, 0x00000000d3f00000|  0%| F|  |TAMS 0x00000000d3e00000| PB 0x00000000d3e00000| Untracked 
| 295|0x00000000d3f00000, 0x00000000d3f00000, 0x00000000d4000000|  0%| F|  |TAMS 0x00000000d3f00000| PB 0x00000000d3f00000| Untracked 
| 296|0x00000000d4000000, 0x00000000d4000000, 0x00000000d4100000|  0%| F|  |TAMS 0x00000000d4000000| PB 0x00000000d4000000| Untracked 
| 297|0x00000000d4100000, 0x00000000d4100000, 0x00000000d4200000|  0%| F|  |TAMS 0x00000000d4100000| PB 0x00000000d4100000| Untracked 
| 298|0x00000000d4200000, 0x00000000d4200000, 0x00000000d4300000|  0%| F|  |TAMS 0x00000000d4200000| PB 0x00000000d4200000| Untracked 
| 299|0x00000000d4300000, 0x00000000d4300000, 0x00000000d4400000|  0%| F|  |TAMS 0x00000000d4300000| PB 0x00000000d4300000| Untracked 
| 300|0x00000000d4400000, 0x00000000d4400000, 0x00000000d4500000|  0%| F|  |TAMS 0x00000000d4400000| PB 0x00000000d4400000| Untracked 
| 301|0x00000000d4500000, 0x00000000d4500000, 0x00000000d4600000|  0%| F|  |TAMS 0x00000000d4500000| PB 0x00000000d4500000| Untracked 
| 302|0x00000000d4600000, 0x00000000d4600000, 0x00000000d4700000|  0%| F|  |TAMS 0x00000000d4600000| PB 0x00000000d4600000| Untracked 
| 303|0x00000000d4700000, 0x00000000d4700000, 0x00000000d4800000|  0%| F|  |TAMS 0x00000000d4700000| PB 0x00000000d4700000| Untracked 
| 304|0x00000000d4800000, 0x00000000d4800000, 0x00000000d4900000|  0%| F|  |TAMS 0x00000000d4800000| PB 0x00000000d4800000| Untracked 
| 305|0x00000000d4900000, 0x00000000d4900000, 0x00000000d4a00000|  0%| F|  |TAMS 0x00000000d4900000| PB 0x00000000d4900000| Untracked 
| 306|0x00000000d4a00000, 0x00000000d4a10910, 0x00000000d4b00000|  6%| S|CS|TAMS 0x00000000d4a00000| PB 0x00000000d4a00000| Complete 
| 307|0x00000000d4b00000, 0x00000000d4b00000, 0x00000000d4c00000|  0%| F|  |TAMS 0x00000000d4b00000| PB 0x00000000d4b00000| Untracked 
| 308|0x00000000d4c00000, 0x00000000d4c00000, 0x00000000d4d00000|  0%| F|  |TAMS 0x00000000d4c00000| PB 0x00000000d4c00000| Untracked 
| 309|0x00000000d4d00000, 0x00000000d4e00000, 0x00000000d4e00000|100%| E|  |TAMS 0x00000000d4d00000| PB 0x00000000d4d00000| Complete 

Card table byte_map: [0x00000195cd590000,0x00000195cd790000] _byte_map_base: 0x00000195ccf84000

Marking Bits: (CMBitMap*) 0x00000195b5f70e20
 Bits: [0x00000195cd790000, 0x00000195ce730000)

Polling page: 0x00000195b5700000

Metaspace:

Usage:
  Non-class:      6.45 MB used.
      Class:    717.19 KB used.
       Both:      7.15 MB used.

Virtual space:
  Non-class space:       64.00 MB reserved,       6.56 MB ( 10%) committed,  1 nodes.
      Class space:        1.00 GB reserved,     832.00 KB ( <1%) committed,  1 nodes.
             Both:        1.06 GB reserved,       7.38 MB ( <1%) committed. 

Chunk freelists:
   Non-Class:  9.06 MB
       Class:  15.26 MB
        Both:  24.32 MB

MaxMetaspaceSize: unlimited
CompressedClassSpaceSize: 1.00 GB
Initial GC threshold: 21.00 MB
Current GC threshold: 21.00 MB
CDS: on
 - commit_granule_bytes: 65536.
 - commit_granule_words: 8192.
 - virtual_space_node_default_size: 8388608.
 - enlarge_chunks_in_place: 1.
 - use_allocation_guard: 0.


Internal statistics:

num_allocs_failed_limit: 0.
num_arena_births: 152.
num_arena_deaths: 60.
num_vsnodes_births: 2.
num_vsnodes_deaths: 0.
num_space_committed: 118.
num_space_uncommitted: 0.
num_chunks_returned_to_freelist: 75.
num_chunks_taken_from_freelist: 189.
num_chunk_merges: 13.
num_chunk_splits: 111.
num_chunks_enlarged: 43.
num_inconsistent_stats: 0.

CodeHeap 'non-profiled nmethods': size=120000Kb used=311Kb max_used=421Kb free=119688Kb
 bounds [0x00000195c5e60000, 0x00000195c60d0000, 0x00000195cd390000]
CodeHeap 'profiled nmethods': size=120000Kb used=1741Kb max_used=2423Kb free=118258Kb
 bounds [0x00000195be390000, 0x00000195be600000, 0x00000195c58c0000]
CodeHeap 'non-nmethods': size=5760Kb used=1528Kb max_used=1547Kb free=4231Kb
 bounds [0x00000195c58c0000, 0x00000195c5b30000, 0x00000195c5e60000]
 total_blobs=1561 nmethods=960 adapters=505
 compilation: enabled
              stopped_count=0, restarted_count=0
 full_count=0

Compilation events (20 events):
Event: 5529.953 Thread 0x00000195d0bb5960 nmethod 1487 0x00000195be3b7d10 code [0x00000195be3b7ec0, 0x00000195be3b8130]
Event: 5529.953 Thread 0x00000195d0bb5960 1488       3       java.lang.Long::numberOfTrailingZeros (26 bytes)
Event: 5529.953 Thread 0x00000195d0bb5960 nmethod 1488 0x00000195be426710 code [0x00000195be4268e0, 0x00000195be426aa0]
Event: 5529.953 Thread 0x00000195d0bb5960 1489       3       jdk.internal.misc.Unsafe::getIntUnaligned (83 bytes)
Event: 5529.954 Thread 0x00000195d0bb5960 nmethod 1489 0x00000195be3c5690 code [0x00000195be3c5880, 0x00000195be3c5d38]
Event: 5529.958 Thread 0x00000195d0bb5960 1492       3       java.util.HashMap::putVal (300 bytes)
Event: 5529.960 Thread 0x00000195d0bb5960 nmethod 1492 0x00000195be3b1f10 code [0x00000195be3b21e0, 0x00000195be3b3438]
Event: 5529.964 Thread 0x00000195d0bb0490 nmethod 1476 0x00000195c5ea3c90 code [0x00000195c5ea3ea0, 0x00000195c5ea4930]
Event: 5529.965 Thread 0x00000195d0bb0490 1484       4       java.lang.String::coder (15 bytes)
Event: 5529.965 Thread 0x00000195d0bb0490 nmethod 1484 0x00000195c5e72090 code [0x00000195c5e72220, 0x00000195c5e722b0]
Event: 5529.965 Thread 0x00000195d0bb0490 1490       4       java.util.HashMap::afterNodeInsertion (1 bytes)
Event: 5529.965 Thread 0x00000195d0bb0490 nmethod 1490 0x00000195c5e73a10 code [0x00000195c5e73ba0, 0x00000195c5e73c28]
Event: 5529.965 Thread 0x00000195d0bb0490 1491       4       java.util.HashMap$Node::<init> (26 bytes)
Event: 5529.969 Thread 0x00000195d0bb0490 nmethod 1491 0x00000195c5e99310 code [0x00000195c5e994a0, 0x00000195c5e99800]
Event: 5529.969 Thread 0x00000195d0bb0490 1483       4       java.lang.StringLatin1::getChar (9 bytes)
Event: 5529.970 Thread 0x00000195d0bb0490 nmethod 1483 0x00000195c5e78210 code [0x00000195c5e783a0, 0x00000195c5e78450]
Event: 5530.179 Thread 0x00000195d0bb0490 1493       4       java.lang.StringLatin1::canEncode (13 bytes)
Event: 5530.180 Thread 0x00000195d0bb0490 nmethod 1493 0x00000195c5e78810 code [0x00000195c5e78980, 0x00000195c5e789f0]
Event: 5530.230 Thread 0x00000195d0bb5960 1494       3       java.awt.geom.AffineTransform::equals (104 bytes)
Event: 5530.232 Thread 0x00000195d0bb5960 nmethod 1494 0x00000195be404b10 code [0x00000195be404dc0, 0x00000195be4064d8]

GC Heap History (20 events):
Event: 3.093 GC heap before
{Heap before GC invocations=21 (full 0):
 garbage-first heap   total 164864K, used 73473K [0x00000000c1800000, 0x0000000100000000)
  region size 1024K, 3 young (3072K), 1 survivors (1024K)
 Metaspace       used 7212K, committed 7424K, reserved 1114112K
  class space    used 728K, committed 832K, reserved 1048576K
}
Event: 3.093 GC heap after
{Heap after GC invocations=22 (full 0):
 garbage-first heap   total 164864K, used 70392K [0x00000000c1800000, 0x0000000100000000)
  region size 1024K, 1 young (1024K), 1 survivors (1024K)
 Metaspace       used 7212K, committed 7424K, reserved 1114112K
  class space    used 728K, committed 832K, reserved 1048576K
}
Event: 3.108 GC heap before
{Heap before GC invocations=22 (full 0):
 garbage-first heap   total 164864K, used 74488K [0x00000000c1800000, 0x0000000100000000)
  region size 1024K, 3 young (3072K), 1 survivors (1024K)
 Metaspace       used 7246K, committed 7424K, reserved 1114112K
  class space    used 728K, committed 832K, reserved 1048576K
}
Event: 3.109 GC heap after
{Heap after GC invocations=23 (full 0):
 garbage-first heap   total 164864K, used 44808K [0x00000000c1800000, 0x0000000100000000)
  region size 1024K, 1 young (1024K), 1 survivors (1024K)
 Metaspace       used 7246K, committed 7424K, reserved 1114112K
  class space    used 728K, committed 832K, reserved 1048576K
}
Event: 3.290 GC heap before
{Heap before GC invocations=23 (full 0):
 garbage-first heap   total 164864K, used 73480K [0x00000000c1800000, 0x0000000100000000)
  region size 1024K, 3 young (3072K), 1 survivors (1024K)
 Metaspace       used 7266K, committed 7424K, reserved 1114112K
  class space    used 728K, committed 832K, reserved 1048576K
}
Event: 3.292 GC heap after
{Heap after GC invocations=24 (full 0):
 garbage-first heap   total 164864K, used 69400K [0x00000000c1800000, 0x0000000100000000)
  region size 1024K, 1 young (1024K), 1 survivors (1024K)
 Metaspace       used 7266K, committed 7424K, reserved 1114112K
  class space    used 728K, committed 832K, reserved 1048576K
}
Event: 3.305 GC heap before
{Heap before GC invocations=24 (full 0):
 garbage-first heap   total 164864K, used 73496K [0x00000000c1800000, 0x0000000100000000)
  region size 1024K, 3 young (3072K), 1 survivors (1024K)
 Metaspace       used 7267K, committed 7424K, reserved 1114112K
  class space    used 728K, committed 832K, reserved 1048576K
}
Event: 3.307 GC heap after
{Heap after GC invocations=25 (full 0):
 garbage-first heap   total 164864K, used 44848K [0x00000000c1800000, 0x0000000100000000)
  region size 1024K, 1 young (1024K), 1 survivors (1024K)
 Metaspace       used 7267K, committed 7424K, reserved 1114112K
  class space    used 728K, committed 832K, reserved 1048576K
}
Event: 3.499 GC heap before
{Heap before GC invocations=25 (full 0):
 garbage-first heap   total 164864K, used 75568K [0x00000000c1800000, 0x0000000100000000)
  region size 1024K, 3 young (3072K), 1 survivors (1024K)
 Metaspace       used 7274K, committed 7488K, reserved 1114112K
  class space    used 728K, committed 832K, reserved 1048576K
}
Event: 3.503 GC heap after
{Heap after GC invocations=26 (full 0):
 garbage-first heap   total 317440K, used 71440K [0x00000000c1800000, 0x0000000100000000)
  region size 1024K, 1 young (1024K), 1 survivors (1024K)
 Metaspace       used 7274K, committed 7488K, reserved 1114112K
  class space    used 728K, committed 832K, reserved 1048576K
}
Event: 5526.020 GC heap before
{Heap before GC invocations=26 (full 0):
 garbage-first heap   total 317440K, used 143120K [0x00000000c1800000, 0x0000000100000000)
  region size 1024K, 4 young (4096K), 1 survivors (1024K)
 Metaspace       used 7371K, committed 7552K, reserved 1114112K
  class space    used 731K, committed 832K, reserved 1048576K
}
Event: 5526.093 GC heap after
{Heap after GC invocations=27 (full 0):
 garbage-first heap   total 317440K, used 112428K [0x00000000c1800000, 0x0000000100000000)
  region size 1024K, 1 young (1024K), 1 survivors (1024K)
 Metaspace       used 7371K, committed 7552K, reserved 1114112K
  class space    used 731K, committed 832K, reserved 1048576K
}
Event: 5529.653 GC heap before
{Heap before GC invocations=27 (full 0):
 garbage-first heap   total 317440K, used 144172K [0x00000000c1800000, 0x0000000100000000)
  region size 1024K, 3 young (3072K), 1 survivors (1024K)
 Metaspace       used 7371K, committed 7552K, reserved 1114112K
  class space    used 731K, committed 832K, reserved 1048576K
}
Event: 5529.654 GC heap after
{Heap after GC invocations=28 (full 0):
 garbage-first heap   total 317440K, used 143150K [0x00000000c1800000, 0x0000000100000000)
  region size 1024K, 1 young (1024K), 1 survivors (1024K)
 Metaspace       used 7371K, committed 7552K, reserved 1114112K
  class space    used 731K, committed 832K, reserved 1048576K
}
Event: 5529.885 GC heap before
{Heap before GC invocations=29 (full 0):
 garbage-first heap   total 317440K, used 154414K [0x00000000c1800000, 0x0000000100000000)
  region size 1024K, 2 young (2048K), 1 survivors (1024K)
 Metaspace       used 7319K, committed 7552K, reserved 1114112K
  class space    used 716K, committed 832K, reserved 1048576K
}
Event: 5529.886 GC heap after
{Heap after GC invocations=30 (full 0):
 garbage-first heap   total 317440K, used 154416K [0x00000000c1800000, 0x0000000100000000)
  region size 1024K, 1 young (1024K), 1 survivors (1024K)
 Metaspace       used 7319K, committed 7552K, reserved 1114112K
  class space    used 716K, committed 832K, reserved 1048576K
}
Event: 5530.203 GC heap before
{Heap before GC invocations=31 (full 0):
 garbage-first heap   total 317440K, used 165680K [0x00000000c1800000, 0x0000000100000000)
  region size 1024K, 2 young (2048K), 1 survivors (1024K)
 Metaspace       used 7320K, committed 7552K, reserved 1114112K
  class space    used 717K, committed 832K, reserved 1048576K
}
Event: 5530.204 GC heap after
{Heap after GC invocations=32 (full 0):
 garbage-first heap   total 317440K, used 165710K [0x00000000c1800000, 0x0000000100000000)
  region size 1024K, 1 young (1024K), 1 survivors (1024K)
 Metaspace       used 7320K, committed 7552K, reserved 1114112K
  class space    used 717K, committed 832K, reserved 1048576K
}
Event: 5530.230 GC heap before
{Heap before GC invocations=33 (full 0):
 garbage-first heap   total 317440K, used 194382K [0x00000000c1800000, 0x0000000100000000)
  region size 1024K, 3 young (3072K), 1 survivors (1024K)
 Metaspace       used 7320K, committed 7552K, reserved 1114112K
  class space    used 717K, committed 832K, reserved 1048576K
}
Event: 5530.230 GC heap after
{Heap after GC invocations=34 (full 0):
 garbage-first heap   total 317440K, used 193352K [0x00000000c1800000, 0x0000000100000000)
  region size 1024K, 1 young (1024K), 1 survivors (1024K)
 Metaspace       used 7320K, committed 7552K, reserved 1114112K
  class space    used 717K, committed 832K, reserved 1048576K
}

Dll operation events (10 events):
Event: 0.009 Loaded shared library C:\Program Files\Java\jdk-21\bin\java.dll
Event: 0.043 Loaded shared library C:\Program Files\Java\jdk-21\bin\jsvml.dll
Event: 0.077 Loaded shared library C:\Program Files\Java\jdk-21\bin\net.dll
Event: 0.079 Loaded shared library C:\Program Files\Java\jdk-21\bin\nio.dll
Event: 0.109 Loaded shared library C:\Program Files\Java\jdk-21\bin\jimage.dll
Event: 0.123 Loaded shared library C:\Program Files\Java\jdk-21\bin\awt.dll
Event: 0.276 Loaded shared library C:\Program Files\Java\jdk-21\bin\zip.dll
Event: 0.337 Loaded shared library C:\Program Files\Java\jdk-21\bin\javajpeg.dll
Event: 0.813 Loaded shared library C:\Program Files\Java\jdk-21\bin\freetype.dll
Event: 0.814 Loaded shared library C:\Program Files\Java\jdk-21\bin\fontmanager.dll

Deoptimization events (20 events):
Event: 0.821 Thread 0x00000195b5f3f7b0 Uncommon trap: trap_request=0xffffff45 fr.pc=0x00000195c5e8ff20 relative=0x0000000000000200
Event: 0.821 Thread 0x00000195b5f3f7b0 Uncommon trap: reason=unstable_if action=reinterpret pc=0x00000195c5e8ff20 method=java.lang.StringUTF16.compress([CI[BII)I @ 20 c2
Event: 0.821 Thread 0x00000195b5f3f7b0 DEOPT PACKING pc=0x00000195c5e8ff20 sp=0x00000037905fd7d0
Event: 0.821 Thread 0x00000195b5f3f7b0 DEOPT UNPACKING pc=0x00000195c59146a2 sp=0x00000037905fd740 mode 2
Event: 1.119 Thread 0x0000019617709810 Uncommon trap: trap_request=0xffffffde fr.pc=0x00000195c5e90bd0 relative=0x00000000000002f0
Event: 1.119 Thread 0x0000019617709810 Uncommon trap: reason=class_check action=maybe_recompile pc=0x00000195c5e90bd0 method=java.util.HashMap.getNode(Ljava/lang/Object;)Ljava/util/HashMap$Node; @ 63 c2
Event: 1.119 Thread 0x0000019617709810 DEOPT PACKING pc=0x00000195c5e90bd0 sp=0x0000003791bfda10
Event: 1.119 Thread 0x0000019617709810 DEOPT UNPACKING pc=0x00000195c59146a2 sp=0x0000003791bfd978 mode 2
Event: 1.147 Thread 0x0000019617709810 Uncommon trap: trap_request=0xffffffde fr.pc=0x00000195c5e90bd0 relative=0x00000000000002f0
Event: 1.148 Thread 0x0000019617709810 Uncommon trap: reason=class_check action=maybe_recompile pc=0x00000195c5e90bd0 method=java.util.HashMap.getNode(Ljava/lang/Object;)Ljava/util/HashMap$Node; @ 63 c2
Event: 1.148 Thread 0x0000019617709810 DEOPT PACKING pc=0x00000195c5e90bd0 sp=0x0000003791bfda10
Event: 1.148 Thread 0x0000019617709810 DEOPT UNPACKING pc=0x00000195c59146a2 sp=0x0000003791bfd978 mode 2
Event: 1.178 Thread 0x0000019617709810 Uncommon trap: trap_request=0xffffffde fr.pc=0x00000195c5e90bd0 relative=0x00000000000002f0
Event: 1.178 Thread 0x0000019617709810 Uncommon trap: reason=class_check action=maybe_recompile pc=0x00000195c5e90bd0 method=java.util.HashMap.getNode(Ljava/lang/Object;)Ljava/util/HashMap$Node; @ 63 c2
Event: 1.178 Thread 0x0000019617709810 DEOPT PACKING pc=0x00000195c5e90bd0 sp=0x0000003791bfda10
Event: 1.178 Thread 0x0000019617709810 DEOPT UNPACKING pc=0x00000195c59146a2 sp=0x0000003791bfd978 mode 2
Event: 1.208 Thread 0x0000019617709810 Uncommon trap: trap_request=0xffffffde fr.pc=0x00000195c5e90bd0 relative=0x00000000000002f0
Event: 1.208 Thread 0x0000019617709810 Uncommon trap: reason=class_check action=maybe_recompile pc=0x00000195c5e90bd0 method=java.util.HashMap.getNode(Ljava/lang/Object;)Ljava/util/HashMap$Node; @ 63 c2
Event: 1.208 Thread 0x0000019617709810 DEOPT PACKING pc=0x00000195c5e90bd0 sp=0x0000003791bfda10
Event: 1.208 Thread 0x0000019617709810 DEOPT UNPACKING pc=0x00000195c59146a2 sp=0x0000003791bfd978 mode 2

Classes loaded (20 events):
Event: 1.080 Loading class sun/awt/image/BufImgSurfaceManager
Event: 1.080 Loading class sun/awt/image/BufImgSurfaceManager done
Event: 1.502 Loading class java/awt/event/MouseEvent$1
Event: 1.502 Loading class sun/awt/AWTAccessor$MouseEventAccessor
Event: 1.502 Loading class sun/awt/AWTAccessor$MouseEventAccessor done
Event: 1.502 Loading class java/awt/event/MouseEvent$1 done
Event: 1.503 Loading class java/awt/Cursor$CursorDisposer
Event: 1.503 Loading class java/awt/Cursor$CursorDisposer done
Event: 1.505 Loading class java/awt/event/MouseWheelEvent
Event: 1.505 Loading class java/awt/event/MouseWheelEvent done
Event: 7.788 Loading class java/awt/KeyboardFocusManager$2
Event: 7.788 Loading class java/awt/KeyboardFocusManager$2 done
Event: 7.789 Loading class sun/awt/SunToolkit$1
Event: 7.789 Loading class sun/awt/SunToolkit$1 done
Event: 4196.555 Loading class java/util/WeakHashMap$KeyIterator
Event: 4196.695 Loading class java/util/WeakHashMap$HashIterator
Event: 4196.752 Loading class java/util/WeakHashMap$HashIterator done
Event: 4196.753 Loading class java/util/WeakHashMap$KeyIterator done
Event: 4196.875 Loading class javax/swing/RepaintManager$DisplayChangedRunnable
Event: 4197.042 Loading class javax/swing/RepaintManager$DisplayChangedRunnable done

Classes unloaded (20 events):
Event: 5529.761 Thread 0x00000195b5ff93d0 Unloading class 0x00000195d200b000 'java/lang/invoke/LambdaForm$MH+0x00000195d200b000'
Event: 5529.761 Thread 0x00000195b5ff93d0 Unloading class 0x00000195d200a800 'java/lang/invoke/LambdaForm$MH+0x00000195d200a800'
Event: 5529.761 Thread 0x00000195b5ff93d0 Unloading class 0x00000195d2009c00 'java/lang/invoke/LambdaForm$MH+0x00000195d2009c00'
Event: 5529.761 Thread 0x00000195b5ff93d0 Unloading class 0x00000195d2009800 'java/lang/invoke/LambdaForm$MH+0x00000195d2009800'
Event: 5529.761 Thread 0x00000195b5ff93d0 Unloading class 0x00000195d2009000 'java/lang/invoke/LambdaForm$MH+0x00000195d2009000'
Event: 5529.761 Thread 0x00000195b5ff93d0 Unloading class 0x00000195d2008800 'java/lang/invoke/LambdaForm$MH+0x00000195d2008800'
Event: 5529.762 Thread 0x00000195b5ff93d0 Unloading class 0x00000195d2008000 'java/lang/invoke/LambdaForm$MH+0x00000195d2008000'
Event: 5529.762 Thread 0x00000195b5ff93d0 Unloading class 0x00000195d2007c00 'java/lang/invoke/LambdaForm$MH+0x00000195d2007c00'
Event: 5529.762 Thread 0x00000195b5ff93d0 Unloading class 0x00000195d2007800 'java/lang/invoke/LambdaForm$MH+0x00000195d2007800'
Event: 5529.762 Thread 0x00000195b5ff93d0 Unloading class 0x00000195d2007400 'java/lang/invoke/LambdaForm$MH+0x00000195d2007400'
Event: 5529.762 Thread 0x00000195b5ff93d0 Unloading class 0x00000195d2006c00 'java/lang/invoke/LambdaForm$MH+0x00000195d2006c00'
Event: 5529.762 Thread 0x00000195b5ff93d0 Unloading class 0x00000195d2006800 'java/lang/invoke/LambdaForm$MH+0x00000195d2006800'
Event: 5529.762 Thread 0x00000195b5ff93d0 Unloading class 0x00000195d2006400 'java/lang/invoke/LambdaForm$MH+0x00000195d2006400'
Event: 5529.762 Thread 0x00000195b5ff93d0 Unloading class 0x00000195d2005c00 'java/lang/invoke/LambdaForm$MH+0x00000195d2005c00'
Event: 5529.762 Thread 0x00000195b5ff93d0 Unloading class 0x00000195d2005000 'java/lang/invoke/LambdaForm$MH+0x00000195d2005000'
Event: 5529.762 Thread 0x00000195b5ff93d0 Unloading class 0x00000195d2004c00 'java/lang/invoke/LambdaForm$MH+0x00000195d2004c00'
Event: 5529.762 Thread 0x00000195b5ff93d0 Unloading class 0x00000195d2004400 'java/lang/invoke/LambdaForm$MH+0x00000195d2004400'
Event: 5529.762 Thread 0x00000195b5ff93d0 Unloading class 0x00000195d2001c00 'java/lang/invoke/LambdaForm$MH+0x00000195d2001c00'
Event: 5529.762 Thread 0x00000195b5ff93d0 Unloading class 0x00000195d2000c00 'java/lang/invoke/LambdaForm$MH+0x00000195d2000c00'
Event: 5529.762 Thread 0x00000195b5ff93d0 Unloading class 0x00000195d2000400 'java/lang/invoke/LambdaForm$MH+0x00000195d2000400'

Classes redefined (0 events):
No events

Internal exceptions (17 events):
Event: 0.080 Thread 0x00000195b5f3f7b0 Exception <a 'sun/nio/fs/WindowsException'{0x00000000c5676cb8}> (0x00000000c5676cb8) 
thrown [s\open\src\hotspot\share\prims\jni.cpp, line 520]
Event: 0.082 Thread 0x00000195b5f3f7b0 Exception <a 'sun/nio/fs/WindowsException'{0x00000000c56792b8}> (0x00000000c56792b8) 
thrown [s\open\src\hotspot\share\prims\jni.cpp, line 520]
Event: 0.082 Thread 0x00000195b5f3f7b0 Exception <a 'sun/nio/fs/WindowsException'{0x00000000c5679e28}> (0x00000000c5679e28) 
thrown [s\open\src\hotspot\share\prims\jni.cpp, line 520]
Event: 0.114 Thread 0x00000195b5f3f7b0 Exception <a 'java/lang/ClassNotFoundException'{0x00000000c555d070}: sun/awt/resources/spi/awtProvider> (0x00000000c555d070) 
thrown [s\open\src\hotspot\share\classfile\systemDictionary.cpp, line 312]
Event: 0.138 Thread 0x00000195b5f3f7b0 Exception <a 'java/io/FileNotFoundException'{0x00000000c55b2388}> (0x00000000c55b2388) 
thrown [s\open\src\hotspot\share\prims\jni.cpp, line 520]
Event: 0.144 Thread 0x00000195b5f3f7b0 Exception <a 'java/io/FileNotFoundException'{0x00000000c55dc5c8}> (0x00000000c55dc5c8) 
thrown [s\open\src\hotspot\share\prims\jni.cpp, line 520]
Event: 0.213 Thread 0x00000195b5f3f7b0 Exception <a 'java/lang/NoSuchMethodError'{0x00000000c546f7b0}: 'void java.lang.invoke.DirectMethodHandle$Holder.invokeSpecial(java.lang.Object, java.lang.Object, java.lang.Object)'> (0x00000000c546f7b0) 
thrown [s\open\src\hotspot\share\interpreter\linkResolver.cpp, line 773]
Event: 0.220 Thread 0x00000195b5f3f7b0 Exception <a 'java/lang/NoSuchMethodError'{0x00000000c530fd00}: 'java.lang.Object java.lang.invoke.DirectMethodHandle$Holder.newInvokeSpecial(java.lang.Object, java.lang.Object, java.lang.Object, java.lang.Object, java.lang.Object)'> (0x00000000c530fd00) 
thrown [s\open\src\hotspot\share\interpreter\linkResolver.cpp, line 773]
Event: 0.225 Thread 0x00000195b5f3f7b0 Exception <a 'java/lang/NoSuchMethodError'{0x00000000c533b888}: 'java.lang.Object java.lang.invoke.DirectMethodHandle$Holder.invokeStatic(java.lang.Object, int, java.lang.Object)'> (0x00000000c533b888) 
thrown [s\open\src\hotspot\share\interpreter\linkResolver.cpp, line 773]
Event: 0.243 Thread 0x00000195b5f3f7b0 Exception <a 'java/lang/ClassNotFoundException'{0x00000000c53db450}: com/sun/swing/internal/plaf/metal/resources/spi/metalProvider> (0x00000000c53db450) 
thrown [s\open\src\hotspot\share\classfile\systemDictionary.cpp, line 312]
Event: 0.243 Thread 0x00000195b5f3f7b0 Exception <a 'java/lang/ClassNotFoundException'{0x00000000c53df3b0}: com/sun/swing/internal/plaf/basic/resources/spi/basicProvider> (0x00000000c53df3b0) 
thrown [s\open\src\hotspot\share\classfile\systemDictionary.cpp, line 312]
Event: 0.253 Thread 0x00000195b5f3f7b0 Exception <a 'java/lang/NoSuchMethodError'{0x00000000c53fe580}: 'int java.lang.invoke.Invokers$Holder.invokeExact_MT(java.lang.Object, java.lang.Object)'> (0x00000000c53fe580) 
thrown [s\open\src\hotspot\share\interpreter\linkResolver.cpp, line 773]
Event: 0.339 Thread 0x00000196162f1490 Exception <a 'java/lang/NoSuchMethodError'{0x00000000c51e6380}: 'java.lang.Object java.lang.invoke.DirectMethodHandle$Holder.newInvokeSpecial(java.lang.Object, java.lang.Object, java.lang.Object, int, int, int, int, int)'> (0x00000000c51e6380) 
thrown [s\open\src\hotspot\share\interpreter\linkResolver.cpp, line 773]
Event: 0.792 Thread 0x00000196162a0320 Exception <a 'java/lang/NoSuchMethodError'{0x00000000c585cff0}: 'void java.lang.invoke.DirectMethodHandle$Holder.invokeVirtual(java.lang.Object, java.lang.Object)'> (0x00000000c585cff0) 
thrown [s\open\src\hotspot\share\interpreter\linkResolver.cpp, line 773]
Event: 0.809 Thread 0x00000195b5f3f7b0 Exception <a 'java/lang/NoSuchMethodError'{0x00000000c5822b00}: 'void java.lang.invoke.DirectMethodHandle$Holder.invokeStaticInit(java.lang.Object)'> (0x00000000c5822b00) 
thrown [s\open\src\hotspot\share\interpreter\linkResolver.cpp, line 773]
Event: 1.081 Thread 0x0000019617709810 Exception <a 'sun/java2d/InvalidPipeException'{0x00000000c563e068}: GDIWindowSurfaceData: bounds changed> (0x00000000c563e068) 
thrown [s\open\src\hotspot\share\prims\jni.cpp, line 539]
Event: 1.082 Thread 0x0000019617709810 Exception <a 'sun/java2d/InvalidPipeException'{0x00000000c563e688}: GDIWindowSurfaceData: bounds changed> (0x00000000c563e688) 
thrown [s\open\src\hotspot\share\prims\jni.cpp, line 539]

ZGC Phase Switch (0 events):
No events

VM Operations (20 events):
Event: 5529.654 Executing VM operation: G1TryInitiateConcMark (G1 Humongous Allocation) done
Event: 5529.708 Executing VM operation: G1PauseRemark
Event: 5529.841 Executing VM operation: G1PauseRemark done
Event: 5529.844 Executing VM operation: G1PauseCleanup
Event: 5529.870 Executing VM operation: G1PauseCleanup done
Event: 5529.876 Executing VM operation: G1TryInitiateConcMark (G1 Humongous Allocation)
Event: 5529.887 Executing VM operation: G1TryInitiateConcMark (G1 Humongous Allocation) done
Event: 5529.897 Executing VM operation: G1PauseRemark
Event: 5529.924 Executing VM operation: G1PauseRemark done
Event: 5529.927 Executing VM operation: G1PauseCleanup
Event: 5529.933 Executing VM operation: G1PauseCleanup done
Event: 5530.203 Executing VM operation: G1TryInitiateConcMark (G1 Humongous Allocation)
Event: 5530.204 Executing VM operation: G1TryInitiateConcMark (G1 Humongous Allocation) done
Event: 5530.213 Executing VM operation: G1PauseRemark
Event: 5530.221 Executing VM operation: G1PauseRemark done
Event: 5530.224 Executing VM operation: G1PauseCleanup
Event: 5530.225 Executing VM operation: G1PauseCleanup done
Event: 5530.230 Executing VM operation: G1TryInitiateConcMark (G1 Humongous Allocation)
Event: 5530.231 Executing VM operation: G1TryInitiateConcMark (G1 Humongous Allocation) done
Event: 5530.241 Executing VM operation: G1PauseRemark

Events (20 events):
Event: 5530.221 Thread 0x00000195b5ff93d0 flushing nmethod 0x00000195be516690
Event: 5530.221 Thread 0x00000195b5ff93d0 flushing nmethod 0x00000195be516310
Event: 5530.221 Thread 0x00000195b5ff93d0 flushing nmethod 0x00000195be502590
Event: 5530.221 Thread 0x00000195b5ff93d0 flushing nmethod 0x00000195be502210
Event: 5530.221 Thread 0x00000195b5ff93d0 flushing nmethod 0x00000195be50c210
Event: 5530.221 Thread 0x00000195b5ff93d0 flushing nmethod 0x00000195be4e6510
Event: 5530.221 Thread 0x00000195b5ff93d0 flushing nmethod 0x00000195be4f1010
Event: 5530.221 Thread 0x00000195b5ff93d0 flushing nmethod 0x00000195be4ef310
Event: 5530.221 Thread 0x00000195b5ff93d0 flushing nmethod 0x00000195be4c5990
Event: 5530.221 Thread 0x00000195b5ff93d0 flushing nmethod 0x00000195be4c4a10
Event: 5530.221 Thread 0x00000195b5ff93d0 flushing nmethod 0x00000195be4b8b90
Event: 5530.221 Thread 0x00000195b5ff93d0 flushing nmethod 0x00000195be4b1e90
Event: 5530.221 Thread 0x00000195b5ff93d0 flushing nmethod 0x00000195be442190
Event: 5530.221 Thread 0x00000195b5ff93d0 flushing nmethod 0x00000195be3b5110
Event: 5530.221 Thread 0x00000195b5ff93d0 flushing nmethod 0x00000195be39e890
Event: 5530.253 Thread 0x00000195b5ff93d0 flushing nmethod 0x00000195be526690
Event: 5530.253 Thread 0x00000195b5ff93d0 flushing nmethod 0x00000195be50ba90
Event: 5530.253 Thread 0x00000195b5ff93d0 flushing nmethod 0x00000195be441b90
Event: 5530.253 Thread 0x00000195b5ff93d0 flushing nmethod 0x00000195c5eaf110
Event: 5530.253 Thread 0x00000195b5ff93d0 flushing nmethod 0x00000195c5eaee10


Dynamic libraries:
0x00007ff61be40000 - 0x00007ff61be50000 	C:\Program Files\Java\jdk-21\bin\java.exe
0x00007ffd9fc90000 - 0x00007ffd9fe88000 	C:\Windows\SYSTEM32\ntdll.dll
0x00007ffd9de30000 - 0x00007ffd9def1000 	C:\Windows\System32\KERNEL32.DLL
0x00007ffd9d340000 - 0x00007ffd9d63d000 	C:\Windows\System32\KERNELBASE.dll
0x00007ffd99a10000 - 0x00007ffd99aa4000 	C:\Windows\SYSTEM32\apphelp.dll
0x00007ffd9d670000 - 0x00007ffd9d770000 	C:\Windows\System32\ucrtbase.dll
0x00007ffd969e0000 - 0x00007ffd969f9000 	C:\Program Files\Java\jdk-21\bin\jli.dll
0x00007ffd9ebd0000 - 0x00007ffd9ec80000 	C:\Windows\System32\ADVAPI32.dll
0x00007ffd99760000 - 0x00007ffd9977b000 	C:\Program Files\Java\jdk-21\bin\VCRUNTIME140.dll
0x00007ffd9f100000 - 0x00007ffd9f19e000 	C:\Windows\System32\msvcrt.dll
0x00007ffd9dcc0000 - 0x00007ffd9dd60000 	C:\Windows\System32\sechost.dll
0x00007ffd9e180000 - 0x00007ffd9e2a3000 	C:\Windows\System32\RPCRT4.dll
0x00007ffd9db90000 - 0x00007ffd9dbb7000 	C:\Windows\System32\bcrypt.dll
0x00007ffd9f5b0000 - 0x00007ffd9f74d000 	C:\Windows\System32\USER32.dll
0x00007ffd9d640000 - 0x00007ffd9d662000 	C:\Windows\System32\win32u.dll
0x00007ffd9f520000 - 0x00007ffd9f54b000 	C:\Windows\System32\GDI32.dll
0x00007ffd9d7e0000 - 0x00007ffd9d8f7000 	C:\Windows\System32\gdi32full.dll
0x00007ffd89a40000 - 0x00007ffd89cda000 	C:\Windows\WinSxS\amd64_microsoft.windows.common-controls_6595b64144ccf1df_6.0.19041.4355_none_60b8b9eb71f62e16\COMCTL32.dll
0x00007ffd9d900000 - 0x00007ffd9d99d000 	C:\Windows\System32\msvcp_win.dll
0x00007ffd96390000 - 0x00007ffd9639a000 	C:\Windows\SYSTEM32\VERSION.dll
0x00007ffd9e150000 - 0x00007ffd9e17f000 	C:\Windows\System32\IMM32.DLL
0x00007ffd999c0000 - 0x00007ffd999cc000 	C:\Program Files\Java\jdk-21\bin\vcruntime140_1.dll
0x00007ffd5cb70000 - 0x00007ffd5cbfe000 	C:\Program Files\Java\jdk-21\bin\msvcp140.dll
0x00007ffd54500000 - 0x00007ffd55215000 	C:\Program Files\Java\jdk-21\bin\server\jvm.dll
0x00007ffd9f1a0000 - 0x00007ffd9f20b000 	C:\Windows\System32\WS2_32.dll
0x00007ffd9d0f0000 - 0x00007ffd9d13b000 	C:\Windows\SYSTEM32\POWRPROF.dll
0x00007ffd93200000 - 0x00007ffd93227000 	C:\Windows\SYSTEM32\WINMM.dll
0x00007ffd9d0d0000 - 0x00007ffd9d0e2000 	C:\Windows\SYSTEM32\UMPDC.dll
0x00007ffd9bb70000 - 0x00007ffd9bb82000 	C:\Windows\SYSTEM32\kernel.appcore.dll
0x00007ffd8b010000 - 0x00007ffd8b01a000 	C:\Program Files\Java\jdk-21\bin\jimage.dll
0x00007ffd9b820000 - 0x00007ffd9ba04000 	C:\Windows\SYSTEM32\DBGHELP.DLL
0x00007ffd84e80000 - 0x00007ffd84eb4000 	C:\Windows\SYSTEM32\dbgcore.DLL
0x00007ffd9d9a0000 - 0x00007ffd9da22000 	C:\Windows\System32\bcryptPrimitives.dll
0x00007ffd706f0000 - 0x00007ffd7070f000 	C:\Program Files\Java\jdk-21\bin\java.dll
0x00007ffd9e2b0000 - 0x00007ffd9ea1f000 	C:\Windows\System32\SHELL32.dll
0x00007ffd9b070000 - 0x00007ffd9b813000 	C:\Windows\SYSTEM32\windows.storage.dll
0x00007ffd9f800000 - 0x00007ffd9fb53000 	C:\Windows\System32\combase.dll
0x00007ffd9cd00000 - 0x00007ffd9cd2e000 	C:\Windows\SYSTEM32\Wldp.dll
0x00007ffd9f2a0000 - 0x00007ffd9f36d000 	C:\Windows\System32\OLEAUT32.dll
0x00007ffd9f750000 - 0x00007ffd9f7fd000 	C:\Windows\System32\SHCORE.dll
0x00007ffd9fbe0000 - 0x00007ffd9fc35000 	C:\Windows\System32\shlwapi.dll
0x00007ffd9d270000 - 0x00007ffd9d294000 	C:\Windows\SYSTEM32\profapi.dll
0x00007ffd5c600000 - 0x00007ffd5c6d7000 	C:\Program Files\Java\jdk-21\bin\jsvml.dll
0x00007ffd893a0000 - 0x00007ffd893b0000 	C:\Program Files\Java\jdk-21\bin\net.dll
0x00007ffd935b0000 - 0x00007ffd936bd000 	C:\Windows\SYSTEM32\WINHTTP.dll
0x00007ffd9ca00000 - 0x00007ffd9ca6a000 	C:\Windows\system32\mswsock.dll
0x00007ffd702d0000 - 0x00007ffd702e6000 	C:\Program Files\Java\jdk-21\bin\nio.dll
0x00007ffd57220000 - 0x00007ffd573af000 	C:\Program Files\Java\jdk-21\bin\awt.dll
0x00007ffd9aad0000 - 0x00007ffd9aaff000 	C:\Windows\system32\DWMAPI.DLL
0x00007ffd9a8e0000 - 0x00007ffd9a97e000 	C:\Windows\system32\uxtheme.dll
0x00007ffd848d0000 - 0x00007ffd849f8000 	C:\Windows\system32\opengl32.dll
0x00007ffd854e0000 - 0x00007ffd8550c000 	C:\Windows\SYSTEM32\GLU32.dll
0x00007ffd9e030000 - 0x00007ffd9e145000 	C:\Windows\System32\MSCTF.dll
0x00007ffd9df00000 - 0x00007ffd9e02b000 	C:\Windows\System32\ole32.dll
0x00007ffd6fb60000 - 0x00007ffd6fb78000 	C:\Program Files\Java\jdk-21\bin\zip.dll
0x00007ffd68570000 - 0x00007ffd6859e000 	C:\Program Files\Java\jdk-21\bin\javajpeg.dll
0x00007ffd5c4a0000 - 0x00007ffd5c527000 	C:\Program Files\Java\jdk-21\bin\freetype.dll
0x00007ffd57140000 - 0x00007ffd57213000 	C:\Program Files\Java\jdk-21\bin\fontmanager.dll
0x00007ffd8c5f0000 - 0x00007ffd8c6e9000 	C:\Windows\SYSTEM32\textinputframework.dll
0x00007ffd98ca0000 - 0x00007ffd98ffb000 	C:\Windows\System32\CoreUIComponents.dll
0x00007ffd99150000 - 0x00007ffd99242000 	C:\Windows\System32\CoreMessaging.dll
0x00007ffd9c570000 - 0x00007ffd9c5a3000 	C:\Windows\SYSTEM32\ntmarta.dll
0x00007ffd99510000 - 0x00007ffd99667000 	C:\Windows\SYSTEM32\wintypes.dll
0x00007ffd8a560000 - 0x00007ffd8a60c000 	C:\Windows\SYSTEM32\TextShaping.dll

dbghelp: loaded successfully - version: 4.0.5 - missing functions: none
symbol engine: initialized successfully - sym options: 0x614 - pdb path: .;C:\Program Files\Java\jdk-21\bin;C:\Windows\SYSTEM32;C:\Windows\WinSxS\amd64_microsoft.windows.common-controls_6595b64144ccf1df_6.0.19041.4355_none_60b8b9eb71f62e16;C:\Program Files\Java\jdk-21\bin\server

VM Arguments:
jvm_args: -Dfile.encoding=UTF-8 --module-path=C:\Users\Dell\Documents\NetBeansProjects\University_anagement_System\build\classes 
java_command: university.management.system.Splash
java_class_path (initial): C:\Users\Dell\Documents\NetBeansProjects\University_anagement_System\build\classes
Launcher Type: SUN_STANDARD

[Global flags]
     intx CICompilerCount                          = 3                                         {product} {ergonomic}
     uint ConcGCThreads                            = 1                                         {product} {ergonomic}
     uint G1ConcRefinementThreads                  = 4                                         {product} {ergonomic}
   size_t G1HeapRegionSize                         = 1048576                                   {product} {ergonomic}
    uintx GCDrainStackTargetSize                   = 64                                        {product} {ergonomic}
   size_t InitialHeapSize                          = 67108864                                  {product} {ergonomic}
   size_t MarkStackSize                            = 4194304                                   {product} {ergonomic}
   size_t MaxHeapSize                              = 1048576000                                {product} {ergonomic}
   size_t MaxNewSize                               = 629145600                                 {product} {ergonomic}
   size_t MinHeapDeltaBytes                        = 1048576                                   {product} {ergonomic}
   size_t MinHeapSize                              = 8388608                                   {product} {ergonomic}
    uintx NonNMethodCodeHeapSize                   = 5832780                                {pd product} {ergonomic}
    uintx NonProfiledCodeHeapSize                  = 122912730                              {pd product} {ergonomic}
    uintx ProfiledCodeHeapSize                     = 122912730                              {pd product} {ergonomic}
    uintx ReservedCodeCacheSize                    = 251658240                              {pd product} {ergonomic}
     bool SegmentedCodeCache                       = true                                      {product} {ergonomic}
   size_t SoftMaxHeapSize                          = 1048576000                             {manageable} {ergonomic}
     bool UseCompressedOops                        = true                           {product lp64_product} {ergonomic}
     bool UseG1GC                                  = true                                      {product} {ergonomic}
     bool UseLargePagesIndividualAllocation        = false                                  {pd product} {ergonomic}

Logging:
Log output configuration:
 #0: stdout all=warning uptime,level,tags foldmultilines=false
 #1: stderr all=off uptime,level,tags foldmultilines=false

Environment Variables:
JAVA_HOME=C:\Program Files\Java\jdk-20
PATH=D:\oracledb\WINDOWS.X64_193000_db_home\bin;C:\Python311\Scripts\;C:\Python311\;C:\Program Files\Common Files\Oracle\Java\javapath;C:\Windows\system32;C:\Windows;C:\Windows\System32\Wbem;C:\Windows\System32\WindowsPowerShell\v1.0\;C:\Windows\System32\OpenSSH\;C:\MinGW\bin;C:\Program Files\Java\jdk-20\bin;C:\Program Files\Java\jdk-21\bin;D:\Git\cmd;C:\Program Files\MySQL\MySQL Server 8.0;C:\Program Files\MySQL\MySQL Shell 8.0\bin\;C:\Users\Dell\AppData\Local\Microsoft\WindowsApps;C:\Users\Dell\AppData\Local\Programs\Microsoft VS Code\bin;C:\ProgramData\Dell\GitHubDesktop\bin;C:\Users\Dell\AppData\Local\GitHubDesktop\bin
USERNAME=Dell
OS=Windows_NT
PROCESSOR_IDENTIFIER=Intel64 Family 6 Model 142 Stepping 10, GenuineIntel
TMP=C:\Users\Dell\AppData\Local\Temp
TEMP=C:\Users\Dell\AppData\Local\Temp




Periodic native trim disabled

---------------  S Y S T E M  ---------------

OS:
 Windows 10 , 64 bit Build 19041 (10.0.19041.4842)
OS uptime: 0 days 7:27 hours

CPU: total 4 (initial active 4) (2 cores per cpu, 2 threads per core) family 6 model 142 stepping 10 microcode 0xf0, cx8, cmov, fxsr, ht, mmx, 3dnowpref, sse, sse2, sse3, ssse3, sse4.1, sse4.2, popcnt, lzcnt, tsc, tscinvbit, avx, avx2, aes, erms, clmul, bmi1, bmi2, adx, fma, vzeroupper, clflush, clflushopt, rdtscp, f16c
Processor Information for all 4 processors :
  Max Mhz: 2208, Current Mhz: 2208, Mhz Limit: 2208

Memory: 4k page, system-wide physical 3993M (45M free)
TotalPageFile size 16281M (AvailPageFile size 21M)
current process WorkingSet (physical memory assigned to process): 124M, peak: 248M
current process commit charge ("private bytes"): 399M, peak: 455M

vm_info: Java HotSpot(TM) 64-Bit Server VM (21.0.1+12-LTS-29) for windows-amd64 JRE (21.0.1+12-LTS-29), built on 2023-10-05T13:27:09Z by "mach5one" with MS VC++ 17.1 (VS2022)

END.
