#
# There is insufficient memory for the Java Runtime Environment to continue.
# Native memory allocation (mmap) failed to map 14680064 bytes for G1 virtual space
# Possible reasons:
#   The system is out of physical RAM or swap space
#   The process is running with CompressedOops enabled, and the Java Heap may be blocking the growth of the native heap
# Possible solutions:
#   Reduce memory load on the system
#   Increase physical memory or swap space
#   Check if swap backing store is full
#   Decrease Java heap size (-Xmx/-Xms)
#   Decrease number of Java threads
#   Decrease Java thread stack sizes (-Xss)
#   Set larger code cache with -XX:ReservedCodeCacheSize=
#   JVM is running with Unscaled Compressed Oops mode in which the Java heap is
#     placed in the first 4GB address space. The Java Heap base address is the
#     maximum limit for the native heap growth. Please use -XX:HeapBaseMinAddress
#     to set the Java Heap base and to place the Java Heap above 4GB virtual address.
# This output file may be truncated or incomplete.
#
#  Out of Memory Error (os_windows.cpp:3600), pid=16612, tid=16708
#
# JRE version: Java(TM) SE Runtime Environment (21.0.1+12) (build 21.0.1+12-LTS-29)
# Java VM: Java HotSpot(TM) 64-Bit Server VM (21.0.1+12-LTS-29, mixed mode, sharing, tiered, compressed oops, compressed class ptrs, g1 gc, windows-amd64)
# No core dump will be written. Minidumps are not enabled by default on client versions of Windows
#

---------------  S U M M A R Y ------------

Command Line: -Dfile.encoding=UTF-8 --module-path=C:\Users\Dell\Documents\NetBeansProjects\University_anagement_System\build\classes university.management.system.Project

Host: Intel(R) Core(TM) i3-8130U CPU @ 2.20GHz, 4 cores, 3G,  Windows 10 , 64 bit Build 19041 (10.0.19041.4842)
Time: Tue Oct  1 19:07:10 2024 India Standard Time elapsed time: 1.055868 seconds (0d 0h 0m 1s)

---------------  T H R E A D  ---------------

Current thread (0x000001f3365718e0):  VMThread "VM Thread"          [id=16708, stack(0x0000004e6e400000,0x0000004e6e500000) (1024K)]

Stack: [0x0000004e6e400000,0x0000004e6e500000]
Native frames: (J=compiled Java code, j=interpreted, Vv=VM code, C=native code)
V  [jvm.dll+0x6c9029]
V  [jvm.dll+0x854b81]
V  [jvm.dll+0x856e5e]
V  [jvm.dll+0x857543]
V  [jvm.dll+0x280c06]
V  [jvm.dll+0x6c5715]
V  [jvm.dll+0x6ba10a]
V  [jvm.dll+0x3557ea]
V  [jvm.dll+0x35d436]
V  [jvm.dll+0x3ae1be]
V  [jvm.dll+0x3ae468]
V  [jvm.dll+0x3291fc]
V  [jvm.dll+0x329287]
V  [jvm.dll+0x36db3c]
V  [jvm.dll+0x36c33d]
V  [jvm.dll+0x328971]
V  [jvm.dll+0x36bd68]
V  [jvm.dll+0x85d048]
V  [jvm.dll+0x85e144]
V  [jvm.dll+0x85e680]
V  [jvm.dll+0x85e923]
V  [jvm.dll+0x7fd728]
V  [jvm.dll+0x6c777d]
C  [ucrtbase.dll+0x21bb2]
C  [KERNEL32.DLL+0x17374]
C  [ntdll.dll+0x4cc91]

VM_Operation (0x0000004e6f6fdb68): G1TryInitiateConcMark, mode: safepoint, requested by thread 0x000001f3926f7580


---------------  P R O C E S S  ---------------

Threads class SMR info:
_java_thread_list=0x000001f392654710, length=16, elements={
0x000001f33657e240, 0x000001f3921363d0, 0x000001f39213b5e0, 0x000001f39213d2d0,
0x000001f392142150, 0x000001f3921460b0, 0x000001f392146e40, 0x000001f3921478e0,
0x000001f39230d8f0, 0x000001f392402880, 0x000001f39256a020, 0x000001f39256e9a0,
0x000001f392574b30, 0x000001f3925cfd20, 0x000001f3926f7580, 0x000001f3364bf6c0
}

Java Threads: ( => current thread )
  0x000001f33657e240 JavaThread "Reference Handler"          daemon [_thread_blocked, id=16712, stack(0x0000004e6e500000,0x0000004e6e600000) (1024K)]
  0x000001f3921363d0 JavaThread "Finalizer"                  daemon [_thread_blocked, id=16716, stack(0x0000004e6e600000,0x0000004e6e700000) (1024K)]
  0x000001f39213b5e0 JavaThread "Signal Dispatcher"          daemon [_thread_blocked, id=16720, stack(0x0000004e6e700000,0x0000004e6e800000) (1024K)]
  0x000001f39213d2d0 JavaThread "Attach Listener"            daemon [_thread_blocked, id=16724, stack(0x0000004e6e800000,0x0000004e6e900000) (1024K)]
  0x000001f392142150 JavaThread "Service Thread"             daemon [_thread_blocked, id=16728, stack(0x0000004e6e900000,0x0000004e6ea00000) (1024K)]
  0x000001f3921460b0 JavaThread "Monitor Deflation Thread"   daemon [_thread_blocked, id=16732, stack(0x0000004e6ea00000,0x0000004e6eb00000) (1024K)]
  0x000001f392146e40 JavaThread "C2 CompilerThread0"         daemon [_thread_blocked, id=16736, stack(0x0000004e6eb00000,0x0000004e6ec00000) (1024K)]
  0x000001f3921478e0 JavaThread "C1 CompilerThread0"         daemon [_thread_blocked, id=16740, stack(0x0000004e6ec00000,0x0000004e6ed00000) (1024K)]
  0x000001f39230d8f0 JavaThread "Common-Cleaner"             daemon [_thread_blocked, id=16744, stack(0x0000004e6ed00000,0x0000004e6ee00000) (1024K)]
  0x000001f392402880 JavaThread "Notification Thread"        daemon [_thread_blocked, id=16748, stack(0x0000004e6ee00000,0x0000004e6ef00000) (1024K)]
  0x000001f39256a020 JavaThread "Java2D Disposer"            daemon [_thread_blocked, id=16752, stack(0x0000004e6ef00000,0x0000004e6f000000) (1024K)]
  0x000001f39256e9a0 JavaThread "AWT-Shutdown"                      [_thread_blocked, id=16756, stack(0x0000004e6f000000,0x0000004e6f100000) (1024K)]
  0x000001f392574b30 JavaThread "AWT-Windows"                daemon [_thread_blocked, id=16760, stack(0x0000004e6f100000,0x0000004e6f200000) (1024K)]
  0x000001f3925cfd20 JavaThread "Image Fetcher 0"            daemon [_thread_blocked, id=16764, stack(0x0000004e6f200000,0x0000004e6f300000) (1024K)]
  0x000001f3926f7580 JavaThread "AWT-EventQueue-0"                  [_thread_blocked, id=16780, stack(0x0000004e6f600000,0x0000004e6f700000) (1024K)]
  0x000001f3364bf6c0 JavaThread "DestroyJavaVM"                     [_thread_blocked, id=16680, stack(0x0000004e6dd00000,0x0000004e6de00000) (1024K)]
Total: 16

Other Threads:
=>0x000001f3365718e0 VMThread "VM Thread"                           [id=16708, stack(0x0000004e6e400000,0x0000004e6e500000) (1024K)]
  0x000001f39211d0e0 WatcherThread "VM Periodic Task Thread"        [id=16704, stack(0x0000004e6e300000,0x0000004e6e400000) (1024K)]
  0x000001f3364f13a0 WorkerThread "GC Thread#0"                     [id=16684, stack(0x0000004e6de00000,0x0000004e6df00000) (1024K)]
  0x000001f39821b0b0 WorkerThread "GC Thread#1"                     [id=16768, stack(0x0000004e6f300000,0x0000004e6f400000) (1024K)]
  0x000001f39821b450 WorkerThread "GC Thread#2"                     [id=16772, stack(0x0000004e6f400000,0x0000004e6f500000) (1024K)]
  0x000001f39823b980 WorkerThread "GC Thread#3"                     [id=16776, stack(0x0000004e6f500000,0x0000004e6f600000) (1024K)]
  0x000001f3364fa230 ConcurrentGCThread "G1 Main Marker"            [id=16688, stack(0x0000004e6df00000,0x0000004e6e000000) (1024K)]
  0x000001f3364fb4d0 WorkerThread "G1 Conc#0"                       [id=16692, stack(0x0000004e6e000000,0x0000004e6e100000) (1024K)]
  0x000001f336550230 ConcurrentGCThread "G1 Refine#0"               [id=16696, stack(0x0000004e6e100000,0x0000004e6e200000) (1024K)]
  0x000001f336551c50 ConcurrentGCThread "G1 Service"                [id=16700, stack(0x0000004e6e200000,0x0000004e6e300000) (1024K)]
Total: 10

Threads with active compile tasks:
Total: 0

VM state: at safepoint (normal execution)

VM Mutex/Monitor currently owned by a thread:  ([mutex/lock_event])
[0x00007ffd5513a5f8] Threads_lock - owner thread: 0x000001f3365718e0
[0x00007ffd5513a6f8] Heap_lock - owner thread: 0x000001f3926f7580

Heap address: 0x00000000c1800000, size: 1000 MB, Compressed Oops mode: 32-bit

CDS archive(s) mapped at: [0x000001f351000000-0x000001f351c90000-0x000001f351c90000), size 13172736, SharedBaseAddress: 0x000001f351000000, ArchiveRelocationMode: 1.
Compressed class space mapped at: 0x000001f352000000-0x000001f392000000, reserved size: 1073741824
Narrow klass base: 0x000001f351000000, Narrow klass shift: 0, Narrow klass range: 0x100000000

GC Precious Log:
 CardTable entry size: 512
 Card Set container configuration: InlinePtr #cards 5 size 8 Array Of Cards #cards 12 size 40 Howl #buckets 4 coarsen threshold 1843 Howl Bitmap #cards 512 size 80 coarsen threshold 460 Card regions per heap region 1 cards per card region 2048
 CPUs: 4 total, 4 available
 Memory: 3993M
 Large Page Support: Disabled
 NUMA Support: Disabled
 Compressed Oops: Enabled (32-bit)
 Heap Region Size: 1M
 Heap Min Capacity: 8M
 Heap Initial Capacity: 64M
 Heap Max Capacity: 1000M
 Pre-touch: Disabled
 Parallel Workers: 4
 Concurrent Workers: 1
 Concurrent Refinement Workers: 4
 Periodic GC: Disabled

Heap:
 garbage-first heap   total 71680K, used 40721K [0x00000000c1800000, 0x0000000100000000)
  region size 1024K, 1 young (1024K), 1 survivors (1024K)
 Metaspace       used 7294K, committed 7488K, reserved 1114112K
  class space    used 779K, committed 896K, reserved 1048576K

Heap Regions: E=young(eden), S=young(survivor), O=old, HS=humongous(starts), HC=humongous(continues), CS=collection set, F=free, TAMS=top-at-mark-start, PB=parsable bottom
|   0|0x00000000c1800000, 0x00000000c1900000, 0x00000000c1900000|100%| O|  |TAMS 0x00000000c1900000| PB 0x00000000c1800000| Untracked 
|   1|0x00000000c1900000, 0x00000000c1a00000, 0x00000000c1a00000|100%|HS|  |TAMS 0x00000000c1a00000| PB 0x00000000c1900000| Complete 
|   2|0x00000000c1a00000, 0x00000000c1b00000, 0x00000000c1b00000|100%|HC|  |TAMS 0x00000000c1b00000| PB 0x00000000c1a00000| Complete 
|   3|0x00000000c1b00000, 0x00000000c1c00000, 0x00000000c1c00000|100%|HC|  |TAMS 0x00000000c1c00000| PB 0x00000000c1b00000| Complete 
|   4|0x00000000c1c00000, 0x00000000c1d00000, 0x00000000c1d00000|100%|HC|  |TAMS 0x00000000c1d00000| PB 0x00000000c1c00000| Complete 
|   5|0x00000000c1d00000, 0x00000000c1e00000, 0x00000000c1e00000|100%|HC|  |TAMS 0x00000000c1e00000| PB 0x00000000c1d00000| Complete 
|   6|0x00000000c1e00000, 0x00000000c1f00000, 0x00000000c1f00000|100%|HC|  |TAMS 0x00000000c1f00000| PB 0x00000000c1e00000| Complete 
|   7|0x00000000c1f00000, 0x00000000c2000000, 0x00000000c2000000|100%|HC|  |TAMS 0x00000000c2000000| PB 0x00000000c1f00000| Complete 
|   8|0x00000000c2000000, 0x00000000c2100000, 0x00000000c2100000|100%|HC|  |TAMS 0x00000000c2100000| PB 0x00000000c2000000| Complete 
|   9|0x00000000c2100000, 0x00000000c2200000, 0x00000000c2200000|100%|HC|  |TAMS 0x00000000c2200000| PB 0x00000000c2100000| Complete 
|  10|0x00000000c2200000, 0x00000000c2300000, 0x00000000c2300000|100%|HC|  |TAMS 0x00000000c2300000| PB 0x00000000c2200000| Complete 
|  11|0x00000000c2300000, 0x00000000c2400000, 0x00000000c2400000|100%|HC|  |TAMS 0x00000000c2400000| PB 0x00000000c2300000| Complete 
|  12|0x00000000c2400000, 0x00000000c2500000, 0x00000000c2500000|100%|HC|  |TAMS 0x00000000c2500000| PB 0x00000000c2400000| Complete 
|  13|0x00000000c2500000, 0x00000000c2600000, 0x00000000c2600000|100%|HC|  |TAMS 0x00000000c2600000| PB 0x00000000c2500000| Complete 
|  14|0x00000000c2600000, 0x00000000c2700000, 0x00000000c2700000|100%|HC|  |TAMS 0x00000000c2700000| PB 0x00000000c2600000| Complete 
|  15|0x00000000c2700000, 0x00000000c2800000, 0x00000000c2800000|100%|HC|  |TAMS 0x00000000c2800000| PB 0x00000000c2700000| Complete 
|  16|0x00000000c2800000, 0x00000000c2900000, 0x00000000c2900000|100%|HC|  |TAMS 0x00000000c2900000| PB 0x00000000c2800000| Complete 
|  17|0x00000000c2900000, 0x00000000c2a00000, 0x00000000c2a00000|100%|HC|  |TAMS 0x00000000c2a00000| PB 0x00000000c2900000| Complete 
|  18|0x00000000c2a00000, 0x00000000c2b00000, 0x00000000c2b00000|100%|HC|  |TAMS 0x00000000c2b00000| PB 0x00000000c2a00000| Complete 
|  19|0x00000000c2b00000, 0x00000000c2c00000, 0x00000000c2c00000|100%|HC|  |TAMS 0x00000000c2c00000| PB 0x00000000c2b00000| Complete 
|  20|0x00000000c2c00000, 0x00000000c2d00000, 0x00000000c2d00000|100%|HC|  |TAMS 0x00000000c2d00000| PB 0x00000000c2c00000| Complete 
|  21|0x00000000c2d00000, 0x00000000c2e00000, 0x00000000c2e00000|100%|HC|  |TAMS 0x00000000c2e00000| PB 0x00000000c2d00000| Complete 
|  22|0x00000000c2e00000, 0x00000000c2f00000, 0x00000000c2f00000|100%|HC|  |TAMS 0x00000000c2f00000| PB 0x00000000c2e00000| Complete 
|  23|0x00000000c2f00000, 0x00000000c3000000, 0x00000000c3000000|100%|HC|  |TAMS 0x00000000c3000000| PB 0x00000000c2f00000| Complete 
|  24|0x00000000c3000000, 0x00000000c3100000, 0x00000000c3100000|100%|HC|  |TAMS 0x00000000c3100000| PB 0x00000000c3000000| Complete 
|  25|0x00000000c3100000, 0x00000000c3200000, 0x00000000c3200000|100%|HC|  |TAMS 0x00000000c3200000| PB 0x00000000c3100000| Complete 
|  26|0x00000000c3200000, 0x00000000c3300000, 0x00000000c3300000|100%|HC|  |TAMS 0x00000000c3300000| PB 0x00000000c3200000| Complete 
|  27|0x00000000c3300000, 0x00000000c3400000, 0x00000000c3400000|100%|HC|  |TAMS 0x00000000c3400000| PB 0x00000000c3300000| Complete 
|  28|0x00000000c3400000, 0x00000000c3500000, 0x00000000c3500000|100%|HC|  |TAMS 0x00000000c3500000| PB 0x00000000c3400000| Complete 
|  29|0x00000000c3500000, 0x00000000c3600000, 0x00000000c3600000|100%|HC|  |TAMS 0x00000000c3600000| PB 0x00000000c3500000| Complete 
|  30|0x00000000c3600000, 0x00000000c3700000, 0x00000000c3700000|100%|HC|  |TAMS 0x00000000c3700000| PB 0x00000000c3600000| Complete 
|  31|0x00000000c3700000, 0x00000000c3800000, 0x00000000c3800000|100%|HC|  |TAMS 0x00000000c3800000| PB 0x00000000c3700000| Complete 
|  32|0x00000000c3800000, 0x00000000c3900000, 0x00000000c3900000|100%|HC|  |TAMS 0x00000000c3900000| PB 0x00000000c3800000| Complete 
|  33|0x00000000c3900000, 0x00000000c3a00000, 0x00000000c3a00000|100%| O|  |TAMS 0x00000000c3a00000| PB 0x00000000c3900000| Untracked 
|  34|0x00000000c3a00000, 0x00000000c3a6ce00, 0x00000000c3b00000| 42%| O|  |TAMS 0x00000000c3a6ce00| PB 0x00000000c3a00000| Untracked 
|  35|0x00000000c3b00000, 0x00000000c3c00000, 0x00000000c3c00000|100%|HS|  |TAMS 0x00000000c3c00000| PB 0x00000000c3b00000| Complete 
|  36|0x00000000c3c00000, 0x00000000c3d00000, 0x00000000c3d00000|100%|HC|  |TAMS 0x00000000c3d00000| PB 0x00000000c3c00000| Complete 
|  37|0x00000000c3d00000, 0x00000000c3e00000, 0x00000000c3e00000|100%|HC|  |TAMS 0x00000000c3e00000| PB 0x00000000c3d00000| Complete 
|  38|0x00000000c3e00000, 0x00000000c3f00000, 0x00000000c3f00000|100%|HC|  |TAMS 0x00000000c3f00000| PB 0x00000000c3e00000| Complete 
|  39|0x00000000c3f00000, 0x00000000c4000000, 0x00000000c4000000|100%|HC|  |TAMS 0x00000000c4000000| PB 0x00000000c3f00000| Complete 
|  40|0x00000000c4000000, 0x00000000c4000000, 0x00000000c4100000|  0%| F|  |TAMS 0x00000000c4000000| PB 0x00000000c4000000| Untracked 
|  41|0x00000000c4100000, 0x00000000c4100000, 0x00000000c4200000|  0%| F|  |TAMS 0x00000000c4100000| PB 0x00000000c4100000| Untracked 
|  42|0x00000000c4200000, 0x00000000c4200000, 0x00000000c4300000|  0%| F|  |TAMS 0x00000000c4200000| PB 0x00000000c4200000| Untracked 
|  43|0x00000000c4300000, 0x00000000c4300000, 0x00000000c4400000|  0%| F|  |TAMS 0x00000000c4300000| PB 0x00000000c4300000| Untracked 
|  44|0x00000000c4400000, 0x00000000c4400000, 0x00000000c4500000|  0%| F|  |TAMS 0x00000000c4400000| PB 0x00000000c4400000| Untracked 
|  45|0x00000000c4500000, 0x00000000c4500000, 0x00000000c4600000|  0%| F|  |TAMS 0x00000000c4500000| PB 0x00000000c4500000| Untracked 
|  46|0x00000000c4600000, 0x00000000c4600000, 0x00000000c4700000|  0%| F|  |TAMS 0x00000000c4600000| PB 0x00000000c4600000| Untracked 
|  47|0x00000000c4700000, 0x00000000c4700000, 0x00000000c4800000|  0%| F|  |TAMS 0x00000000c4700000| PB 0x00000000c4700000| Untracked 
|  48|0x00000000c4800000, 0x00000000c4800000, 0x00000000c4900000|  0%| F|  |TAMS 0x00000000c4800000| PB 0x00000000c4800000| Untracked 
|  49|0x00000000c4900000, 0x00000000c4900000, 0x00000000c4a00000|  0%| F|  |TAMS 0x00000000c4900000| PB 0x00000000c4900000| Untracked 
|  50|0x00000000c4a00000, 0x00000000c4a00000, 0x00000000c4b00000|  0%| F|  |TAMS 0x00000000c4a00000| PB 0x00000000c4a00000| Untracked 
|  51|0x00000000c4b00000, 0x00000000c4b00000, 0x00000000c4c00000|  0%| F|  |TAMS 0x00000000c4b00000| PB 0x00000000c4b00000| Untracked 
|  52|0x00000000c4c00000, 0x00000000c4c00000, 0x00000000c4d00000|  0%| F|  |TAMS 0x00000000c4c00000| PB 0x00000000c4c00000| Untracked 
|  53|0x00000000c4d00000, 0x00000000c4d00000, 0x00000000c4e00000|  0%| F|  |TAMS 0x00000000c4d00000| PB 0x00000000c4d00000| Untracked 
|  54|0x00000000c4e00000, 0x00000000c4e00000, 0x00000000c4f00000|  0%| F|  |TAMS 0x00000000c4e00000| PB 0x00000000c4e00000| Untracked 
|  55|0x00000000c4f00000, 0x00000000c4f00000, 0x00000000c5000000|  0%| F|  |TAMS 0x00000000c4f00000| PB 0x00000000c4f00000| Untracked 
|  56|0x00000000c5000000, 0x00000000c5000000, 0x00000000c5100000|  0%| F|  |TAMS 0x00000000c5000000| PB 0x00000000c5000000| Untracked 
|  57|0x00000000c5100000, 0x00000000c5100000, 0x00000000c5200000|  0%| F|  |TAMS 0x00000000c5100000| PB 0x00000000c5100000| Untracked 
|  58|0x00000000c5200000, 0x00000000c5200000, 0x00000000c5300000|  0%| F|  |TAMS 0x00000000c5200000| PB 0x00000000c5200000| Untracked 
|  59|0x00000000c5300000, 0x00000000c5300000, 0x00000000c5400000|  0%| F|  |TAMS 0x00000000c5300000| PB 0x00000000c5300000| Untracked 
|  60|0x00000000c5400000, 0x00000000c5400000, 0x00000000c5500000|  0%| F|  |TAMS 0x00000000c5400000| PB 0x00000000c5400000| Untracked 
|  61|0x00000000c5500000, 0x00000000c5557698, 0x00000000c5600000| 34%| S|CS|TAMS 0x00000000c5500000| PB 0x00000000c5500000| Complete 
|  62|0x00000000c5600000, 0x00000000c5600000, 0x00000000c5700000|  0%| F|  |TAMS 0x00000000c5600000| PB 0x00000000c5600000| Untracked 
|  63|0x00000000c5700000, 0x00000000c5700000, 0x00000000c5800000|  0%| F|  |TAMS 0x00000000c5700000| PB 0x00000000c5700000| Untracked 
|  64|0x00000000c5800000, 0x00000000c5800000, 0x00000000c5900000|  0%| F|  |TAMS 0x00000000c5800000| PB 0x00000000c5800000| Untracked 
|  65|0x00000000c5900000, 0x00000000c5900000, 0x00000000c5a00000|  0%| F|  |TAMS 0x00000000c5900000| PB 0x00000000c5900000| Untracked 
|  66|0x00000000c5a00000, 0x00000000c5a00000, 0x00000000c5b00000|  0%| F|  |TAMS 0x00000000c5a00000| PB 0x00000000c5a00000| Untracked 
|  67|0x00000000c5b00000, 0x00000000c5b00000, 0x00000000c5c00000|  0%| F|  |TAMS 0x00000000c5b00000| PB 0x00000000c5b00000| Untracked 
|  68|0x00000000c5c00000, 0x00000000c5c00000, 0x00000000c5d00000|  0%| F|  |TAMS 0x00000000c5c00000| PB 0x00000000c5c00000| Untracked 
|  69|0x00000000c5d00000, 0x00000000c5d00000, 0x00000000c5e00000|  0%| F|  |TAMS 0x00000000c5d00000| PB 0x00000000c5d00000| Untracked 

Card table byte_map: [0x000001f34db10000,0x000001f34dd10000] _byte_map_base: 0x000001f34d504000

Marking Bits: (CMBitMap*) 0x000001f3364f1aa0
 Bits: [0x000001f34dd10000, 0x000001f34ecb0000)

Polling page: 0x000001f334460000

Metaspace:

Usage:
  Non-class:      6.36 MB used.
      Class:    779.54 KB used.
       Both:      7.12 MB used.

Virtual space:
  Non-class space:       64.00 MB reserved,       6.44 MB ( 10%) committed,  1 nodes.
      Class space:        1.00 GB reserved,     896.00 KB ( <1%) committed,  1 nodes.
             Both:        1.06 GB reserved,       7.31 MB ( <1%) committed. 

Chunk freelists:
   Non-Class:  9.00 MB
       Class:  15.11 MB
        Both:  24.11 MB

MaxMetaspaceSize: unlimited
CompressedClassSpaceSize: 1.00 GB
Initial GC threshold: 21.00 MB
Current GC threshold: 21.00 MB
CDS: on
 - commit_granule_bytes: 65536.
 - commit_granule_words: 8192.
 - virtual_space_node_default_size: 8388608.
 - enlarge_chunks_in_place: 1.
 - use_allocation_guard: 0.


Internal statistics:

num_allocs_failed_limit: 0.
num_arena_births: 152.
num_arena_deaths: 0.
num_vsnodes_births: 2.
num_vsnodes_deaths: 0.
num_space_committed: 117.
num_space_uncommitted: 0.
num_chunks_returned_to_freelist: 0.
num_chunks_taken_from_freelist: 191.
num_chunk_merges: 0.
num_chunk_splits: 111.
num_chunks_enlarged: 43.
num_inconsistent_stats: 0.

CodeHeap 'non-profiled nmethods': size=120000Kb used=297Kb max_used=297Kb free=119703Kb
 bounds [0x000001f3463e0000, 0x000001f346650000, 0x000001f34d910000]
CodeHeap 'profiled nmethods': size=120000Kb used=1388Kb max_used=1388Kb free=118612Kb
 bounds [0x000001f33e910000, 0x000001f33eb80000, 0x000001f345e40000]
CodeHeap 'non-nmethods': size=5760Kb used=1530Kb max_used=1542Kb free=4229Kb
 bounds [0x000001f345e40000, 0x000001f3460b0000, 0x000001f3463e0000]
 total_blobs=1497 nmethods=894 adapters=508
 compilation: enabled
              stopped_count=0, restarted_count=0
 full_count=0

Compilation events (20 events):
Event: 0.994 Thread 0x000001f3921478e0 nmethod 927 0x000001f33ea68690 code [0x000001f33ea68860, 0x000001f33ea68bb8]
Event: 0.994 Thread 0x000001f3921478e0  928       3       jdk.internal.logger.SurrogateLogger::defaultPlatformLevel (4 bytes)
Event: 0.994 Thread 0x000001f3921478e0 nmethod 928 0x000001f33ea68d10 code [0x000001f33ea68ea0, 0x000001f33ea68fb8]
Event: 0.994 Thread 0x000001f3921478e0  929       3       java.awt.geom.AffineTransform::hash (17 bytes)
Event: 0.994 Thread 0x000001f3921478e0 nmethod 929 0x000001f33ea69090 code [0x000001f33ea69240, 0x000001f33ea69520]
Event: 0.994 Thread 0x000001f3921478e0  930       3       java.lang.Double::doubleToLongBits (16 bytes)
Event: 0.994 Thread 0x000001f3921478e0 nmethod 930 0x000001f33ea69610 code [0x000001f33ea697c0, 0x000001f33ea69a10]
Event: 0.995 Thread 0x000001f392146e40 nmethod 922 0x000001f346429010 code [0x000001f3464291e0, 0x000001f3464295a0]
Event: 0.995 Thread 0x000001f392146e40  923       4       java.util.HashMap::getNode (150 bytes)
Event: 0.999 Thread 0x000001f392146e40 nmethod 923 0x000001f346429890 code [0x000001f346429a60, 0x000001f346429e40]
Event: 1.041 Thread 0x000001f392146e40  931       4       java.lang.Math::max (11 bytes)
Event: 1.041 Thread 0x000001f3921478e0  932       3       java.awt.Component::getParent (5 bytes)
Event: 1.041 Thread 0x000001f3921478e0 nmethod 932 0x000001f33ea69b10 code [0x000001f33ea69ca0, 0x000001f33ea69dc8]
Event: 1.041 Thread 0x000001f3921478e0  934       3       java.util.ArrayList$Itr::checkForComodification (23 bytes)
Event: 1.041 Thread 0x000001f392146e40 nmethod 931 0x000001f34642a110 code [0x000001f34642a280, 0x000001f34642a2f0]
Event: 1.041 Thread 0x000001f3921478e0 nmethod 934 0x000001f33ea69e90 code [0x000001f33ea6a040, 0x000001f33ea6a210]
Event: 1.041 Thread 0x000001f3921478e0  935       3       java.lang.Class::getInterfaces (49 bytes)
Event: 1.042 Thread 0x000001f3921478e0 nmethod 935 0x000001f33ea6a310 code [0x000001f33ea6a520, 0x000001f33ea6aa28]
Event: 1.042 Thread 0x000001f3921478e0  933       3       java.util.AbstractList::<init> (10 bytes)
Event: 1.042 Thread 0x000001f3921478e0 nmethod 933 0x000001f33ea6ab90 code [0x000001f33ea6ad40, 0x000001f33ea6af10]

GC Heap History (9 events):
Event: 0.341 GC heap before
{Heap before GC invocations=0 (full 0):
 garbage-first heap   total 65536K, used 6144K [0x00000000c1800000, 0x0000000100000000)
  region size 1024K, 7 young (7168K), 0 survivors (0K)
 Metaspace       used 4692K, committed 4864K, reserved 1114112K
  class space    used 482K, committed 576K, reserved 1048576K
}
Event: 0.348 GC heap after
{Heap after GC invocations=1 (full 0):
 garbage-first heap   total 65536K, used 2360K [0x00000000c1800000, 0x0000000100000000)
  region size 1024K, 2 young (2048K), 2 survivors (2048K)
 Metaspace       used 4692K, committed 4864K, reserved 1114112K
  class space    used 482K, committed 576K, reserved 1048576K
}
Event: 0.514 GC heap before
{Heap before GC invocations=1 (full 0):
 garbage-first heap   total 65536K, used 48440K [0x00000000c1800000, 0x0000000100000000)
  region size 1024K, 16 young (16384K), 2 survivors (2048K)
 Metaspace       used 4816K, committed 5056K, reserved 1114112K
  class space    used 488K, committed 640K, reserved 1048576K
}
Event: 0.517 GC heap after
{Heap after GC invocations=2 (full 0):
 garbage-first heap   total 65536K, used 35453K [0x00000000c1800000, 0x0000000100000000)
  region size 1024K, 1 young (1024K), 1 survivors (1024K)
 Metaspace       used 4816K, committed 5056K, reserved 1114112K
  class space    used 488K, committed 640K, reserved 1048576K
}
Event: 0.575 GC heap before
{Heap before GC invocations=2 (full 0):
 garbage-first heap   total 65536K, used 57981K [0x00000000c1800000, 0x0000000100000000)
  region size 1024K, 23 young (23552K), 1 survivors (1024K)
 Metaspace       used 4816K, committed 5056K, reserved 1114112K
  class space    used 488K, committed 640K, reserved 1048576K
}
Event: 0.576 GC heap after
{Heap after GC invocations=3 (full 0):
 garbage-first heap   total 65536K, used 35327K [0x00000000c1800000, 0x0000000100000000)
  region size 1024K, 1 young (1024K), 1 survivors (1024K)
 Metaspace       used 4816K, committed 5056K, reserved 1114112K
  class space    used 488K, committed 640K, reserved 1048576K
}
Event: 0.614 GC heap before
{Heap before GC invocations=4 (full 0):
 garbage-first heap   total 65536K, used 41471K [0x00000000c1800000, 0x0000000100000000)
  region size 1024K, 9 young (9216K), 1 survivors (1024K)
 Metaspace       used 4826K, committed 5056K, reserved 1114112K
  class space    used 490K, committed 640K, reserved 1048576K
}
Event: 0.615 GC heap after
{Heap after GC invocations=5 (full 0):
 garbage-first heap   total 65536K, used 35313K [0x00000000c1800000, 0x0000000100000000)
  region size 1024K, 1 young (1024K), 1 survivors (1024K)
 Metaspace       used 4826K, committed 5056K, reserved 1114112K
  class space    used 490K, committed 640K, reserved 1048576K
}
Event: 1.050 GC heap before
{Heap before GC invocations=6 (full 0):
 garbage-first heap   total 71680K, used 47601K [0x00000000c1800000, 0x0000000100000000)
  region size 1024K, 9 young (9216K), 1 survivors (1024K)
 Metaspace       used 7294K, committed 7488K, reserved 1114112K
  class space    used 779K, committed 896K, reserved 1048576K
}

Dll operation events (10 events):
Event: 0.010 Loaded shared library C:\Program Files\Java\jdk-21\bin\java.dll
Event: 0.043 Loaded shared library C:\Program Files\Java\jdk-21\bin\jsvml.dll
Event: 0.076 Loaded shared library C:\Program Files\Java\jdk-21\bin\net.dll
Event: 0.078 Loaded shared library C:\Program Files\Java\jdk-21\bin\nio.dll
Event: 0.114 Loaded shared library C:\Program Files\Java\jdk-21\bin\jimage.dll
Event: 0.129 Loaded shared library C:\Program Files\Java\jdk-21\bin\awt.dll
Event: 0.281 Loaded shared library C:\Program Files\Java\jdk-21\bin\zip.dll
Event: 0.328 Loaded shared library C:\Program Files\Java\jdk-21\bin\javajpeg.dll
Event: 0.913 Loaded shared library C:\Program Files\Java\jdk-21\bin\freetype.dll
Event: 0.914 Loaded shared library C:\Program Files\Java\jdk-21\bin\fontmanager.dll

Deoptimization events (20 events):
Event: 0.928 Thread 0x000001f3364bf6c0 Uncommon trap: trap_request=0xffffff45 fr.pc=0x000001f346410720 relative=0x0000000000000200
Event: 0.928 Thread 0x000001f3364bf6c0 Uncommon trap: reason=unstable_if action=reinterpret pc=0x000001f346410720 method=java.lang.StringUTF16.compress([CI[BII)I @ 20 c2
Event: 0.928 Thread 0x000001f3364bf6c0 DEOPT PACKING pc=0x000001f346410720 sp=0x0000004e6ddfd830
Event: 0.928 Thread 0x000001f3364bf6c0 DEOPT UNPACKING pc=0x000001f345e946a2 sp=0x0000004e6ddfd7a0 mode 2
Event: 0.979 Thread 0x000001f3364bf6c0 Uncommon trap: trap_request=0xffffffde fr.pc=0x000001f34641ff44 relative=0x00000000000002e4
Event: 0.979 Thread 0x000001f3364bf6c0 Uncommon trap: reason=class_check action=maybe_recompile pc=0x000001f34641ff44 method=java.util.HashMap.getNode(Ljava/lang/Object;)Ljava/util/HashMap$Node; @ 63 c2
Event: 0.979 Thread 0x000001f3364bf6c0 DEOPT PACKING pc=0x000001f34641ff44 sp=0x0000004e6ddfe350
Event: 0.979 Thread 0x000001f3364bf6c0 DEOPT UNPACKING pc=0x000001f345e946a2 sp=0x0000004e6ddfe258 mode 2
Event: 0.988 Thread 0x000001f3364bf6c0 Uncommon trap: trap_request=0xffffffde fr.pc=0x000001f34641ff44 relative=0x00000000000002e4
Event: 0.988 Thread 0x000001f3364bf6c0 Uncommon trap: reason=class_check action=maybe_recompile pc=0x000001f34641ff44 method=java.util.HashMap.getNode(Ljava/lang/Object;)Ljava/util/HashMap$Node; @ 63 c2
Event: 0.988 Thread 0x000001f3364bf6c0 DEOPT PACKING pc=0x000001f34641ff44 sp=0x0000004e6ddfe420
Event: 0.988 Thread 0x000001f3364bf6c0 DEOPT UNPACKING pc=0x000001f345e946a2 sp=0x0000004e6ddfe328 mode 2
Event: 0.988 Thread 0x000001f3364bf6c0 Uncommon trap: trap_request=0xffffffde fr.pc=0x000001f34641ff44 relative=0x00000000000002e4
Event: 0.988 Thread 0x000001f3364bf6c0 Uncommon trap: reason=class_check action=maybe_recompile pc=0x000001f34641ff44 method=java.util.HashMap.getNode(Ljava/lang/Object;)Ljava/util/HashMap$Node; @ 63 c2
Event: 0.988 Thread 0x000001f3364bf6c0 DEOPT PACKING pc=0x000001f34641ff44 sp=0x0000004e6ddfe420
Event: 0.988 Thread 0x000001f3364bf6c0 DEOPT UNPACKING pc=0x000001f345e946a2 sp=0x0000004e6ddfe328 mode 2
Event: 0.988 Thread 0x000001f3364bf6c0 Uncommon trap: trap_request=0xffffffde fr.pc=0x000001f346410d50 relative=0x00000000000002f0
Event: 0.988 Thread 0x000001f3364bf6c0 Uncommon trap: reason=class_check action=maybe_recompile pc=0x000001f346410d50 method=java.util.HashMap.getNode(Ljava/lang/Object;)Ljava/util/HashMap$Node; @ 63 c2
Event: 0.988 Thread 0x000001f3364bf6c0 DEOPT PACKING pc=0x000001f346410d50 sp=0x0000004e6ddfe2e0
Event: 0.988 Thread 0x000001f3364bf6c0 DEOPT UNPACKING pc=0x000001f345e946a2 sp=0x0000004e6ddfe258 mode 2

Classes loaded (20 events):
Event: 1.046 Loading class sun/java2d/d3d/D3DSurfaceData done
Event: 1.046 Loading class sun/java2d/d3d/D3DSurfaceData$D3DWindowSurfaceData done
Event: 1.047 Loading class java/awt/geom/Rectangle2D$Double
Event: 1.047 Loading class java/awt/geom/Rectangle2D$Double done
Event: 1.047 Loading class java/awt/GraphicsCallback$PaintCallback
Event: 1.047 Loading class java/awt/GraphicsCallback
Event: 1.047 Loading class sun/awt/SunGraphicsCallback
Event: 1.047 Loading class sun/awt/SunGraphicsCallback done
Event: 1.047 Loading class java/awt/GraphicsCallback done
Event: 1.047 Loading class java/awt/GraphicsCallback$PaintCallback done
Event: 1.048 Loading class sun/awt/image/BufferedImageGraphicsConfig
Event: 1.048 Loading class sun/awt/image/BufferedImageGraphicsConfig done
Event: 1.048 Loading class sun/print/PrinterGraphicsConfig
Event: 1.049 Loading class sun/print/PrinterGraphicsConfig done
Event: 1.049 Loading class sun/java2d/opengl/WGLGraphicsConfig
Event: 1.049 Loading class sun/java2d/opengl/OGLGraphicsConfig
Event: 1.049 Loading class sun/java2d/opengl/OGLGraphicsConfig done
Event: 1.049 Loading class sun/java2d/opengl/WGLGraphicsConfig done
Event: 1.049 Loading class sun/awt/image/BufImgVolatileSurfaceManager
Event: 1.049 Loading class sun/awt/image/BufImgVolatileSurfaceManager done

Classes unloaded (0 events):
No events

Classes redefined (0 events):
No events

Internal exceptions (15 events):
Event: 0.079 Thread 0x000001f3364bf6c0 Exception <a 'sun/nio/fs/WindowsException'{0x00000000c5676cb8}> (0x00000000c5676cb8) 
thrown [s\open\src\hotspot\share\prims\jni.cpp, line 520]
Event: 0.081 Thread 0x000001f3364bf6c0 Exception <a 'sun/nio/fs/WindowsException'{0x00000000c56792b8}> (0x00000000c56792b8) 
thrown [s\open\src\hotspot\share\prims\jni.cpp, line 520]
Event: 0.082 Thread 0x000001f3364bf6c0 Exception <a 'sun/nio/fs/WindowsException'{0x00000000c5679e28}> (0x00000000c5679e28) 
thrown [s\open\src\hotspot\share\prims\jni.cpp, line 520]
Event: 0.120 Thread 0x000001f3364bf6c0 Exception <a 'java/lang/ClassNotFoundException'{0x00000000c555cdd0}: sun/awt/resources/spi/awtProvider> (0x00000000c555cdd0) 
thrown [s\open\src\hotspot\share\classfile\systemDictionary.cpp, line 312]
Event: 0.139 Thread 0x000001f3364bf6c0 Exception <a 'java/io/FileNotFoundException'{0x00000000c55b2400}> (0x00000000c55b2400) 
thrown [s\open\src\hotspot\share\prims\jni.cpp, line 520]
Event: 0.145 Thread 0x000001f3364bf6c0 Exception <a 'java/io/FileNotFoundException'{0x00000000c55dc720}> (0x00000000c55dc720) 
thrown [s\open\src\hotspot\share\prims\jni.cpp, line 520]
Event: 0.216 Thread 0x000001f3364bf6c0 Exception <a 'java/lang/NoSuchMethodError'{0x00000000c546f858}: 'void java.lang.invoke.DirectMethodHandle$Holder.invokeSpecial(java.lang.Object, java.lang.Object, java.lang.Object)'> (0x00000000c546f858) 
thrown [s\open\src\hotspot\share\interpreter\linkResolver.cpp, line 773]
Event: 0.223 Thread 0x000001f3364bf6c0 Exception <a 'java/lang/NoSuchMethodError'{0x00000000c530fd00}: 'java.lang.Object java.lang.invoke.DirectMethodHandle$Holder.newInvokeSpecial(java.lang.Object, java.lang.Object, java.lang.Object, java.lang.Object, java.lang.Object)'> (0x00000000c530fd00) 
thrown [s\open\src\hotspot\share\interpreter\linkResolver.cpp, line 773]
Event: 0.228 Thread 0x000001f3364bf6c0 Exception <a 'java/lang/NoSuchMethodError'{0x00000000c533b888}: 'java.lang.Object java.lang.invoke.DirectMethodHandle$Holder.invokeStatic(java.lang.Object, int, java.lang.Object)'> (0x00000000c533b888) 
thrown [s\open\src\hotspot\share\interpreter\linkResolver.cpp, line 773]
Event: 0.245 Thread 0x000001f3364bf6c0 Exception <a 'java/lang/ClassNotFoundException'{0x00000000c53db450}: com/sun/swing/internal/plaf/metal/resources/spi/metalProvider> (0x00000000c53db450) 
thrown [s\open\src\hotspot\share\classfile\systemDictionary.cpp, line 312]
Event: 0.246 Thread 0x000001f3364bf6c0 Exception <a 'java/lang/ClassNotFoundException'{0x00000000c53df3b0}: com/sun/swing/internal/plaf/basic/resources/spi/basicProvider> (0x00000000c53df3b0) 
thrown [s\open\src\hotspot\share\classfile\systemDictionary.cpp, line 312]
Event: 0.255 Thread 0x000001f3364bf6c0 Exception <a 'java/lang/NoSuchMethodError'{0x00000000c53fe580}: 'int java.lang.invoke.Invokers$Holder.invokeExact_MT(java.lang.Object, java.lang.Object)'> (0x00000000c53fe580) 
thrown [s\open\src\hotspot\share\interpreter\linkResolver.cpp, line 773]
Event: 0.331 Thread 0x000001f3925cfd20 Exception <a 'java/lang/NoSuchMethodError'{0x00000000c51e6738}: 'java.lang.Object java.lang.invoke.DirectMethodHandle$Holder.newInvokeSpecial(java.lang.Object, java.lang.Object, java.lang.Object, int, int, int, int, int)'> (0x00000000c51e6738) 
thrown [s\open\src\hotspot\share\interpreter\linkResolver.cpp, line 773]
Event: 0.879 Thread 0x000001f392574b30 Exception <a 'java/lang/NoSuchMethodError'{0x00000000c5887cb8}: 'void java.lang.invoke.DirectMethodHandle$Holder.invokeVirtual(java.lang.Object, java.lang.Object)'> (0x00000000c5887cb8) 
thrown [s\open\src\hotspot\share\interpreter\linkResolver.cpp, line 773]
Event: 0.904 Thread 0x000001f3364bf6c0 Exception <a 'java/lang/NoSuchMethodError'{0x00000000c58348b0}: 'void java.lang.invoke.DirectMethodHandle$Holder.invokeStaticInit(java.lang.Object)'> (0x00000000c58348b0) 
thrown [s\open\src\hotspot\share\interpreter\linkResolver.cpp, line 773]

ZGC Phase Switch (0 events):
No events

VM Operations (20 events):
Event: 0.517 Executing VM operation: G1CollectForAllocation (G1 Evacuation Pause) done
Event: 0.575 Executing VM operation: G1CollectForAllocation (G1 Evacuation Pause)
Event: 0.576 Executing VM operation: G1CollectForAllocation (G1 Evacuation Pause) done
Event: 0.583 Executing VM operation: G1PauseRemark
Event: 0.583 Executing VM operation: G1PauseRemark done
Event: 0.586 Executing VM operation: G1PauseCleanup
Event: 0.586 Executing VM operation: G1PauseCleanup done
Event: 0.603 Executing VM operation: HandshakeAllThreads (Deoptimize)
Event: 0.603 Executing VM operation: HandshakeAllThreads (Deoptimize) done
Event: 0.614 Executing VM operation: G1TryInitiateConcMark (G1 Humongous Allocation)
Event: 0.615 Executing VM operation: G1TryInitiateConcMark (G1 Humongous Allocation) done
Event: 0.623 Executing VM operation: G1PauseRemark
Event: 0.624 Executing VM operation: G1PauseRemark done
Event: 0.626 Executing VM operation: G1PauseCleanup
Event: 0.626 Executing VM operation: G1PauseCleanup done
Event: 0.846 Executing VM operation: HandshakeAllThreads (Deoptimize)
Event: 0.846 Executing VM operation: HandshakeAllThreads (Deoptimize) done
Event: 0.959 Executing VM operation: HandshakeAllThreads (Deoptimize)
Event: 0.959 Executing VM operation: HandshakeAllThreads (Deoptimize) done
Event: 1.050 Executing VM operation: G1TryInitiateConcMark (G1 Humongous Allocation)

Events (20 events):
Event: 0.623 Thread 0x000001f3365718e0 flushing nmethod 0x000001f33e926190
Event: 0.623 Thread 0x000001f3365718e0 flushing nmethod 0x000001f33e92ea10
Event: 0.623 Thread 0x000001f3365718e0 flushing nmethod 0x000001f33e917c90
Event: 0.623 Thread 0x000001f3365718e0 flushing nmethod 0x000001f33e926a10
Event: 0.623 Thread 0x000001f3365718e0 flushing nmethod 0x000001f33e91ad90
Event: 0.623 Thread 0x000001f3365718e0 flushing nmethod 0x000001f33e91a810
Event: 0.623 Thread 0x000001f3365718e0 flushing nmethod 0x000001f33e91a490
Event: 0.623 Thread 0x000001f3365718e0 flushing nmethod 0x000001f33e915890
Event: 0.623 Thread 0x000001f3365718e0 flushing nmethod 0x000001f33e919690
Event: 0.623 Thread 0x000001f3365718e0 flushing nmethod 0x000001f33e915110
Event: 0.623 Thread 0x000001f3365718e0 flushing nmethod 0x000001f33e910790
Event: 0.623 Thread 0x000001f3365718e0 flushing nmethod 0x000001f33e919310
Event: 0.623 Thread 0x000001f3365718e0 flushing nmethod 0x000001f33e914c10
Event: 0.623 Thread 0x000001f3365718e0 flushing nmethod 0x000001f33e910010
Event: 0.623 Thread 0x000001f3365718e0 flushing nmethod 0x000001f33e912190
Event: 0.623 Thread 0x000001f3365718e0 flushing nmethod 0x000001f33e911d10
Event: 0.623 Thread 0x000001f3365718e0 flushing nmethod 0x000001f3463eeb10
Event: 0.878 Thread 0x000001f3926f7580 Thread added: 0x000001f3926f7580
Event: 1.040 Thread 0x000001f3364bf6c0 Thread exited: 0x000001f3364bf6c0
Event: 1.040 Thread 0x000001f3364bf6c0 Thread added: 0x000001f3364bf6c0


Dynamic libraries:
0x00007ff61be40000 - 0x00007ff61be50000 	C:\Program Files\Java\jdk-21\bin\java.exe
0x00007ffd9fc90000 - 0x00007ffd9fe88000 	C:\Windows\SYSTEM32\ntdll.dll
0x00007ffd9de30000 - 0x00007ffd9def1000 	C:\Windows\System32\KERNEL32.DLL
0x00007ffd9d340000 - 0x00007ffd9d63d000 	C:\Windows\System32\KERNELBASE.dll
0x00007ffd99a10000 - 0x00007ffd99aa4000 	C:\Windows\SYSTEM32\apphelp.dll
0x00007ffd9d670000 - 0x00007ffd9d770000 	C:\Windows\System32\ucrtbase.dll
0x00007ffd969e0000 - 0x00007ffd969f9000 	C:\Program Files\Java\jdk-21\bin\jli.dll
0x00007ffd99760000 - 0x00007ffd9977b000 	C:\Program Files\Java\jdk-21\bin\VCRUNTIME140.dll
0x00007ffd9ebd0000 - 0x00007ffd9ec80000 	C:\Windows\System32\ADVAPI32.dll
0x00007ffd9f100000 - 0x00007ffd9f19e000 	C:\Windows\System32\msvcrt.dll
0x00007ffd9dcc0000 - 0x00007ffd9dd60000 	C:\Windows\System32\sechost.dll
0x00007ffd9e180000 - 0x00007ffd9e2a3000 	C:\Windows\System32\RPCRT4.dll
0x00007ffd9db90000 - 0x00007ffd9dbb7000 	C:\Windows\System32\bcrypt.dll
0x00007ffd9f5b0000 - 0x00007ffd9f74d000 	C:\Windows\System32\USER32.dll
0x00007ffd9d640000 - 0x00007ffd9d662000 	C:\Windows\System32\win32u.dll
0x00007ffd9f520000 - 0x00007ffd9f54b000 	C:\Windows\System32\GDI32.dll
0x00007ffd89a40000 - 0x00007ffd89cda000 	C:\Windows\WinSxS\amd64_microsoft.windows.common-controls_6595b64144ccf1df_6.0.19041.4355_none_60b8b9eb71f62e16\COMCTL32.dll
0x00007ffd9d7e0000 - 0x00007ffd9d8f7000 	C:\Windows\System32\gdi32full.dll
0x00007ffd9d900000 - 0x00007ffd9d99d000 	C:\Windows\System32\msvcp_win.dll
0x00007ffd96390000 - 0x00007ffd9639a000 	C:\Windows\SYSTEM32\VERSION.dll
0x00007ffd9e150000 - 0x00007ffd9e17f000 	C:\Windows\System32\IMM32.DLL
0x00007ffd999c0000 - 0x00007ffd999cc000 	C:\Program Files\Java\jdk-21\bin\vcruntime140_1.dll
0x00007ffd5cb70000 - 0x00007ffd5cbfe000 	C:\Program Files\Java\jdk-21\bin\msvcp140.dll
0x00007ffd54500000 - 0x00007ffd55215000 	C:\Program Files\Java\jdk-21\bin\server\jvm.dll
0x00007ffd9f1a0000 - 0x00007ffd9f20b000 	C:\Windows\System32\WS2_32.dll
0x00007ffd93200000 - 0x00007ffd93227000 	C:\Windows\SYSTEM32\WINMM.dll
0x00007ffd9d0f0000 - 0x00007ffd9d13b000 	C:\Windows\SYSTEM32\POWRPROF.dll
0x00007ffd9d0d0000 - 0x00007ffd9d0e2000 	C:\Windows\SYSTEM32\UMPDC.dll
0x00007ffd9bb70000 - 0x00007ffd9bb82000 	C:\Windows\SYSTEM32\kernel.appcore.dll
0x00007ffd8b010000 - 0x00007ffd8b01a000 	C:\Program Files\Java\jdk-21\bin\jimage.dll
0x00007ffd9b820000 - 0x00007ffd9ba04000 	C:\Windows\SYSTEM32\DBGHELP.DLL
0x00007ffd84e80000 - 0x00007ffd84eb4000 	C:\Windows\SYSTEM32\dbgcore.DLL
0x00007ffd9d9a0000 - 0x00007ffd9da22000 	C:\Windows\System32\bcryptPrimitives.dll
0x00007ffd706f0000 - 0x00007ffd7070f000 	C:\Program Files\Java\jdk-21\bin\java.dll
0x00007ffd9e2b0000 - 0x00007ffd9ea1f000 	C:\Windows\System32\SHELL32.dll
0x00007ffd9b070000 - 0x00007ffd9b813000 	C:\Windows\SYSTEM32\windows.storage.dll
0x00007ffd9f800000 - 0x00007ffd9fb53000 	C:\Windows\System32\combase.dll
0x00007ffd9cd00000 - 0x00007ffd9cd2e000 	C:\Windows\SYSTEM32\Wldp.dll
0x00007ffd9f2a0000 - 0x00007ffd9f36d000 	C:\Windows\System32\OLEAUT32.dll
0x00007ffd9f750000 - 0x00007ffd9f7fd000 	C:\Windows\System32\SHCORE.dll
0x00007ffd9fbe0000 - 0x00007ffd9fc35000 	C:\Windows\System32\shlwapi.dll
0x00007ffd9d270000 - 0x00007ffd9d294000 	C:\Windows\SYSTEM32\profapi.dll
0x00007ffd5c600000 - 0x00007ffd5c6d7000 	C:\Program Files\Java\jdk-21\bin\jsvml.dll
0x00007ffd893a0000 - 0x00007ffd893b0000 	C:\Program Files\Java\jdk-21\bin\net.dll
0x00007ffd935b0000 - 0x00007ffd936bd000 	C:\Windows\SYSTEM32\WINHTTP.dll
0x00007ffd9ca00000 - 0x00007ffd9ca6a000 	C:\Windows\system32\mswsock.dll
0x00007ffd702d0000 - 0x00007ffd702e6000 	C:\Program Files\Java\jdk-21\bin\nio.dll
0x00007ffd57220000 - 0x00007ffd573af000 	C:\Program Files\Java\jdk-21\bin\awt.dll
0x00007ffd9aad0000 - 0x00007ffd9aaff000 	C:\Windows\system32\DWMAPI.DLL
0x00007ffd9a8e0000 - 0x00007ffd9a97e000 	C:\Windows\system32\uxtheme.dll
0x00007ffd848d0000 - 0x00007ffd849f8000 	C:\Windows\system32\opengl32.dll
0x00007ffd854e0000 - 0x00007ffd8550c000 	C:\Windows\SYSTEM32\GLU32.dll
0x00007ffd9e030000 - 0x00007ffd9e145000 	C:\Windows\System32\MSCTF.dll
0x00007ffd9df00000 - 0x00007ffd9e02b000 	C:\Windows\System32\ole32.dll
0x00007ffd6fb60000 - 0x00007ffd6fb78000 	C:\Program Files\Java\jdk-21\bin\zip.dll
0x00007ffd68570000 - 0x00007ffd6859e000 	C:\Program Files\Java\jdk-21\bin\javajpeg.dll
0x00007ffd5c4a0000 - 0x00007ffd5c527000 	C:\Program Files\Java\jdk-21\bin\freetype.dll
0x00007ffd57140000 - 0x00007ffd57213000 	C:\Program Files\Java\jdk-21\bin\fontmanager.dll
0x00007ffd8c5f0000 - 0x00007ffd8c6e9000 	C:\Windows\SYSTEM32\textinputframework.dll
0x00007ffd98ca0000 - 0x00007ffd98ffb000 	C:\Windows\System32\CoreUIComponents.dll
0x00007ffd99150000 - 0x00007ffd99242000 	C:\Windows\System32\CoreMessaging.dll
0x00007ffd9c570000 - 0x00007ffd9c5a3000 	C:\Windows\SYSTEM32\ntmarta.dll
0x00007ffd99510000 - 0x00007ffd99667000 	C:\Windows\SYSTEM32\wintypes.dll

dbghelp: loaded successfully - version: 4.0.5 - missing functions: none
symbol engine: initialized successfully - sym options: 0x614 - pdb path: .;C:\Program Files\Java\jdk-21\bin;C:\Windows\SYSTEM32;C:\Windows\WinSxS\amd64_microsoft.windows.common-controls_6595b64144ccf1df_6.0.19041.4355_none_60b8b9eb71f62e16;C:\Program Files\Java\jdk-21\bin\server

VM Arguments:
jvm_args: -Dfile.encoding=UTF-8 --module-path=C:\Users\Dell\Documents\NetBeansProjects\University_anagement_System\build\classes 
java_command: university.management.system.Project
java_class_path (initial): C:\Users\Dell\Documents\NetBeansProjects\University_anagement_System\build\classes
Launcher Type: SUN_STANDARD

[Global flags]
     intx CICompilerCount                          = 3                                         {product} {ergonomic}
     uint ConcGCThreads                            = 1                                         {product} {ergonomic}
     uint G1ConcRefinementThreads                  = 4                                         {product} {ergonomic}
   size_t G1HeapRegionSize                         = 1048576                                   {product} {ergonomic}
    uintx GCDrainStackTargetSize                   = 64                                        {product} {ergonomic}
   size_t InitialHeapSize                          = 67108864                                  {product} {ergonomic}
   size_t MarkStackSize                            = 4194304                                   {product} {ergonomic}
   size_t MaxHeapSize                              = 1048576000                                {product} {ergonomic}
   size_t MaxNewSize                               = 629145600                                 {product} {ergonomic}
   size_t MinHeapDeltaBytes                        = 1048576                                   {product} {ergonomic}
   size_t MinHeapSize                              = 8388608                                   {product} {ergonomic}
    uintx NonNMethodCodeHeapSize                   = 5832780                                {pd product} {ergonomic}
    uintx NonProfiledCodeHeapSize                  = 122912730                              {pd product} {ergonomic}
    uintx ProfiledCodeHeapSize                     = 122912730                              {pd product} {ergonomic}
    uintx ReservedCodeCacheSize                    = 251658240                              {pd product} {ergonomic}
     bool SegmentedCodeCache                       = true                                      {product} {ergonomic}
   size_t SoftMaxHeapSize                          = 1048576000                             {manageable} {ergonomic}
     bool UseCompressedOops                        = true                           {product lp64_product} {ergonomic}
     bool UseG1GC                                  = true                                      {product} {ergonomic}
     bool UseLargePagesIndividualAllocation        = false                                  {pd product} {ergonomic}

Logging:
Log output configuration:
 #0: stdout all=warning uptime,level,tags foldmultilines=false
 #1: stderr all=off uptime,level,tags foldmultilines=false

Environment Variables:
JAVA_HOME=C:\Program Files\Java\jdk-20
PATH=D:\oracledb\WINDOWS.X64_193000_db_home\bin;C:\Python311\Scripts\;C:\Python311\;C:\Program Files\Common Files\Oracle\Java\javapath;C:\Windows\system32;C:\Windows;C:\Windows\System32\Wbem;C:\Windows\System32\WindowsPowerShell\v1.0\;C:\Windows\System32\OpenSSH\;C:\MinGW\bin;C:\Program Files\Java\jdk-20\bin;C:\Program Files\Java\jdk-21\bin;D:\Git\cmd;C:\Program Files\MySQL\MySQL Server 8.0;C:\Program Files\MySQL\MySQL Shell 8.0\bin\;C:\Users\Dell\AppData\Local\Microsoft\WindowsApps;C:\Users\Dell\AppData\Local\Programs\Microsoft VS Code\bin;C:\ProgramData\Dell\GitHubDesktop\bin;C:\Users\Dell\AppData\Local\GitHubDesktop\bin
USERNAME=Dell
OS=Windows_NT
PROCESSOR_IDENTIFIER=Intel64 Family 6 Model 142 Stepping 10, GenuineIntel
TMP=C:\Users\Dell\AppData\Local\Temp
TEMP=C:\Users\Dell\AppData\Local\Temp




Periodic native trim disabled

---------------  S Y S T E M  ---------------

OS:
 Windows 10 , 64 bit Build 19041 (10.0.19041.4842)
OS uptime: 0 days 7:22 hours

CPU: total 4 (initial active 4) (2 cores per cpu, 2 threads per core) family 6 model 142 stepping 10 microcode 0xf0, cx8, cmov, fxsr, ht, mmx, 3dnowpref, sse, sse2, sse3, ssse3, sse4.1, sse4.2, popcnt, lzcnt, tsc, tscinvbit, avx, avx2, aes, erms, clmul, bmi1, bmi2, adx, fma, vzeroupper, clflush, clflushopt, rdtscp, f16c
Processor Information for all 4 processors :
  Max Mhz: 2208, Current Mhz: 2208, Mhz Limit: 2208

Memory: 4k page, system-wide physical 3993M (156M free)
TotalPageFile size 16281M (AvailPageFile size 7M)
current process WorkingSet (physical memory assigned to process): 121M, peak: 139M
current process commit charge ("private bytes"): 153M, peak: 175M

vm_info: Java HotSpot(TM) 64-Bit Server VM (21.0.1+12-LTS-29) for windows-amd64 JRE (21.0.1+12-LTS-29), built on 2023-10-05T13:27:09Z by "mach5one" with MS VC++ 17.1 (VS2022)

END.
