#
# There is insufficient memory for the Java Runtime Environment to continue.
# Native memory allocation (mmap) failed to map 14680064 bytes for G1 virtual space
# Possible reasons:
#   The system is out of physical RAM or swap space
#   The process is running with CompressedOops enabled, and the Java Heap may be blocking the growth of the native heap
# Possible solutions:
#   Reduce memory load on the system
#   Increase physical memory or swap space
#   Check if swap backing store is full
#   Decrease Java heap size (-Xmx/-Xms)
#   Decrease number of Java threads
#   Decrease Java thread stack sizes (-Xss)
#   Set larger code cache with -XX:ReservedCodeCacheSize=
#   JVM is running with Unscaled Compressed Oops mode in which the Java heap is
#     placed in the first 4GB address space. The Java Heap base address is the
#     maximum limit for the native heap growth. Please use -XX:HeapBaseMinAddress
#     to set the Java Heap base and to place the Java Heap above 4GB virtual address.
# This output file may be truncated or incomplete.
#
#  Out of Memory Error (os_windows.cpp:3600), pid=1716, tid=5356
#
# JRE version: Java(TM) SE Runtime Environment (21.0.1+12) (build 21.0.1+12-LTS-29)
# Java VM: Java HotSpot(TM) 64-Bit Server VM (21.0.1+12-LTS-29, mixed mode, sharing, tiered, compressed oops, compressed class ptrs, g1 gc, windows-amd64)
# No core dump will be written. Minidumps are not enabled by default on client versions of Windows
#

---------------  S U M M A R Y ------------

Command Line: -Dfile.encoding=UTF-8 --module-path=C:\Users\Dell\Documents\NetBeansProjects\University_anagement_System\build\classes university.management.system.Project

Host: Intel(R) Core(TM) i3-8130U CPU @ 2.20GHz, 4 cores, 3G,  Windows 10 , 64 bit Build 19041 (10.0.19041.4842)
Time: Sat Oct  5 16:49:09 2024 India Standard Time elapsed time: 2.198099 seconds (0d 0h 0m 2s)

---------------  T H R E A D  ---------------

Current thread (0x0000026b25567600):  VMThread "VM Thread"          [id=5356, stack(0x0000007cfd700000,0x0000007cfd800000) (1024K)]

Stack: [0x0000007cfd700000,0x0000007cfd800000]
Native frames: (J=compiled Java code, j=interpreted, Vv=VM code, C=native code)
V  [jvm.dll+0x6c9029]
V  [jvm.dll+0x854b81]
V  [jvm.dll+0x856e5e]
V  [jvm.dll+0x857543]
V  [jvm.dll+0x280c06]
V  [jvm.dll+0x6c5715]
V  [jvm.dll+0x6ba10a]
V  [jvm.dll+0x3557ea]
V  [jvm.dll+0x35d436]
V  [jvm.dll+0x3ae1be]
V  [jvm.dll+0x3ae468]
V  [jvm.dll+0x3291fc]
V  [jvm.dll+0x32baa6]
V  [jvm.dll+0x3359fe]
V  [jvm.dll+0x36bc65]
V  [jvm.dll+0x85d048]
V  [jvm.dll+0x85e144]
V  [jvm.dll+0x85e680]
V  [jvm.dll+0x85e923]
V  [jvm.dll+0x7fd728]
V  [jvm.dll+0x6c777d]
C  [ucrtbase.dll+0x21bb2]
C  [KERNEL32.DLL+0x17374]
C  [ntdll.dll+0x4cc91]

VM_Operation (0x0000007cfd2ff510): G1PauseRemark, mode: safepoint, requested by thread 0x0000026b254e9ad0


---------------  P R O C E S S  ---------------

Threads class SMR info:
_java_thread_list=0x0000026b816c2d80, length=16, elements={
0x0000026b811223e0, 0x0000026b2557e2a0, 0x0000026b81129540, 0x0000026b8112dbd0,
0x0000026b811309f0, 0x0000026b811352d0, 0x0000026b811360e0, 0x0000026b81138f40,
0x0000026b81321080, 0x0000026b813f3180, 0x0000026b81563640, 0x0000026b81584630,
0x0000026b815dde00, 0x0000026b81610910, 0x0000026b81683da0, 0x0000026b23309f00
}

Java Threads: ( => current thread )
  0x0000026b811223e0 JavaThread "Reference Handler"          daemon [_thread_blocked, id=5992, stack(0x0000007cfd800000,0x0000007cfd900000) (1024K)]
  0x0000026b2557e2a0 JavaThread "Finalizer"                  daemon [_thread_blocked, id=2120, stack(0x0000007cfd900000,0x0000007cfda00000) (1024K)]
  0x0000026b81129540 JavaThread "Signal Dispatcher"          daemon [_thread_blocked, id=12672, stack(0x0000007cfda00000,0x0000007cfdb00000) (1024K)]
  0x0000026b8112dbd0 JavaThread "Attach Listener"            daemon [_thread_blocked, id=13880, stack(0x0000007cfdb00000,0x0000007cfdc00000) (1024K)]
  0x0000026b811309f0 JavaThread "Service Thread"             daemon [_thread_blocked, id=12844, stack(0x0000007cfdc00000,0x0000007cfdd00000) (1024K)]
  0x0000026b811352d0 JavaThread "Monitor Deflation Thread"   daemon [_thread_blocked, id=7856, stack(0x0000007cfdd00000,0x0000007cfde00000) (1024K)]
  0x0000026b811360e0 JavaThread "C2 CompilerThread0"         daemon [_thread_blocked, id=18928, stack(0x0000007cfde00000,0x0000007cfdf00000) (1024K)]
  0x0000026b81138f40 JavaThread "C1 CompilerThread0"         daemon [_thread_blocked, id=15808, stack(0x0000007cfdf00000,0x0000007cfe000000) (1024K)]
  0x0000026b81321080 JavaThread "Common-Cleaner"             daemon [_thread_blocked, id=4968, stack(0x0000007cfe000000,0x0000007cfe100000) (1024K)]
  0x0000026b813f3180 JavaThread "Notification Thread"        daemon [_thread_blocked, id=7716, stack(0x0000007cfe100000,0x0000007cfe200000) (1024K)]
  0x0000026b81563640 JavaThread "Java2D Disposer"            daemon [_thread_blocked, id=14288, stack(0x0000007cfe200000,0x0000007cfe300000) (1024K)]
  0x0000026b81584630 JavaThread "AWT-Windows"                daemon [_thread_blocked, id=8068, stack(0x0000007cfe400000,0x0000007cfe500000) (1024K)]
  0x0000026b815dde00 JavaThread "Image Fetcher 0"            daemon [_thread_blocked, id=8776, stack(0x0000007cfe500000,0x0000007cfe600000) (1024K)]
  0x0000026b81610910 JavaThread "AWT-Shutdown"                      [_thread_blocked, id=13640, stack(0x0000007cfe300000,0x0000007cfe400000) (1024K)]
  0x0000026b81683da0 JavaThread "AWT-EventQueue-0"                  [_thread_blocked, id=4584, stack(0x0000007cfe900000,0x0000007cfea00000) (1024K)]
  0x0000026b23309f00 JavaThread "DestroyJavaVM"                     [_thread_blocked, id=660, stack(0x0000007cfd000000,0x0000007cfd100000) (1024K)]
Total: 16

Other Threads:
=>0x0000026b25567600 VMThread "VM Thread"                           [id=5356, stack(0x0000007cfd700000,0x0000007cfd800000) (1024K)]
  0x0000026b2554ede0 WatcherThread "VM Periodic Task Thread"        [id=5340, stack(0x0000007cfd600000,0x0000007cfd700000) (1024K)]
  0x0000026b254e0d30 WorkerThread "GC Thread#0"                     [id=20032, stack(0x0000007cfd100000,0x0000007cfd200000) (1024K)]
  0x0000026b816d1250 WorkerThread "GC Thread#1"                     [id=3628, stack(0x0000007cfe600000,0x0000007cfe700000) (1024K)]
  0x0000026b816d7ab0 WorkerThread "GC Thread#2"                     [id=11432, stack(0x0000007cfe700000,0x0000007cfe800000) (1024K)]
  0x0000026b816d8660 WorkerThread "GC Thread#3"                     [id=17660, stack(0x0000007cfe800000,0x0000007cfe900000) (1024K)]
  0x0000026b254e9ad0 ConcurrentGCThread "G1 Main Marker"            [id=17672, stack(0x0000007cfd200000,0x0000007cfd300000) (1024K)]
  0x0000026b254ea4e0 WorkerThread "G1 Conc#0"                       [id=16872, stack(0x0000007cfd300000,0x0000007cfd400000) (1024K)]
  0x0000026b2553f550 ConcurrentGCThread "G1 Refine#0"               [id=10400, stack(0x0000007cfd400000,0x0000007cfd500000) (1024K)]
  0x0000026b2553ffd0 ConcurrentGCThread "G1 Service"                [id=1552, stack(0x0000007cfd500000,0x0000007cfd600000) (1024K)]
Total: 10

Threads with active compile tasks:
Total: 0

VM state: at safepoint (normal execution)

VM Mutex/Monitor currently owned by a thread:  ([mutex/lock_event])
[0x00007ffd3b61a5f8] Threads_lock - owner thread: 0x0000026b25567600
[0x00007ffd3b61a6f8] Heap_lock - owner thread: 0x0000026b254e9ad0

Heap address: 0x00000000c1800000, size: 1000 MB, Compressed Oops mode: 32-bit

CDS archive(s) mapped at: [0x0000026b40000000-0x0000026b40c90000-0x0000026b40c90000), size 13172736, SharedBaseAddress: 0x0000026b40000000, ArchiveRelocationMode: 1.
Compressed class space mapped at: 0x0000026b41000000-0x0000026b81000000, reserved size: 1073741824
Narrow klass base: 0x0000026b40000000, Narrow klass shift: 0, Narrow klass range: 0x100000000

GC Precious Log:
 CardTable entry size: 512
 Card Set container configuration: InlinePtr #cards 5 size 8 Array Of Cards #cards 12 size 40 Howl #buckets 4 coarsen threshold 1843 Howl Bitmap #cards 512 size 80 coarsen threshold 460 Card regions per heap region 1 cards per card region 2048
 CPUs: 4 total, 4 available
 Memory: 3993M
 Large Page Support: Disabled
 NUMA Support: Disabled
 Compressed Oops: Enabled (32-bit)
 Heap Region Size: 1M
 Heap Min Capacity: 8M
 Heap Initial Capacity: 64M
 Heap Max Capacity: 1000M
 Pre-touch: Disabled
 Parallel Workers: 4
 Concurrent Workers: 1
 Concurrent Refinement Workers: 4
 Periodic GC: Disabled

Heap:
 garbage-first heap   total 71680K, used 49070K [0x00000000c1800000, 0x0000000100000000)
  region size 1024K, 2 young (2048K), 1 survivors (1024K)
 Metaspace       used 7426K, committed 7616K, reserved 1114112K
  class space    used 787K, committed 896K, reserved 1048576K

Heap Regions: E=young(eden), S=young(survivor), O=old, HS=humongous(starts), HC=humongous(continues), CS=collection set, F=free, TAMS=top-at-mark-start, PB=parsable bottom
|   0|0x00000000c1800000, 0x00000000c1900000, 0x00000000c1900000|100%| O|  |TAMS 0x00000000c1900000| PB 0x00000000c1900000| Untracked 
|   1|0x00000000c1900000, 0x00000000c1a00000, 0x00000000c1a00000|100%|HS|  |TAMS 0x00000000c1a00000| PB 0x00000000c1900000| Complete 
|   2|0x00000000c1a00000, 0x00000000c1b00000, 0x00000000c1b00000|100%|HC|  |TAMS 0x00000000c1b00000| PB 0x00000000c1a00000| Complete 
|   3|0x00000000c1b00000, 0x00000000c1c00000, 0x00000000c1c00000|100%|HC|  |TAMS 0x00000000c1c00000| PB 0x00000000c1b00000| Complete 
|   4|0x00000000c1c00000, 0x00000000c1d00000, 0x00000000c1d00000|100%|HC|  |TAMS 0x00000000c1d00000| PB 0x00000000c1c00000| Complete 
|   5|0x00000000c1d00000, 0x00000000c1e00000, 0x00000000c1e00000|100%|HC|  |TAMS 0x00000000c1e00000| PB 0x00000000c1d00000| Complete 
|   6|0x00000000c1e00000, 0x00000000c1f00000, 0x00000000c1f00000|100%|HC|  |TAMS 0x00000000c1f00000| PB 0x00000000c1e00000| Complete 
|   7|0x00000000c1f00000, 0x00000000c2000000, 0x00000000c2000000|100%|HC|  |TAMS 0x00000000c2000000| PB 0x00000000c1f00000| Complete 
|   8|0x00000000c2000000, 0x00000000c2100000, 0x00000000c2100000|100%|HC|  |TAMS 0x00000000c2100000| PB 0x00000000c2000000| Complete 
|   9|0x00000000c2100000, 0x00000000c2200000, 0x00000000c2200000|100%|HC|  |TAMS 0x00000000c2200000| PB 0x00000000c2100000| Complete 
|  10|0x00000000c2200000, 0x00000000c2300000, 0x00000000c2300000|100%|HC|  |TAMS 0x00000000c2300000| PB 0x00000000c2200000| Complete 
|  11|0x00000000c2300000, 0x00000000c2400000, 0x00000000c2400000|100%|HC|  |TAMS 0x00000000c2400000| PB 0x00000000c2300000| Complete 
|  12|0x00000000c2400000, 0x00000000c2500000, 0x00000000c2500000|100%|HC|  |TAMS 0x00000000c2500000| PB 0x00000000c2400000| Complete 
|  13|0x00000000c2500000, 0x00000000c2600000, 0x00000000c2600000|100%|HC|  |TAMS 0x00000000c2600000| PB 0x00000000c2500000| Complete 
|  14|0x00000000c2600000, 0x00000000c2700000, 0x00000000c2700000|100%|HC|  |TAMS 0x00000000c2700000| PB 0x00000000c2600000| Complete 
|  15|0x00000000c2700000, 0x00000000c2800000, 0x00000000c2800000|100%|HC|  |TAMS 0x00000000c2800000| PB 0x00000000c2700000| Complete 
|  16|0x00000000c2800000, 0x00000000c2900000, 0x00000000c2900000|100%|HC|  |TAMS 0x00000000c2900000| PB 0x00000000c2800000| Complete 
|  17|0x00000000c2900000, 0x00000000c2a00000, 0x00000000c2a00000|100%|HC|  |TAMS 0x00000000c2a00000| PB 0x00000000c2900000| Complete 
|  18|0x00000000c2a00000, 0x00000000c2b00000, 0x00000000c2b00000|100%|HC|  |TAMS 0x00000000c2b00000| PB 0x00000000c2a00000| Complete 
|  19|0x00000000c2b00000, 0x00000000c2c00000, 0x00000000c2c00000|100%|HC|  |TAMS 0x00000000c2c00000| PB 0x00000000c2b00000| Complete 
|  20|0x00000000c2c00000, 0x00000000c2d00000, 0x00000000c2d00000|100%|HC|  |TAMS 0x00000000c2d00000| PB 0x00000000c2c00000| Complete 
|  21|0x00000000c2d00000, 0x00000000c2e00000, 0x00000000c2e00000|100%|HC|  |TAMS 0x00000000c2e00000| PB 0x00000000c2d00000| Complete 
|  22|0x00000000c2e00000, 0x00000000c2f00000, 0x00000000c2f00000|100%|HC|  |TAMS 0x00000000c2f00000| PB 0x00000000c2e00000| Complete 
|  23|0x00000000c2f00000, 0x00000000c3000000, 0x00000000c3000000|100%|HC|  |TAMS 0x00000000c3000000| PB 0x00000000c2f00000| Complete 
|  24|0x00000000c3000000, 0x00000000c3100000, 0x00000000c3100000|100%|HC|  |TAMS 0x00000000c3100000| PB 0x00000000c3000000| Complete 
|  25|0x00000000c3100000, 0x00000000c3200000, 0x00000000c3200000|100%|HC|  |TAMS 0x00000000c3200000| PB 0x00000000c3100000| Complete 
|  26|0x00000000c3200000, 0x00000000c3300000, 0x00000000c3300000|100%|HC|  |TAMS 0x00000000c3300000| PB 0x00000000c3200000| Complete 
|  27|0x00000000c3300000, 0x00000000c3400000, 0x00000000c3400000|100%|HC|  |TAMS 0x00000000c3400000| PB 0x00000000c3300000| Complete 
|  28|0x00000000c3400000, 0x00000000c3500000, 0x00000000c3500000|100%|HC|  |TAMS 0x00000000c3500000| PB 0x00000000c3400000| Complete 
|  29|0x00000000c3500000, 0x00000000c3600000, 0x00000000c3600000|100%|HC|  |TAMS 0x00000000c3600000| PB 0x00000000c3500000| Complete 
|  30|0x00000000c3600000, 0x00000000c3700000, 0x00000000c3700000|100%|HC|  |TAMS 0x00000000c3700000| PB 0x00000000c3600000| Complete 
|  31|0x00000000c3700000, 0x00000000c3800000, 0x00000000c3800000|100%|HC|  |TAMS 0x00000000c3800000| PB 0x00000000c3700000| Complete 
|  32|0x00000000c3800000, 0x00000000c3900000, 0x00000000c3900000|100%|HC|  |TAMS 0x00000000c3900000| PB 0x00000000c3800000| Complete 
|  33|0x00000000c3900000, 0x00000000c3a00000, 0x00000000c3a00000|100%| O|  |TAMS 0x00000000c3a00000| PB 0x00000000c3a00000| Untracked 
|  34|0x00000000c3a00000, 0x00000000c3a8d370, 0x00000000c3b00000| 55%| O|  |TAMS 0x00000000c3a8d370| PB 0x00000000c3a8d370| Updating 
|  35|0x00000000c3b00000, 0x00000000c3c00000, 0x00000000c3c00000|100%|HS|  |TAMS 0x00000000c3c00000| PB 0x00000000c3b00000| Complete 
|  36|0x00000000c3c00000, 0x00000000c3d00000, 0x00000000c3d00000|100%|HC|  |TAMS 0x00000000c3d00000| PB 0x00000000c3c00000| Complete 
|  37|0x00000000c3d00000, 0x00000000c3e00000, 0x00000000c3e00000|100%|HC|  |TAMS 0x00000000c3e00000| PB 0x00000000c3d00000| Complete 
|  38|0x00000000c3e00000, 0x00000000c3f00000, 0x00000000c3f00000|100%|HC|  |TAMS 0x00000000c3f00000| PB 0x00000000c3e00000| Complete 
|  39|0x00000000c3f00000, 0x00000000c4000000, 0x00000000c4000000|100%|HC|  |TAMS 0x00000000c4000000| PB 0x00000000c3f00000| Complete 
|  40|0x00000000c4000000, 0x00000000c4100000, 0x00000000c4100000|100%|HS|  |TAMS 0x00000000c4000000| PB 0x00000000c4000000| Complete 
|  41|0x00000000c4100000, 0x00000000c4200000, 0x00000000c4200000|100%|HC|  |TAMS 0x00000000c4100000| PB 0x00000000c4100000| Complete 
|  42|0x00000000c4200000, 0x00000000c4300000, 0x00000000c4300000|100%|HC|  |TAMS 0x00000000c4200000| PB 0x00000000c4200000| Complete 
|  43|0x00000000c4300000, 0x00000000c4400000, 0x00000000c4400000|100%|HC|  |TAMS 0x00000000c4300000| PB 0x00000000c4300000| Complete 
|  44|0x00000000c4400000, 0x00000000c4500000, 0x00000000c4500000|100%|HC|  |TAMS 0x00000000c4400000| PB 0x00000000c4400000| Complete 
|  45|0x00000000c4500000, 0x00000000c4600000, 0x00000000c4600000|100%|HC|  |TAMS 0x00000000c4500000| PB 0x00000000c4500000| Complete 
|  46|0x00000000c4600000, 0x00000000c4700000, 0x00000000c4700000|100%|HC|  |TAMS 0x00000000c4600000| PB 0x00000000c4600000| Complete 
|  47|0x00000000c4700000, 0x00000000c4800000, 0x00000000c4800000|100%|HC|  |TAMS 0x00000000c4700000| PB 0x00000000c4700000| Complete 
|  48|0x00000000c4800000, 0x00000000c4800000, 0x00000000c4900000|  0%| F|  |TAMS 0x00000000c4800000| PB 0x00000000c4800000| Untracked 
|  49|0x00000000c4900000, 0x00000000c4900000, 0x00000000c4a00000|  0%| F|  |TAMS 0x00000000c4900000| PB 0x00000000c4900000| Untracked 
|  50|0x00000000c4a00000, 0x00000000c4a00000, 0x00000000c4b00000|  0%| F|  |TAMS 0x00000000c4a00000| PB 0x00000000c4a00000| Untracked 
|  51|0x00000000c4b00000, 0x00000000c4b00000, 0x00000000c4c00000|  0%| F|  |TAMS 0x00000000c4b00000| PB 0x00000000c4b00000| Untracked 
|  52|0x00000000c4c00000, 0x00000000c4c00000, 0x00000000c4d00000|  0%| F|  |TAMS 0x00000000c4c00000| PB 0x00000000c4c00000| Untracked 
|  53|0x00000000c4d00000, 0x00000000c4d00000, 0x00000000c4e00000|  0%| F|  |TAMS 0x00000000c4d00000| PB 0x00000000c4d00000| Untracked 
|  54|0x00000000c4e00000, 0x00000000c4e00000, 0x00000000c4f00000|  0%| F|  |TAMS 0x00000000c4e00000| PB 0x00000000c4e00000| Untracked 
|  55|0x00000000c4f00000, 0x00000000c4f00000, 0x00000000c5000000|  0%| F|  |TAMS 0x00000000c4f00000| PB 0x00000000c4f00000| Untracked 
|  56|0x00000000c5000000, 0x00000000c5000000, 0x00000000c5100000|  0%| F|  |TAMS 0x00000000c5000000| PB 0x00000000c5000000| Untracked 
|  57|0x00000000c5100000, 0x00000000c5100000, 0x00000000c5200000|  0%| F|  |TAMS 0x00000000c5100000| PB 0x00000000c5100000| Untracked 
|  58|0x00000000c5200000, 0x00000000c5200000, 0x00000000c5300000|  0%| F|  |TAMS 0x00000000c5200000| PB 0x00000000c5200000| Untracked 
|  59|0x00000000c5300000, 0x00000000c5300000, 0x00000000c5400000|  0%| F|  |TAMS 0x00000000c5300000| PB 0x00000000c5300000| Untracked 
|  60|0x00000000c5400000, 0x00000000c545e630, 0x00000000c5500000| 36%| S|CS|TAMS 0x00000000c5400000| PB 0x00000000c5400000| Complete 
|  61|0x00000000c5500000, 0x00000000c5500000, 0x00000000c5600000|  0%| F|  |TAMS 0x00000000c5500000| PB 0x00000000c5500000| Untracked 
|  62|0x00000000c5600000, 0x00000000c5600000, 0x00000000c5700000|  0%| F|  |TAMS 0x00000000c5600000| PB 0x00000000c5600000| Untracked 
|  63|0x00000000c5700000, 0x00000000c5700000, 0x00000000c5800000|  0%| F|  |TAMS 0x00000000c5700000| PB 0x00000000c5700000| Untracked 
|  64|0x00000000c5800000, 0x00000000c5800000, 0x00000000c5900000|  0%| F|  |TAMS 0x00000000c5800000| PB 0x00000000c5800000| Untracked 
|  65|0x00000000c5900000, 0x00000000c5900000, 0x00000000c5a00000|  0%| F|  |TAMS 0x00000000c5900000| PB 0x00000000c5900000| Untracked 
|  66|0x00000000c5a00000, 0x00000000c5a00000, 0x00000000c5b00000|  0%| F|  |TAMS 0x00000000c5a00000| PB 0x00000000c5a00000| Untracked 
|  67|0x00000000c5b00000, 0x00000000c5b00000, 0x00000000c5c00000|  0%| F|  |TAMS 0x00000000c5b00000| PB 0x00000000c5b00000| Untracked 
|  68|0x00000000c5c00000, 0x00000000c5c00000, 0x00000000c5d00000|  0%| F|  |TAMS 0x00000000c5c00000| PB 0x00000000c5c00000| Untracked 
|  69|0x00000000c5d00000, 0x00000000c5dc3508, 0x00000000c5e00000| 76%| E|  |TAMS 0x00000000c5d00000| PB 0x00000000c5d00000| Complete 

Card table byte_map: [0x0000026b3cb10000,0x0000026b3cd10000] _byte_map_base: 0x0000026b3c504000

Marking Bits: (CMBitMap*) 0x0000026b254e1340
 Bits: [0x0000026b3cd10000, 0x0000026b3dcb0000)

Polling page: 0x0000026b232c0000

Metaspace:

Usage:
  Non-class:      6.48 MB used.
      Class:    787.09 KB used.
       Both:      7.25 MB used.

Virtual space:
  Non-class space:       64.00 MB reserved,       6.56 MB ( 10%) committed,  1 nodes.
      Class space:        1.00 GB reserved,     896.00 KB ( <1%) committed,  1 nodes.
             Both:        1.06 GB reserved,       7.44 MB ( <1%) committed. 

Chunk freelists:
   Non-Class:  9.00 MB
       Class:  15.11 MB
        Both:  24.11 MB

MaxMetaspaceSize: unlimited
CompressedClassSpaceSize: 1.00 GB
Initial GC threshold: 21.00 MB
Current GC threshold: 21.00 MB
CDS: on
 - commit_granule_bytes: 65536.
 - commit_granule_words: 8192.
 - virtual_space_node_default_size: 8388608.
 - enlarge_chunks_in_place: 1.
 - use_allocation_guard: 0.


Internal statistics:

num_allocs_failed_limit: 0.
num_arena_births: 152.
num_arena_deaths: 0.
num_vsnodes_births: 2.
num_vsnodes_deaths: 0.
num_space_committed: 119.
num_space_uncommitted: 0.
num_chunks_returned_to_freelist: 0.
num_chunks_taken_from_freelist: 191.
num_chunk_merges: 0.
num_chunk_splits: 112.
num_chunks_enlarged: 43.
num_inconsistent_stats: 0.

CodeHeap 'non-profiled nmethods': size=120000Kb used=316Kb max_used=316Kb free=119683Kb
 bounds [0x0000026b353e0000, 0x0000026b35650000, 0x0000026b3c910000]
CodeHeap 'profiled nmethods': size=120000Kb used=1542Kb max_used=1559Kb free=118457Kb
 bounds [0x0000026b2d910000, 0x0000026b2db80000, 0x0000026b34e40000]
CodeHeap 'non-nmethods': size=5760Kb used=1540Kb max_used=1547Kb free=4219Kb
 bounds [0x0000026b34e40000, 0x0000026b350b0000, 0x0000026b353e0000]
 total_blobs=1595 nmethods=984 adapters=516
 compilation: enabled
              stopped_count=0, restarted_count=0
 full_count=0

Compilation events (20 events):
Event: 2.139 Thread 0x0000026b81138f40 1031       1       javax.swing.AbstractButton::getText (5 bytes)
Event: 2.139 Thread 0x0000026b81138f40 nmethod 1031 0x0000026b3542e710 code [0x0000026b3542e8a0, 0x0000026b3542e970]
Event: 2.167 Thread 0x0000026b81138f40 1032       3       java.util.ArrayList$Itr::<init> (26 bytes)
Event: 2.168 Thread 0x0000026b81138f40 nmethod 1032 0x0000026b2da94190 code [0x0000026b2da94340, 0x0000026b2da94520]
Event: 2.168 Thread 0x0000026b81138f40 1033       3       java.util.ArrayList$Itr::checkForComodification (23 bytes)
Event: 2.168 Thread 0x0000026b81138f40 nmethod 1033 0x0000026b2da94610 code [0x0000026b2da947c0, 0x0000026b2da94990]
Event: 2.168 Thread 0x0000026b81138f40 1034       3       java.util.ArrayList::<init> (12 bytes)
Event: 2.168 Thread 0x0000026b81138f40 nmethod 1034 0x0000026b2da94a90 code [0x0000026b2da94c40, 0x0000026b2da94ee0]
Event: 2.168 Thread 0x0000026b81138f40 1035       1       java.awt.Component::isEnabledImpl (5 bytes)
Event: 2.168 Thread 0x0000026b81138f40 nmethod 1035 0x0000026b3542ea10 code [0x0000026b3542eba0, 0x0000026b3542ec70]
Event: 2.168 Thread 0x0000026b81138f40 1036       1       java.awt.Component::isVisible_NoClientCode (5 bytes)
Event: 2.168 Thread 0x0000026b81138f40 nmethod 1036 0x0000026b3542ed10 code [0x0000026b3542eea0, 0x0000026b3542ef70]
Event: 2.171 Thread 0x0000026b81138f40 1037       1       java.awt.AWTEvent::getID (5 bytes)
Event: 2.171 Thread 0x0000026b81138f40 nmethod 1037 0x0000026b3542f010 code [0x0000026b3542f1a0, 0x0000026b3542f268]
Event: 2.178 Thread 0x0000026b81138f40 1038   !   3       java.lang.ref.NativeReferenceQueue::enqueue (20 bytes)
Event: 2.178 Thread 0x0000026b81138f40 nmethod 1038 0x0000026b2da95010 code [0x0000026b2da951c0, 0x0000026b2da953f0]
Event: 2.179 Thread 0x0000026b81138f40 1039       3       java.lang.ref.NativeReferenceQueue::signal (8 bytes)
Event: 2.179 Thread 0x0000026b81138f40 nmethod 1039 0x0000026b2da95510 code [0x0000026b2da956c0, 0x0000026b2da95800]
Event: 2.179 Thread 0x0000026b81138f40 1040       3       java.util.concurrent.locks.ReentrantLock$Sync::tryRelease (51 bytes)
Event: 2.180 Thread 0x0000026b81138f40 nmethod 1040 0x0000026b2da95910 code [0x0000026b2da95ae0, 0x0000026b2da95e18]

GC Heap History (10 events):
Event: 0.679 GC heap before
{Heap before GC invocations=0 (full 0):
 garbage-first heap   total 65536K, used 6144K [0x00000000c1800000, 0x0000000100000000)
  region size 1024K, 7 young (7168K), 0 survivors (0K)
 Metaspace       used 4752K, committed 4992K, reserved 1114112K
  class space    used 485K, committed 640K, reserved 1048576K
}
Event: 0.686 GC heap after
{Heap after GC invocations=1 (full 0):
 garbage-first heap   total 65536K, used 2496K [0x00000000c1800000, 0x0000000100000000)
  region size 1024K, 2 young (2048K), 2 survivors (2048K)
 Metaspace       used 4752K, committed 4992K, reserved 1114112K
  class space    used 485K, committed 640K, reserved 1048576K
}
Event: 0.987 GC heap before
{Heap before GC invocations=1 (full 0):
 garbage-first heap   total 65536K, used 48576K [0x00000000c1800000, 0x0000000100000000)
  region size 1024K, 16 young (16384K), 2 survivors (2048K)
 Metaspace       used 4874K, committed 5120K, reserved 1114112K
  class space    used 491K, committed 640K, reserved 1048576K
}
Event: 0.991 GC heap after
{Heap after GC invocations=2 (full 0):
 garbage-first heap   total 65536K, used 35665K [0x00000000c1800000, 0x0000000100000000)
  region size 1024K, 1 young (1024K), 1 survivors (1024K)
 Metaspace       used 4874K, committed 5120K, reserved 1114112K
  class space    used 491K, committed 640K, reserved 1048576K
}
Event: 1.054 GC heap before
{Heap before GC invocations=2 (full 0):
 garbage-first heap   total 65536K, used 57169K [0x00000000c1800000, 0x0000000100000000)
  region size 1024K, 22 young (22528K), 1 survivors (1024K)
 Metaspace       used 4874K, committed 5120K, reserved 1114112K
  class space    used 491K, committed 640K, reserved 1048576K
}
Event: 1.055 GC heap after
{Heap after GC invocations=3 (full 0):
 garbage-first heap   total 65536K, used 35452K [0x00000000c1800000, 0x0000000100000000)
  region size 1024K, 1 young (1024K), 1 survivors (1024K)
 Metaspace       used 4874K, committed 5120K, reserved 1114112K
  class space    used 491K, committed 640K, reserved 1048576K
}
Event: 1.096 GC heap before
{Heap before GC invocations=4 (full 0):
 garbage-first heap   total 65536K, used 42620K [0x00000000c1800000, 0x0000000100000000)
  region size 1024K, 10 young (10240K), 1 survivors (1024K)
 Metaspace       used 4884K, committed 5120K, reserved 1114112K
  class space    used 493K, committed 640K, reserved 1048576K
}
Event: 1.097 GC heap after
{Heap after GC invocations=5 (full 0):
 garbage-first heap   total 65536K, used 35439K [0x00000000c1800000, 0x0000000100000000)
  region size 1024K, 1 young (1024K), 1 survivors (1024K)
 Metaspace       used 4884K, committed 5120K, reserved 1114112K
  class space    used 493K, committed 640K, reserved 1048576K
}
Event: 2.176 GC heap before
{Heap before GC invocations=6 (full 0):
 garbage-first heap   total 71680K, used 48751K [0x00000000c1800000, 0x0000000100000000)
  region size 1024K, 10 young (10240K), 1 survivors (1024K)
 Metaspace       used 7394K, committed 7616K, reserved 1114112K
  class space    used 782K, committed 896K, reserved 1048576K
}
Event: 2.178 GC heap after
{Heap after GC invocations=7 (full 0):
 garbage-first heap   total 71680K, used 40878K [0x00000000c1800000, 0x0000000100000000)
  region size 1024K, 1 young (1024K), 1 survivors (1024K)
 Metaspace       used 7394K, committed 7616K, reserved 1114112K
  class space    used 782K, committed 896K, reserved 1048576K
}

Dll operation events (10 events):
Event: 0.021 Loaded shared library C:\Program Files\Java\jdk-21\bin\java.dll
Event: 0.062 Loaded shared library C:\Program Files\Java\jdk-21\bin\jsvml.dll
Event: 0.105 Loaded shared library C:\Program Files\Java\jdk-21\bin\net.dll
Event: 0.108 Loaded shared library C:\Program Files\Java\jdk-21\bin\nio.dll
Event: 0.142 Loaded shared library C:\Program Files\Java\jdk-21\bin\zip.dll
Event: 0.157 Loaded shared library C:\Program Files\Java\jdk-21\bin\jimage.dll
Event: 0.179 Loaded shared library C:\Program Files\Java\jdk-21\bin\awt.dll
Event: 0.657 Loaded shared library C:\Program Files\Java\jdk-21\bin\javajpeg.dll
Event: 1.974 Loaded shared library C:\Program Files\Java\jdk-21\bin\freetype.dll
Event: 1.978 Loaded shared library C:\Program Files\Java\jdk-21\bin\fontmanager.dll

Deoptimization events (20 events):
Event: 2.008 Thread 0x0000026b23309f00 Uncommon trap: trap_request=0xffffff45 fr.pc=0x0000026b35410e20 relative=0x0000000000000200
Event: 2.008 Thread 0x0000026b23309f00 Uncommon trap: reason=unstable_if action=reinterpret pc=0x0000026b35410e20 method=java.lang.StringUTF16.compress([CI[BII)I @ 20 c2
Event: 2.008 Thread 0x0000026b23309f00 DEOPT PACKING pc=0x0000026b35410e20 sp=0x0000007cfd0fdb20
Event: 2.008 Thread 0x0000026b23309f00 DEOPT UNPACKING pc=0x0000026b34e946a2 sp=0x0000007cfd0fda90 mode 2
Event: 2.107 Thread 0x0000026b23309f00 Uncommon trap: trap_request=0xffffffde fr.pc=0x0000026b354231c4 relative=0x00000000000002e4
Event: 2.107 Thread 0x0000026b23309f00 Uncommon trap: reason=class_check action=maybe_recompile pc=0x0000026b354231c4 method=java.util.HashMap.getNode(Ljava/lang/Object;)Ljava/util/HashMap$Node; @ 63 c2
Event: 2.107 Thread 0x0000026b23309f00 DEOPT PACKING pc=0x0000026b354231c4 sp=0x0000007cfd0fe640
Event: 2.107 Thread 0x0000026b23309f00 DEOPT UNPACKING pc=0x0000026b34e946a2 sp=0x0000007cfd0fe548 mode 2
Event: 2.120 Thread 0x0000026b23309f00 Uncommon trap: trap_request=0xffffffde fr.pc=0x0000026b354231c4 relative=0x00000000000002e4
Event: 2.120 Thread 0x0000026b23309f00 Uncommon trap: reason=class_check action=maybe_recompile pc=0x0000026b354231c4 method=java.util.HashMap.getNode(Ljava/lang/Object;)Ljava/util/HashMap$Node; @ 63 c2
Event: 2.120 Thread 0x0000026b23309f00 DEOPT PACKING pc=0x0000026b354231c4 sp=0x0000007cfd0fe710
Event: 2.120 Thread 0x0000026b23309f00 DEOPT UNPACKING pc=0x0000026b34e946a2 sp=0x0000007cfd0fe618 mode 2
Event: 2.121 Thread 0x0000026b23309f00 Uncommon trap: trap_request=0xffffffde fr.pc=0x0000026b354231c4 relative=0x00000000000002e4
Event: 2.121 Thread 0x0000026b23309f00 Uncommon trap: reason=class_check action=maybe_recompile pc=0x0000026b354231c4 method=java.util.HashMap.getNode(Ljava/lang/Object;)Ljava/util/HashMap$Node; @ 63 c2
Event: 2.121 Thread 0x0000026b23309f00 DEOPT PACKING pc=0x0000026b354231c4 sp=0x0000007cfd0fe710
Event: 2.121 Thread 0x0000026b23309f00 DEOPT UNPACKING pc=0x0000026b34e946a2 sp=0x0000007cfd0fe618 mode 2
Event: 2.121 Thread 0x0000026b23309f00 Uncommon trap: trap_request=0xffffffde fr.pc=0x0000026b35411cd0 relative=0x00000000000002f0
Event: 2.121 Thread 0x0000026b23309f00 Uncommon trap: reason=class_check action=maybe_recompile pc=0x0000026b35411cd0 method=java.util.HashMap.getNode(Ljava/lang/Object;)Ljava/util/HashMap$Node; @ 63 c2
Event: 2.121 Thread 0x0000026b23309f00 DEOPT PACKING pc=0x0000026b35411cd0 sp=0x0000007cfd0fe5c0
Event: 2.121 Thread 0x0000026b23309f00 DEOPT UNPACKING pc=0x0000026b34e946a2 sp=0x0000007cfd0fe538 mode 2

Classes loaded (20 events):
Event: 2.174 Loading class sun/awt/image/BufferedImageGraphicsConfig
Event: 2.175 Loading class sun/awt/image/BufferedImageGraphicsConfig done
Event: 2.175 Loading class sun/print/PrinterGraphicsConfig
Event: 2.175 Loading class sun/print/PrinterGraphicsConfig done
Event: 2.175 Loading class sun/java2d/opengl/WGLGraphicsConfig
Event: 2.175 Loading class sun/java2d/opengl/OGLGraphicsConfig
Event: 2.176 Loading class sun/java2d/opengl/OGLGraphicsConfig done
Event: 2.176 Loading class sun/java2d/opengl/WGLGraphicsConfig done
Event: 2.176 Loading class sun/awt/image/BufImgVolatileSurfaceManager
Event: 2.176 Loading class sun/awt/image/BufImgVolatileSurfaceManager done
Event: 2.181 Loading class sun/awt/image/BufImgSurfaceData
Event: 2.182 Loading class java/awt/event/MouseEvent$1
Event: 2.183 Loading class sun/awt/image/BufImgSurfaceData done
Event: 2.183 Loading class sun/awt/image/BufImgSurfaceData$ICMColorData
Event: 2.183 Loading class sun/awt/image/BufImgSurfaceData$ICMColorData done
Event: 2.185 Loading class sun/awt/image/BufferedImageDevice
Event: 2.185 Loading class sun/awt/AWTAccessor$MouseEventAccessor
Event: 2.186 Loading class sun/awt/AWTAccessor$MouseEventAccessor done
Event: 2.186 Loading class java/awt/event/MouseEvent$1 done
Event: 2.187 Loading class sun/awt/image/BufferedImageDevice done

Classes unloaded (0 events):
No events

Classes redefined (0 events):
No events

Internal exceptions (15 events):
Event: 0.109 Thread 0x0000026b23309f00 Exception <a 'sun/nio/fs/WindowsException'{0x00000000c5677928}> (0x00000000c5677928) 
thrown [s\open\src\hotspot\share\prims\jni.cpp, line 520]
Event: 0.113 Thread 0x0000026b23309f00 Exception <a 'sun/nio/fs/WindowsException'{0x00000000c5679f28}> (0x00000000c5679f28) 
thrown [s\open\src\hotspot\share\prims\jni.cpp, line 520]
Event: 0.113 Thread 0x0000026b23309f00 Exception <a 'sun/nio/fs/WindowsException'{0x00000000c567aa98}> (0x00000000c567aa98) 
thrown [s\open\src\hotspot\share\prims\jni.cpp, line 520]
Event: 0.164 Thread 0x0000026b23309f00 Exception <a 'java/lang/ClassNotFoundException'{0x00000000c5588c70}: sun/awt/resources/spi/awtProvider> (0x00000000c5588c70) 
thrown [s\open\src\hotspot\share\classfile\systemDictionary.cpp, line 312]
Event: 0.192 Thread 0x0000026b23309f00 Exception <a 'java/io/FileNotFoundException'{0x00000000c55de030}> (0x00000000c55de030) 
thrown [s\open\src\hotspot\share\prims\jni.cpp, line 520]
Event: 0.201 Thread 0x0000026b23309f00 Exception <a 'java/io/FileNotFoundException'{0x00000000c54084b0}> (0x00000000c54084b0) 
thrown [s\open\src\hotspot\share\prims\jni.cpp, line 520]
Event: 0.382 Thread 0x0000026b23309f00 Exception <a 'java/lang/NoSuchMethodError'{0x00000000c5315c20}: 'void java.lang.invoke.DirectMethodHandle$Holder.invokeSpecial(java.lang.Object, java.lang.Object, java.lang.Object)'> (0x00000000c5315c20) 
thrown [s\open\src\hotspot\share\interpreter\linkResolver.cpp, line 773]
Event: 0.399 Thread 0x0000026b23309f00 Exception <a 'java/lang/NoSuchMethodError'{0x00000000c533b680}: 'java.lang.Object java.lang.invoke.DirectMethodHandle$Holder.newInvokeSpecial(java.lang.Object, java.lang.Object, java.lang.Object, java.lang.Object, java.lang.Object)'> (0x00000000c533b680) 
thrown [s\open\src\hotspot\share\interpreter\linkResolver.cpp, line 773]
Event: 0.419 Thread 0x0000026b23309f00 Exception <a 'java/lang/NoSuchMethodError'{0x00000000c5367448}: 'java.lang.Object java.lang.invoke.DirectMethodHandle$Holder.invokeStatic(java.lang.Object, int, java.lang.Object)'> (0x00000000c5367448) 
thrown [s\open\src\hotspot\share\interpreter\linkResolver.cpp, line 773]
Event: 0.516 Thread 0x0000026b23309f00 Exception <a 'java/lang/ClassNotFoundException'{0x00000000c5207348}: com/sun/swing/internal/plaf/metal/resources/spi/metalProvider> (0x00000000c5207348) 
thrown [s\open\src\hotspot\share\classfile\systemDictionary.cpp, line 312]
Event: 0.518 Thread 0x0000026b23309f00 Exception <a 'java/lang/ClassNotFoundException'{0x00000000c520b2a8}: com/sun/swing/internal/plaf/basic/resources/spi/basicProvider> (0x00000000c520b2a8) 
thrown [s\open\src\hotspot\share\classfile\systemDictionary.cpp, line 312]
Event: 0.539 Thread 0x0000026b23309f00 Exception <a 'java/lang/NoSuchMethodError'{0x00000000c522a568}: 'int java.lang.invoke.Invokers$Holder.invokeExact_MT(java.lang.Object, java.lang.Object)'> (0x00000000c522a568) 
thrown [s\open\src\hotspot\share\interpreter\linkResolver.cpp, line 773]
Event: 0.661 Thread 0x0000026b815dde00 Exception <a 'java/lang/NoSuchMethodError'{0x00000000c51e5b20}: 'java.lang.Object java.lang.invoke.DirectMethodHandle$Holder.newInvokeSpecial(java.lang.Object, java.lang.Object, java.lang.Object, int, int, int, int, int)'> (0x00000000c51e5b20) 
thrown [s\open\src\hotspot\share\interpreter\linkResolver.cpp, line 773]
Event: 1.923 Thread 0x0000026b81584630 Exception <a 'java/lang/NoSuchMethodError'{0x00000000c56091e8}: 'void java.lang.invoke.DirectMethodHandle$Holder.invokeVirtual(java.lang.Object, java.lang.Object)'> (0x00000000c56091e8) 
thrown [s\open\src\hotspot\share\interpreter\linkResolver.cpp, line 773]
Event: 1.964 Thread 0x0000026b23309f00 Exception <a 'java/lang/NoSuchMethodError'{0x00000000c566e428}: 'void java.lang.invoke.DirectMethodHandle$Holder.invokeStaticInit(java.lang.Object)'> (0x00000000c566e428) 
thrown [s\open\src\hotspot\share\interpreter\linkResolver.cpp, line 773]

ZGC Phase Switch (0 events):
No events

VM Operations (20 events):
Event: 0.991 Executing VM operation: G1CollectForAllocation (G1 Evacuation Pause) done
Event: 1.054 Executing VM operation: G1CollectForAllocation (G1 Evacuation Pause)
Event: 1.055 Executing VM operation: G1CollectForAllocation (G1 Evacuation Pause) done
Event: 1.062 Executing VM operation: G1PauseRemark
Event: 1.063 Executing VM operation: G1PauseRemark done
Event: 1.066 Executing VM operation: G1PauseCleanup
Event: 1.066 Executing VM operation: G1PauseCleanup done
Event: 1.085 Executing VM operation: HandshakeAllThreads (Deoptimize)
Event: 1.085 Executing VM operation: HandshakeAllThreads (Deoptimize) done
Event: 1.096 Executing VM operation: G1TryInitiateConcMark (G1 Humongous Allocation)
Event: 1.097 Executing VM operation: G1TryInitiateConcMark (G1 Humongous Allocation) done
Event: 1.104 Executing VM operation: G1PauseRemark
Event: 1.105 Executing VM operation: G1PauseRemark done
Event: 1.107 Executing VM operation: G1PauseCleanup
Event: 1.107 Executing VM operation: G1PauseCleanup done
Event: 1.820 Executing VM operation: HandshakeAllThreads (Deoptimize)
Event: 1.821 Executing VM operation: HandshakeAllThreads (Deoptimize) done
Event: 2.176 Executing VM operation: G1TryInitiateConcMark (G1 Humongous Allocation)
Event: 2.178 Executing VM operation: G1TryInitiateConcMark (G1 Humongous Allocation) done
Event: 2.190 Executing VM operation: G1PauseRemark

Events (20 events):
Event: 1.105 Thread 0x0000026b25567600 flushing nmethod 0x0000026b2d915890
Event: 1.105 Thread 0x0000026b25567600 flushing nmethod 0x0000026b2d910390
Event: 1.105 Thread 0x0000026b25567600 flushing nmethod 0x0000026b2d915110
Event: 1.105 Thread 0x0000026b25567600 flushing nmethod 0x0000026b2d914c10
Event: 1.105 Thread 0x0000026b25567600 flushing nmethod 0x0000026b2d910010
Event: 1.105 Thread 0x0000026b25567600 flushing nmethod 0x0000026b353ef710
Event: 1.339 Thread 0x0000026b8157d4e0 Thread exited: 0x0000026b8157d4e0
Event: 1.910 Thread 0x0000026b81610910 Thread added: 0x0000026b81610910
Event: 1.921 Thread 0x0000026b81683da0 Thread added: 0x0000026b81683da0
Event: 2.167 Thread 0x0000026b23309f00 Thread exited: 0x0000026b23309f00
Event: 2.167 Thread 0x0000026b23309f00 Thread added: 0x0000026b23309f00
Event: 2.191 Thread 0x0000026b25567600 flushing nmethod 0x0000026b2da3a810
Event: 2.191 Thread 0x0000026b25567600 flushing nmethod 0x0000026b2da3f510
Event: 2.191 Thread 0x0000026b25567600 flushing nmethod 0x0000026b2d9ecc10
Event: 2.191 Thread 0x0000026b25567600 flushing nmethod 0x0000026b2d9eb710
Event: 2.191 Thread 0x0000026b25567600 flushing nmethod 0x0000026b2d9ef090
Event: 2.191 Thread 0x0000026b25567600 flushing nmethod 0x0000026b2d9ee810
Event: 2.191 Thread 0x0000026b25567600 flushing nmethod 0x0000026b2d9edd90
Event: 2.191 Thread 0x0000026b25567600 flushing nmethod 0x0000026b2d94cd90
Event: 2.191 Thread 0x0000026b25567600 flushing nmethod 0x0000026b2d922e10


Dynamic libraries:
0x00007ff7fc380000 - 0x00007ff7fc390000 	C:\Program Files\Java\jdk-21\bin\java.exe
0x00007ffd9fc90000 - 0x00007ffd9fe88000 	C:\Windows\SYSTEM32\ntdll.dll
0x00007ffd9de30000 - 0x00007ffd9def1000 	C:\Windows\System32\KERNEL32.DLL
0x00007ffd9d340000 - 0x00007ffd9d63d000 	C:\Windows\System32\KERNELBASE.dll
0x00007ffd9d670000 - 0x00007ffd9d770000 	C:\Windows\System32\ucrtbase.dll
0x00007ffd98680000 - 0x00007ffd9869b000 	C:\Program Files\Java\jdk-21\bin\VCRUNTIME140.dll
0x00007ffd8fa00000 - 0x00007ffd8fa19000 	C:\Program Files\Java\jdk-21\bin\jli.dll
0x00007ffd9ebd0000 - 0x00007ffd9ec80000 	C:\Windows\System32\ADVAPI32.dll
0x00007ffd9f100000 - 0x00007ffd9f19e000 	C:\Windows\System32\msvcrt.dll
0x00007ffd9dcc0000 - 0x00007ffd9dd60000 	C:\Windows\System32\sechost.dll
0x00007ffd9e180000 - 0x00007ffd9e2a3000 	C:\Windows\System32\RPCRT4.dll
0x00007ffd9db90000 - 0x00007ffd9dbb7000 	C:\Windows\System32\bcrypt.dll
0x00007ffd9f5b0000 - 0x00007ffd9f74d000 	C:\Windows\System32\USER32.dll
0x00007ffd9d640000 - 0x00007ffd9d662000 	C:\Windows\System32\win32u.dll
0x00007ffd9f520000 - 0x00007ffd9f54b000 	C:\Windows\System32\GDI32.dll
0x00007ffd89a40000 - 0x00007ffd89cda000 	C:\Windows\WinSxS\amd64_microsoft.windows.common-controls_6595b64144ccf1df_6.0.19041.4355_none_60b8b9eb71f62e16\COMCTL32.dll
0x00007ffd9d7e0000 - 0x00007ffd9d8f7000 	C:\Windows\System32\gdi32full.dll
0x00007ffd9d900000 - 0x00007ffd9d99d000 	C:\Windows\System32\msvcp_win.dll
0x00007ffd96390000 - 0x00007ffd9639a000 	C:\Windows\SYSTEM32\VERSION.dll
0x00007ffd9e150000 - 0x00007ffd9e17f000 	C:\Windows\System32\IMM32.DLL
0x00007ffd96970000 - 0x00007ffd9697c000 	C:\Program Files\Java\jdk-21\bin\vcruntime140_1.dll
0x00007ffd65410000 - 0x00007ffd6549e000 	C:\Program Files\Java\jdk-21\bin\msvcp140.dll
0x00007ffd3a9e0000 - 0x00007ffd3b6f5000 	C:\Program Files\Java\jdk-21\bin\server\jvm.dll
0x00007ffd9f1a0000 - 0x00007ffd9f20b000 	C:\Windows\System32\WS2_32.dll
0x00007ffd9d0f0000 - 0x00007ffd9d13b000 	C:\Windows\SYSTEM32\POWRPROF.dll
0x00007ffd93200000 - 0x00007ffd93227000 	C:\Windows\SYSTEM32\WINMM.dll
0x00007ffd9d0d0000 - 0x00007ffd9d0e2000 	C:\Windows\SYSTEM32\UMPDC.dll
0x00007ffd9bb70000 - 0x00007ffd9bb82000 	C:\Windows\SYSTEM32\kernel.appcore.dll
0x00007ffd95730000 - 0x00007ffd9573a000 	C:\Program Files\Java\jdk-21\bin\jimage.dll
0x00007ffd9b820000 - 0x00007ffd9ba04000 	C:\Windows\SYSTEM32\DBGHELP.DLL
0x00007ffd84e80000 - 0x00007ffd84eb4000 	C:\Windows\SYSTEM32\dbgcore.DLL
0x00007ffd9d9a0000 - 0x00007ffd9da22000 	C:\Windows\System32\bcryptPrimitives.dll
0x00007ffd93140000 - 0x00007ffd9315f000 	C:\Program Files\Java\jdk-21\bin\java.dll
0x00007ffd9e2b0000 - 0x00007ffd9ea1f000 	C:\Windows\System32\SHELL32.dll
0x00007ffd9b070000 - 0x00007ffd9b813000 	C:\Windows\SYSTEM32\windows.storage.dll
0x00007ffd9f800000 - 0x00007ffd9fb53000 	C:\Windows\System32\combase.dll
0x00007ffd9cd00000 - 0x00007ffd9cd2e000 	C:\Windows\SYSTEM32\Wldp.dll
0x00007ffd9f2a0000 - 0x00007ffd9f36d000 	C:\Windows\System32\OLEAUT32.dll
0x00007ffd9f750000 - 0x00007ffd9f7fd000 	C:\Windows\System32\SHCORE.dll
0x00007ffd9fbe0000 - 0x00007ffd9fc35000 	C:\Windows\System32\shlwapi.dll
0x00007ffd9d270000 - 0x00007ffd9d294000 	C:\Windows\SYSTEM32\profapi.dll
0x00007ffd61540000 - 0x00007ffd61617000 	C:\Program Files\Java\jdk-21\bin\jsvml.dll
0x00007ffd95280000 - 0x00007ffd95290000 	C:\Program Files\Java\jdk-21\bin\net.dll
0x00007ffd935b0000 - 0x00007ffd936bd000 	C:\Windows\SYSTEM32\WINHTTP.dll
0x00007ffd9ca00000 - 0x00007ffd9ca6a000 	C:\Windows\system32\mswsock.dll
0x00007ffd91190000 - 0x00007ffd911a6000 	C:\Program Files\Java\jdk-21\bin\nio.dll
0x00007ffd91060000 - 0x00007ffd91078000 	C:\Program Files\Java\jdk-21\bin\zip.dll
0x00007ffd5a780000 - 0x00007ffd5a90f000 	C:\Program Files\Java\jdk-21\bin\awt.dll
0x00007ffd99a10000 - 0x00007ffd99aa4000 	C:\Windows\SYSTEM32\apphelp.dll
0x00007ffd9aad0000 - 0x00007ffd9aaff000 	C:\Windows\system32\DWMAPI.DLL
0x00007ffd9a8e0000 - 0x00007ffd9a97e000 	C:\Windows\system32\uxtheme.dll
0x00007ffd848d0000 - 0x00007ffd849f8000 	C:\Windows\system32\opengl32.dll
0x00007ffd854e0000 - 0x00007ffd8550c000 	C:\Windows\SYSTEM32\GLU32.dll
0x00007ffd9e030000 - 0x00007ffd9e145000 	C:\Windows\System32\MSCTF.dll
0x00007ffd9df00000 - 0x00007ffd9e02b000 	C:\Windows\System32\ole32.dll
0x00007ffd8eb90000 - 0x00007ffd8ebbe000 	C:\Program Files\Java\jdk-21\bin\javajpeg.dll
0x00007ffd64d40000 - 0x00007ffd64dc7000 	C:\Program Files\Java\jdk-21\bin\freetype.dll
0x00007ffd5c600000 - 0x00007ffd5c6d3000 	C:\Program Files\Java\jdk-21\bin\fontmanager.dll
0x00007ffd8c5f0000 - 0x00007ffd8c6e9000 	C:\Windows\SYSTEM32\textinputframework.dll
0x00007ffd98ca0000 - 0x00007ffd98ffb000 	C:\Windows\System32\CoreUIComponents.dll
0x00007ffd99150000 - 0x00007ffd99242000 	C:\Windows\System32\CoreMessaging.dll
0x00007ffd99510000 - 0x00007ffd99667000 	C:\Windows\SYSTEM32\wintypes.dll
0x00007ffd9c570000 - 0x00007ffd9c5a3000 	C:\Windows\SYSTEM32\ntmarta.dll

dbghelp: loaded successfully - version: 4.0.5 - missing functions: none
symbol engine: initialized successfully - sym options: 0x614 - pdb path: .;C:\Program Files\Java\jdk-21\bin;C:\Windows\SYSTEM32;C:\Windows\WinSxS\amd64_microsoft.windows.common-controls_6595b64144ccf1df_6.0.19041.4355_none_60b8b9eb71f62e16;C:\Program Files\Java\jdk-21\bin\server

VM Arguments:
jvm_args: -Dfile.encoding=UTF-8 --module-path=C:\Users\Dell\Documents\NetBeansProjects\University_anagement_System\build\classes 
java_command: university.management.system.Project
java_class_path (initial): C:\Users\Dell\Downloads\mysql-connector-java-8.0.28.jar;C:\Users\Dell\Downloads\Jar\jcalendar-tz-1.3.3-4.jar;C:\Users\Dell\Downloads\Jar\rs2xml.jar;C:\Users\Dell\Documents\NetBeansProjects\University_anagement_System\build\classes
Launcher Type: SUN_STANDARD

[Global flags]
     intx CICompilerCount                          = 3                                         {product} {ergonomic}
     uint ConcGCThreads                            = 1                                         {product} {ergonomic}
     uint G1ConcRefinementThreads                  = 4                                         {product} {ergonomic}
   size_t G1HeapRegionSize                         = 1048576                                   {product} {ergonomic}
    uintx GCDrainStackTargetSize                   = 64                                        {product} {ergonomic}
   size_t InitialHeapSize                          = 67108864                                  {product} {ergonomic}
   size_t MarkStackSize                            = 4194304                                   {product} {ergonomic}
   size_t MaxHeapSize                              = 1048576000                                {product} {ergonomic}
   size_t MaxNewSize                               = 629145600                                 {product} {ergonomic}
   size_t MinHeapDeltaBytes                        = 1048576                                   {product} {ergonomic}
   size_t MinHeapSize                              = 8388608                                   {product} {ergonomic}
    uintx NonNMethodCodeHeapSize                   = 5832780                                {pd product} {ergonomic}
    uintx NonProfiledCodeHeapSize                  = 122912730                              {pd product} {ergonomic}
    uintx ProfiledCodeHeapSize                     = 122912730                              {pd product} {ergonomic}
    uintx ReservedCodeCacheSize                    = 251658240                              {pd product} {ergonomic}
     bool SegmentedCodeCache                       = true                                      {product} {ergonomic}
   size_t SoftMaxHeapSize                          = 1048576000                             {manageable} {ergonomic}
     bool UseCompressedOops                        = true                           {product lp64_product} {ergonomic}
     bool UseG1GC                                  = true                                      {product} {ergonomic}
     bool UseLargePagesIndividualAllocation        = false                                  {pd product} {ergonomic}

Logging:
Log output configuration:
 #0: stdout all=warning uptime,level,tags foldmultilines=false
 #1: stderr all=off uptime,level,tags foldmultilines=false

Environment Variables:
JAVA_HOME=C:\Program Files\Java\jdk-20
PATH=D:\oracledb\WINDOWS.X64_193000_db_home\bin;C:\Python311\Scripts\;C:\Python311\;C:\Program Files\Common Files\Oracle\Java\javapath;C:\Windows\system32;C:\Windows;C:\Windows\System32\Wbem;C:\Windows\System32\WindowsPowerShell\v1.0\;C:\Windows\System32\OpenSSH\;C:\MinGW\bin;C:\Program Files\Java\jdk-20\bin;C:\Program Files\Java\jdk-21\bin;D:\Git\cmd;C:\Program Files\MySQL\MySQL Server 8.0;C:\Program Files\MySQL\MySQL Shell 8.0\bin\;C:\Users\Dell\AppData\Local\Microsoft\WindowsApps;C:\Users\Dell\AppData\Local\Programs\Microsoft VS Code\bin;C:\ProgramData\Dell\GitHubDesktop\bin;C:\Users\Dell\AppData\Local\GitHubDesktop\bin
USERNAME=Dell
OS=Windows_NT
PROCESSOR_IDENTIFIER=Intel64 Family 6 Model 142 Stepping 10, GenuineIntel
TMP=C:\Users\Dell\AppData\Local\Temp
TEMP=C:\Users\Dell\AppData\Local\Temp




Periodic native trim disabled

---------------  S Y S T E M  ---------------

OS:
 Windows 10 , 64 bit Build 19041 (10.0.19041.4842)
OS uptime: 4 days 5:04 hours

CPU: total 4 (initial active 4) (2 cores per cpu, 2 threads per core) family 6 model 142 stepping 10 microcode 0xf0, cx8, cmov, fxsr, ht, mmx, 3dnowpref, sse, sse2, sse3, ssse3, sse4.1, sse4.2, popcnt, lzcnt, tsc, tscinvbit, avx, avx2, aes, erms, clmul, bmi1, bmi2, adx, fma, vzeroupper, clflush, clflushopt, rdtscp, f16c
Processor Information for all 4 processors :
  Max Mhz: 2208, Current Mhz: 2208, Mhz Limit: 2208

Memory: 4k page, system-wide physical 3993M (116M free)
TotalPageFile size 16281M (AvailPageFile size 6M)
current process WorkingSet (physical memory assigned to process): 122M, peak: 137M
current process commit charge ("private bytes"): 153M, peak: 174M

vm_info: Java HotSpot(TM) 64-Bit Server VM (21.0.1+12-LTS-29) for windows-amd64 JRE (21.0.1+12-LTS-29), built on 2023-10-05T13:27:09Z by "mach5one" with MS VC++ 17.1 (VS2022)

END.
