#
# There is insufficient memory for the Java Runtime Environment to continue.
# Native memory allocation (mmap) failed to map 23068672 bytes for G1 virtual space
# Possible reasons:
#   The system is out of physical RAM or swap space
#   The process is running with CompressedOops enabled, and the Java Heap may be blocking the growth of the native heap
# Possible solutions:
#   Reduce memory load on the system
#   Increase physical memory or swap space
#   Check if swap backing store is full
#   Decrease Java heap size (-Xmx/-Xms)
#   Decrease number of Java threads
#   Decrease Java thread stack sizes (-Xss)
#   Set larger code cache with -XX:ReservedCodeCacheSize=
#   JVM is running with Unscaled Compressed Oops mode in which the Java heap is
#     placed in the first 4GB address space. The Java Heap base address is the
#     maximum limit for the native heap growth. Please use -XX:HeapBaseMinAddress
#     to set the Java Heap base and to place the Java Heap above 4GB virtual address.
# This output file may be truncated or incomplete.
#
#  Out of Memory Error (os_windows.cpp:3600), pid=7232, tid=2876
#
# JRE version: Java(TM) SE Runtime Environment (21.0.1+12) (build 21.0.1+12-LTS-29)
# Java VM: Java HotSpot(TM) 64-Bit Server VM (21.0.1+12-LTS-29, mixed mode, sharing, tiered, compressed oops, compressed class ptrs, g1 gc, windows-amd64)
# No core dump will be written. Minidumps are not enabled by default on client versions of Windows
#

---------------  S U M M A R Y ------------

Command Line: -Dfile.encoding=UTF-8 --module-path=C:\Users\Dell\Documents\NetBeansProjects\University_anagement_System\build\classes university.management.system.Project

Host: Intel(R) Core(TM) i3-8130U CPU @ 2.20GHz, 4 cores, 3G,  Windows 10 , 64 bit Build 19041 (10.0.19041.4842)
Time: Sat Oct  5 16:51:16 2024 India Standard Time elapsed time: 15271.885113 seconds (0d 4h 14m 31s)

---------------  T H R E A D  ---------------

Current thread (0x000002de42898bb0):  VMThread "VM Thread"          [id=2876, stack(0x000000ebb4a00000,0x000000ebb4b00000) (1024K)]

Stack: [0x000000ebb4a00000,0x000000ebb4b00000]
Native frames: (J=compiled Java code, j=interpreted, Vv=VM code, C=native code)
V  [jvm.dll+0x6c9029]
V  [jvm.dll+0x854b81]
V  [jvm.dll+0x856e5e]
V  [jvm.dll+0x857543]
V  [jvm.dll+0x280c06]
V  [jvm.dll+0x6c5715]
V  [jvm.dll+0x6ba10a]
V  [jvm.dll+0x3557ea]
V  [jvm.dll+0x35d436]
V  [jvm.dll+0x3ae1be]
V  [jvm.dll+0x3ae468]
V  [jvm.dll+0x3291fc]
V  [jvm.dll+0x32baa6]
V  [jvm.dll+0x3359fe]
V  [jvm.dll+0x36bc65]
V  [jvm.dll+0x85d048]
V  [jvm.dll+0x85e144]
V  [jvm.dll+0x85e680]
V  [jvm.dll+0x85e923]
V  [jvm.dll+0x7fd728]
V  [jvm.dll+0x6c777d]
C  [ucrtbase.dll+0x21bb2]
C  [KERNEL32.DLL+0x17374]
C  [ntdll.dll+0x4cc91]

VM_Operation (0x000000ebb45ff340): G1PauseRemark, mode: safepoint, requested by thread 0x000002de4281b350


---------------  P R O C E S S  ---------------

Threads class SMR info:
_java_thread_list=0x000002dea48ee730, length=16, elements={
0x000002de5d434290, 0x000002de5d434a60, 0x000002de5d4384e0, 0x000002de5d438b50,
0x000002de5d4475f0, 0x000002de5d44d170, 0x000002de5d44db10, 0x000002de5d4501d0,
0x000002de5d698820, 0x000002de5d738170, 0x000002de5d8d03d0, 0x000002de5d8d5510,
0x000002de5d8d8860, 0x000002de5d8ff310, 0x000002de4070b120, 0x000002dea43ad400
}

Java Threads: ( => current thread )
  0x000002de5d434290 JavaThread "Reference Handler"          daemon [_thread_blocked, id=12048, stack(0x000000ebb4b00000,0x000000ebb4c00000) (1024K)]
  0x000002de5d434a60 JavaThread "Finalizer"                  daemon [_thread_blocked, id=4380, stack(0x000000ebb4c00000,0x000000ebb4d00000) (1024K)]
  0x000002de5d4384e0 JavaThread "Signal Dispatcher"          daemon [_thread_blocked, id=4020, stack(0x000000ebb4d00000,0x000000ebb4e00000) (1024K)]
  0x000002de5d438b50 JavaThread "Attach Listener"            daemon [_thread_blocked, id=21188, stack(0x000000ebb4e00000,0x000000ebb4f00000) (1024K)]
  0x000002de5d4475f0 JavaThread "Service Thread"             daemon [_thread_blocked, id=19624, stack(0x000000ebb4f00000,0x000000ebb5000000) (1024K)]
  0x000002de5d44d170 JavaThread "Monitor Deflation Thread"   daemon [_thread_blocked, id=13932, stack(0x000000ebb5000000,0x000000ebb5100000) (1024K)]
  0x000002de5d44db10 JavaThread "C2 CompilerThread0"         daemon [_thread_blocked, id=11520, stack(0x000000ebb5100000,0x000000ebb5200000) (1024K)]
  0x000002de5d4501d0 JavaThread "C1 CompilerThread0"         daemon [_thread_blocked, id=17180, stack(0x000000ebb5200000,0x000000ebb5300000) (1024K)]
  0x000002de5d698820 JavaThread "Common-Cleaner"             daemon [_thread_blocked, id=2532, stack(0x000000ebb5300000,0x000000ebb5400000) (1024K)]
  0x000002de5d738170 JavaThread "Notification Thread"        daemon [_thread_blocked, id=18052, stack(0x000000ebb5400000,0x000000ebb5500000) (1024K)]
  0x000002de5d8d03d0 JavaThread "Java2D Disposer"            daemon [_thread_blocked, id=19820, stack(0x000000ebb5500000,0x000000ebb5600000) (1024K)]
  0x000002de5d8d5510 JavaThread "AWT-Shutdown"                      [_thread_blocked, id=12024, stack(0x000000ebb5600000,0x000000ebb5700000) (1024K)]
  0x000002de5d8d8860 JavaThread "AWT-Windows"                daemon [_thread_blocked, id=20468, stack(0x000000ebb5700000,0x000000ebb5800000) (1024K)]
  0x000002de5d8ff310 JavaThread "AWT-EventQueue-0"                  [_thread_blocked, id=3876, stack(0x000000ebb5c00000,0x000000ebb5d00000) (1024K)]
  0x000002de4070b120 JavaThread "DestroyJavaVM"                     [_thread_blocked, id=20016, stack(0x000000ebb4300000,0x000000ebb4400000) (1024K)]
  0x000002dea43ad400 JavaThread "mysql-cj-abandoned-connection-cleanup" daemon [_thread_blocked, id=10516, stack(0x000000ebb5d00000,0x000000ebb5e00000) (1024K)]
Total: 16

Other Threads:
=>0x000002de42898bb0 VMThread "VM Thread"                           [id=2876, stack(0x000000ebb4a00000,0x000000ebb4b00000) (1024K)]
  0x000002de5d42b2f0 WatcherThread "VM Periodic Task Thread"        [id=14032, stack(0x000000ebb4900000,0x000000ebb4a00000) (1024K)]
  0x000002de42810600 WorkerThread "GC Thread#0"                     [id=3592, stack(0x000000ebb4400000,0x000000ebb4500000) (1024K)]
  0x000002de5da0e8d0 WorkerThread "GC Thread#1"                     [id=20940, stack(0x000000ebb5900000,0x000000ebb5a00000) (1024K)]
  0x000002de5d9947e0 WorkerThread "GC Thread#2"                     [id=19744, stack(0x000000ebb5a00000,0x000000ebb5b00000) (1024K)]
  0x000002de5d964bd0 WorkerThread "GC Thread#3"                     [id=15180, stack(0x000000ebb5b00000,0x000000ebb5c00000) (1024K)]
  0x000002de4281b350 ConcurrentGCThread "G1 Main Marker"            [id=9620, stack(0x000000ebb4500000,0x000000ebb4600000) (1024K)]
  0x000002de4281bd50 WorkerThread "G1 Conc#0"                       [id=13220, stack(0x000000ebb4600000,0x000000ebb4700000) (1024K)]
  0x000002de42871c80 ConcurrentGCThread "G1 Refine#0"               [id=2188, stack(0x000000ebb4700000,0x000000ebb4800000) (1024K)]
  0x000002de42874310 ConcurrentGCThread "G1 Service"                [id=4944, stack(0x000000ebb4800000,0x000000ebb4900000) (1024K)]
Total: 10

Threads with active compile tasks:
Total: 0

VM state: at safepoint (normal execution)

VM Mutex/Monitor currently owned by a thread:  ([mutex/lock_event])
[0x00007ffd3b61a5f8] Threads_lock - owner thread: 0x000002de42898bb0
[0x00007ffd3b61a6f8] Heap_lock - owner thread: 0x000002de4281b350

Heap address: 0x00000000c1800000, size: 1000 MB, Compressed Oops mode: 32-bit

CDS archive(s) mapped at: [0x000002de5e000000-0x000002de5ec90000-0x000002de5ec90000), size 13172736, SharedBaseAddress: 0x000002de5e000000, ArchiveRelocationMode: 1.
Compressed class space mapped at: 0x000002de5f000000-0x000002de9f000000, reserved size: 1073741824
Narrow klass base: 0x000002de5e000000, Narrow klass shift: 0, Narrow klass range: 0x100000000

GC Precious Log:
 CardTable entry size: 512
 Card Set container configuration: InlinePtr #cards 5 size 8 Array Of Cards #cards 12 size 40 Howl #buckets 4 coarsen threshold 1843 Howl Bitmap #cards 512 size 80 coarsen threshold 460 Card regions per heap region 1 cards per card region 2048
 CPUs: 4 total, 4 available
 Memory: 3993M
 Large Page Support: Disabled
 NUMA Support: Disabled
 Compressed Oops: Enabled (32-bit)
 Heap Region Size: 1M
 Heap Min Capacity: 8M
 Heap Initial Capacity: 64M
 Heap Max Capacity: 1000M
 Pre-touch: Disabled
 Parallel Workers: 4
 Concurrent Workers: 1
 Concurrent Refinement Workers: 4
 Periodic GC: Disabled

Heap:
 garbage-first heap   total 102400K, used 73534K [0x00000000c1800000, 0x0000000100000000)
  region size 1024K, 5 young (5120K), 4 survivors (4096K)
 Metaspace       used 18262K, committed 18432K, reserved 1114112K
  class space    used 1977K, committed 2048K, reserved 1048576K

Heap Regions: E=young(eden), S=young(survivor), O=old, HS=humongous(starts), HC=humongous(continues), CS=collection set, F=free, TAMS=top-at-mark-start, PB=parsable bottom
|   0|0x00000000c1800000, 0x00000000c1900000, 0x00000000c1900000|100%| O|  |TAMS 0x00000000c1900000| PB 0x00000000c1900000| Untracked 
|   1|0x00000000c1900000, 0x00000000c1a00000, 0x00000000c1a00000|100%|HS|  |TAMS 0x00000000c1a00000| PB 0x00000000c1900000| Complete 
|   2|0x00000000c1a00000, 0x00000000c1b00000, 0x00000000c1b00000|100%|HC|  |TAMS 0x00000000c1b00000| PB 0x00000000c1a00000| Complete 
|   3|0x00000000c1b00000, 0x00000000c1c00000, 0x00000000c1c00000|100%|HC|  |TAMS 0x00000000c1c00000| PB 0x00000000c1b00000| Complete 
|   4|0x00000000c1c00000, 0x00000000c1d00000, 0x00000000c1d00000|100%|HC|  |TAMS 0x00000000c1d00000| PB 0x00000000c1c00000| Complete 
|   5|0x00000000c1d00000, 0x00000000c1e00000, 0x00000000c1e00000|100%|HC|  |TAMS 0x00000000c1e00000| PB 0x00000000c1d00000| Complete 
|   6|0x00000000c1e00000, 0x00000000c1f00000, 0x00000000c1f00000|100%|HC|  |TAMS 0x00000000c1f00000| PB 0x00000000c1e00000| Complete 
|   7|0x00000000c1f00000, 0x00000000c2000000, 0x00000000c2000000|100%|HC|  |TAMS 0x00000000c2000000| PB 0x00000000c1f00000| Complete 
|   8|0x00000000c2000000, 0x00000000c2100000, 0x00000000c2100000|100%|HC|  |TAMS 0x00000000c2100000| PB 0x00000000c2000000| Complete 
|   9|0x00000000c2100000, 0x00000000c2200000, 0x00000000c2200000|100%|HC|  |TAMS 0x00000000c2200000| PB 0x00000000c2100000| Complete 
|  10|0x00000000c2200000, 0x00000000c2300000, 0x00000000c2300000|100%|HC|  |TAMS 0x00000000c2300000| PB 0x00000000c2200000| Complete 
|  11|0x00000000c2300000, 0x00000000c2400000, 0x00000000c2400000|100%|HC|  |TAMS 0x00000000c2400000| PB 0x00000000c2300000| Complete 
|  12|0x00000000c2400000, 0x00000000c2500000, 0x00000000c2500000|100%|HC|  |TAMS 0x00000000c2500000| PB 0x00000000c2400000| Complete 
|  13|0x00000000c2500000, 0x00000000c2600000, 0x00000000c2600000|100%|HC|  |TAMS 0x00000000c2600000| PB 0x00000000c2500000| Complete 
|  14|0x00000000c2600000, 0x00000000c2700000, 0x00000000c2700000|100%|HC|  |TAMS 0x00000000c2700000| PB 0x00000000c2600000| Complete 
|  15|0x00000000c2700000, 0x00000000c2800000, 0x00000000c2800000|100%|HC|  |TAMS 0x00000000c2800000| PB 0x00000000c2700000| Complete 
|  16|0x00000000c2800000, 0x00000000c2900000, 0x00000000c2900000|100%|HC|  |TAMS 0x00000000c2900000| PB 0x00000000c2800000| Complete 
|  17|0x00000000c2900000, 0x00000000c2a00000, 0x00000000c2a00000|100%|HC|  |TAMS 0x00000000c2a00000| PB 0x00000000c2900000| Complete 
|  18|0x00000000c2a00000, 0x00000000c2b00000, 0x00000000c2b00000|100%|HC|  |TAMS 0x00000000c2b00000| PB 0x00000000c2a00000| Complete 
|  19|0x00000000c2b00000, 0x00000000c2c00000, 0x00000000c2c00000|100%|HC|  |TAMS 0x00000000c2c00000| PB 0x00000000c2b00000| Complete 
|  20|0x00000000c2c00000, 0x00000000c2d00000, 0x00000000c2d00000|100%|HC|  |TAMS 0x00000000c2d00000| PB 0x00000000c2c00000| Complete 
|  21|0x00000000c2d00000, 0x00000000c2e00000, 0x00000000c2e00000|100%|HC|  |TAMS 0x00000000c2e00000| PB 0x00000000c2d00000| Complete 
|  22|0x00000000c2e00000, 0x00000000c2f00000, 0x00000000c2f00000|100%|HC|  |TAMS 0x00000000c2f00000| PB 0x00000000c2e00000| Complete 
|  23|0x00000000c2f00000, 0x00000000c3000000, 0x00000000c3000000|100%|HC|  |TAMS 0x00000000c3000000| PB 0x00000000c2f00000| Complete 
|  24|0x00000000c3000000, 0x00000000c3100000, 0x00000000c3100000|100%|HC|  |TAMS 0x00000000c3100000| PB 0x00000000c3000000| Complete 
|  25|0x00000000c3100000, 0x00000000c3200000, 0x00000000c3200000|100%|HC|  |TAMS 0x00000000c3200000| PB 0x00000000c3100000| Complete 
|  26|0x00000000c3200000, 0x00000000c3300000, 0x00000000c3300000|100%|HC|  |TAMS 0x00000000c3300000| PB 0x00000000c3200000| Complete 
|  27|0x00000000c3300000, 0x00000000c3400000, 0x00000000c3400000|100%|HC|  |TAMS 0x00000000c3400000| PB 0x00000000c3300000| Complete 
|  28|0x00000000c3400000, 0x00000000c3500000, 0x00000000c3500000|100%|HC|  |TAMS 0x00000000c3500000| PB 0x00000000c3400000| Complete 
|  29|0x00000000c3500000, 0x00000000c3600000, 0x00000000c3600000|100%|HC|  |TAMS 0x00000000c3600000| PB 0x00000000c3500000| Complete 
|  30|0x00000000c3600000, 0x00000000c3700000, 0x00000000c3700000|100%|HC|  |TAMS 0x00000000c3700000| PB 0x00000000c3600000| Complete 
|  31|0x00000000c3700000, 0x00000000c3800000, 0x00000000c3800000|100%|HC|  |TAMS 0x00000000c3800000| PB 0x00000000c3700000| Complete 
|  32|0x00000000c3800000, 0x00000000c3900000, 0x00000000c3900000|100%|HC|  |TAMS 0x00000000c3900000| PB 0x00000000c3800000| Complete 
|  33|0x00000000c3900000, 0x00000000c3a00000, 0x00000000c3a00000|100%| O|  |TAMS 0x00000000c3a00000| PB 0x00000000c3a00000| Untracked 
|  34|0x00000000c3a00000, 0x00000000c3b00000, 0x00000000c3b00000|100%| O|  |TAMS 0x00000000c3b00000| PB 0x00000000c3b00000| Updating 
|  35|0x00000000c3b00000, 0x00000000c3c00000, 0x00000000c3c00000|100%|HS|  |TAMS 0x00000000c3c00000| PB 0x00000000c3b00000| Complete 
|  36|0x00000000c3c00000, 0x00000000c3d00000, 0x00000000c3d00000|100%|HC|  |TAMS 0x00000000c3d00000| PB 0x00000000c3c00000| Complete 
|  37|0x00000000c3d00000, 0x00000000c3e00000, 0x00000000c3e00000|100%|HC|  |TAMS 0x00000000c3e00000| PB 0x00000000c3d00000| Complete 
|  38|0x00000000c3e00000, 0x00000000c3f00000, 0x00000000c3f00000|100%|HC|  |TAMS 0x00000000c3f00000| PB 0x00000000c3e00000| Complete 
|  39|0x00000000c3f00000, 0x00000000c4000000, 0x00000000c4000000|100%|HC|  |TAMS 0x00000000c4000000| PB 0x00000000c3f00000| Complete 
|  40|0x00000000c4000000, 0x00000000c4100000, 0x00000000c4100000|100%|HS|  |TAMS 0x00000000c4100000| PB 0x00000000c4000000| Complete 
|  41|0x00000000c4100000, 0x00000000c4200000, 0x00000000c4200000|100%|HC|  |TAMS 0x00000000c4200000| PB 0x00000000c4100000| Complete 
|  42|0x00000000c4200000, 0x00000000c4300000, 0x00000000c4300000|100%|HC|  |TAMS 0x00000000c4300000| PB 0x00000000c4200000| Complete 
|  43|0x00000000c4300000, 0x00000000c4400000, 0x00000000c4400000|100%|HC|  |TAMS 0x00000000c4400000| PB 0x00000000c4300000| Complete 
|  44|0x00000000c4400000, 0x00000000c4500000, 0x00000000c4500000|100%|HC|  |TAMS 0x00000000c4500000| PB 0x00000000c4400000| Complete 
|  45|0x00000000c4500000, 0x00000000c4600000, 0x00000000c4600000|100%|HC|  |TAMS 0x00000000c4600000| PB 0x00000000c4500000| Complete 
|  46|0x00000000c4600000, 0x00000000c4700000, 0x00000000c4700000|100%|HC|  |TAMS 0x00000000c4700000| PB 0x00000000c4600000| Complete 
|  47|0x00000000c4700000, 0x00000000c4800000, 0x00000000c4800000|100%|HC|  |TAMS 0x00000000c4800000| PB 0x00000000c4700000| Complete 
|  48|0x00000000c4800000, 0x00000000c4900000, 0x00000000c4900000|100%| O|  |TAMS 0x00000000c4900000| PB 0x00000000c4900000| Updating 
|  49|0x00000000c4900000, 0x00000000c4a00000, 0x00000000c4a00000|100%| O|  |TAMS 0x00000000c4901020| PB 0x00000000c4901020| Untracked 
|  50|0x00000000c4a00000, 0x00000000c4b00000, 0x00000000c4b00000|100%|HS|  |TAMS 0x00000000c4b00000| PB 0x00000000c4a00000| Complete 
|  51|0x00000000c4b00000, 0x00000000c4c00000, 0x00000000c4c00000|100%|HC|  |TAMS 0x00000000c4c00000| PB 0x00000000c4b00000| Complete 
|  52|0x00000000c4c00000, 0x00000000c4d00000, 0x00000000c4d00000|100%|HC|  |TAMS 0x00000000c4d00000| PB 0x00000000c4c00000| Complete 
|  53|0x00000000c4d00000, 0x00000000c4e00000, 0x00000000c4e00000|100%|HC|  |TAMS 0x00000000c4e00000| PB 0x00000000c4d00000| Complete 
|  54|0x00000000c4e00000, 0x00000000c4f00000, 0x00000000c4f00000|100%|HC|  |TAMS 0x00000000c4f00000| PB 0x00000000c4e00000| Complete 
|  55|0x00000000c4f00000, 0x00000000c5000000, 0x00000000c5000000|100%| O|  |TAMS 0x00000000c4f00000| PB 0x00000000c4f00000| Untracked 
|  56|0x00000000c5000000, 0x00000000c50cfa80, 0x00000000c5100000| 81%| O|  |TAMS 0x00000000c5000000| PB 0x00000000c5000000| Updating 
|  57|0x00000000c5100000, 0x00000000c5200000, 0x00000000c5200000|100%|HS|  |TAMS 0x00000000c5100000| PB 0x00000000c5100000| Complete 
|  58|0x00000000c5200000, 0x00000000c5300000, 0x00000000c5300000|100%|HC|  |TAMS 0x00000000c5200000| PB 0x00000000c5200000| Complete 
|  59|0x00000000c5300000, 0x00000000c5400000, 0x00000000c5400000|100%|HC|  |TAMS 0x00000000c5300000| PB 0x00000000c5300000| Complete 
|  60|0x00000000c5400000, 0x00000000c5500000, 0x00000000c5500000|100%|HC|  |TAMS 0x00000000c5400000| PB 0x00000000c5400000| Complete 
|  61|0x00000000c5500000, 0x00000000c5600000, 0x00000000c5600000|100%|HC|  |TAMS 0x00000000c5500000| PB 0x00000000c5500000| Complete 
|  62|0x00000000c5600000, 0x00000000c5700000, 0x00000000c5700000|100%|HC|  |TAMS 0x00000000c5600000| PB 0x00000000c5600000| Complete 
|  63|0x00000000c5700000, 0x00000000c5800000, 0x00000000c5800000|100%|HC|  |TAMS 0x00000000c5700000| PB 0x00000000c5700000| Complete 
|  64|0x00000000c5800000, 0x00000000c5900000, 0x00000000c5900000|100%|HC|  |TAMS 0x00000000c5800000| PB 0x00000000c5800000| Complete 
|  65|0x00000000c5900000, 0x00000000c5a00000, 0x00000000c5a00000|100%|HC|  |TAMS 0x00000000c5900000| PB 0x00000000c5900000| Complete 
|  66|0x00000000c5a00000, 0x00000000c5b00000, 0x00000000c5b00000|100%|HC|  |TAMS 0x00000000c5a00000| PB 0x00000000c5a00000| Complete 
|  67|0x00000000c5b00000, 0x00000000c5c00000, 0x00000000c5c00000|100%|HC|  |TAMS 0x00000000c5b00000| PB 0x00000000c5b00000| Complete 
|  68|0x00000000c5c00000, 0x00000000c5c00000, 0x00000000c5d00000|  0%| F|  |TAMS 0x00000000c5c00000| PB 0x00000000c5c00000| Untracked 
|  69|0x00000000c5d00000, 0x00000000c5d00000, 0x00000000c5e00000|  0%| F|  |TAMS 0x00000000c5d00000| PB 0x00000000c5d00000| Untracked 
|  70|0x00000000c5e00000, 0x00000000c5e00000, 0x00000000c5f00000|  0%| F|  |TAMS 0x00000000c5e00000| PB 0x00000000c5e00000| Untracked 
|  71|0x00000000c5f00000, 0x00000000c5f00000, 0x00000000c6000000|  0%| F|  |TAMS 0x00000000c5f00000| PB 0x00000000c5f00000| Untracked 
|  72|0x00000000c6000000, 0x00000000c6000000, 0x00000000c6100000|  0%| F|  |TAMS 0x00000000c6000000| PB 0x00000000c6000000| Untracked 
|  73|0x00000000c6100000, 0x00000000c6100000, 0x00000000c6200000|  0%| F|  |TAMS 0x00000000c6100000| PB 0x00000000c6100000| Untracked 
|  74|0x00000000c6200000, 0x00000000c6200000, 0x00000000c6300000|  0%| F|  |TAMS 0x00000000c6200000| PB 0x00000000c6200000| Untracked 
|  75|0x00000000c6300000, 0x00000000c6300000, 0x00000000c6400000|  0%| F|  |TAMS 0x00000000c6300000| PB 0x00000000c6300000| Untracked 
|  76|0x00000000c6400000, 0x00000000c6400000, 0x00000000c6500000|  0%| F|  |TAMS 0x00000000c6400000| PB 0x00000000c6400000| Untracked 
|  77|0x00000000c6500000, 0x00000000c6500000, 0x00000000c6600000|  0%| F|  |TAMS 0x00000000c6500000| PB 0x00000000c6500000| Untracked 
|  78|0x00000000c6600000, 0x00000000c6600000, 0x00000000c6700000|  0%| F|  |TAMS 0x00000000c6600000| PB 0x00000000c6600000| Untracked 
|  79|0x00000000c6700000, 0x00000000c6700000, 0x00000000c6800000|  0%| F|  |TAMS 0x00000000c6700000| PB 0x00000000c6700000| Untracked 
|  80|0x00000000c6800000, 0x00000000c6800000, 0x00000000c6900000|  0%| F|  |TAMS 0x00000000c6800000| PB 0x00000000c6800000| Untracked 
|  81|0x00000000c6900000, 0x00000000c6900000, 0x00000000c6a00000|  0%| F|  |TAMS 0x00000000c6900000| PB 0x00000000c6900000| Untracked 
|  82|0x00000000c6a00000, 0x00000000c6a00000, 0x00000000c6b00000|  0%| F|  |TAMS 0x00000000c6a00000| PB 0x00000000c6a00000| Untracked 
|  83|0x00000000c6b00000, 0x00000000c6b00000, 0x00000000c6c00000|  0%| F|  |TAMS 0x00000000c6b00000| PB 0x00000000c6b00000| Untracked 
|  84|0x00000000c6c00000, 0x00000000c6c00000, 0x00000000c6d00000|  0%| F|  |TAMS 0x00000000c6c00000| PB 0x00000000c6c00000| Untracked 
|  85|0x00000000c6d00000, 0x00000000c6d00000, 0x00000000c6e00000|  0%| F|  |TAMS 0x00000000c6d00000| PB 0x00000000c6d00000| Untracked 
|  86|0x00000000c6e00000, 0x00000000c6e00000, 0x00000000c6f00000|  0%| F|  |TAMS 0x00000000c6e00000| PB 0x00000000c6e00000| Untracked 
|  87|0x00000000c6f00000, 0x00000000c6f00000, 0x00000000c7000000|  0%| F|  |TAMS 0x00000000c6f00000| PB 0x00000000c6f00000| Untracked 
|  88|0x00000000c7000000, 0x00000000c7000000, 0x00000000c7100000|  0%| F|  |TAMS 0x00000000c7000000| PB 0x00000000c7000000| Untracked 
|  89|0x00000000c7100000, 0x00000000c7100000, 0x00000000c7200000|  0%| F|  |TAMS 0x00000000c7100000| PB 0x00000000c7100000| Untracked 
|  90|0x00000000c7200000, 0x00000000c7200000, 0x00000000c7300000|  0%| F|  |TAMS 0x00000000c7200000| PB 0x00000000c7200000| Untracked 
|  91|0x00000000c7300000, 0x00000000c7300000, 0x00000000c7400000|  0%| F|  |TAMS 0x00000000c7300000| PB 0x00000000c7300000| Untracked 
|  92|0x00000000c7400000, 0x00000000c7500000, 0x00000000c7500000|100%| S|CS|TAMS 0x00000000c7400000| PB 0x00000000c7400000| Complete 
|  93|0x00000000c7500000, 0x00000000c7600000, 0x00000000c7600000|100%| S|CS|TAMS 0x00000000c7500000| PB 0x00000000c7500000| Complete 
|  94|0x00000000c7600000, 0x00000000c7700000, 0x00000000c7700000|100%| S|CS|TAMS 0x00000000c7600000| PB 0x00000000c7600000| Complete 
|  95|0x00000000c7700000, 0x00000000c7800000, 0x00000000c7800000|100%| S|CS|TAMS 0x00000000c7700000| PB 0x00000000c7700000| Complete 
|  96|0x00000000c7800000, 0x00000000c7800000, 0x00000000c7900000|  0%| F|  |TAMS 0x00000000c7800000| PB 0x00000000c7800000| Untracked 
|  97|0x00000000c7900000, 0x00000000c7900000, 0x00000000c7a00000|  0%| F|  |TAMS 0x00000000c7900000| PB 0x00000000c7900000| Untracked 
|  98|0x00000000c7a00000, 0x00000000c7a00000, 0x00000000c7b00000|  0%| F|  |TAMS 0x00000000c7a00000| PB 0x00000000c7a00000| Untracked 
|  99|0x00000000c7b00000, 0x00000000c7b16b90, 0x00000000c7c00000|  8%| E|  |TAMS 0x00000000c7b00000| PB 0x00000000c7b00000| Complete 

Card table byte_map: [0x000002de59e40000,0x000002de5a040000] _byte_map_base: 0x000002de59834000

Marking Bits: (CMBitMap*) 0x000002de42811410
 Bits: [0x000002de5a040000, 0x000002de5afe0000)

Polling page: 0x000002de40660000

Metaspace:

Usage:
  Non-class:     15.90 MB used.
      Class:      1.93 MB used.
       Both:     17.83 MB used.

Virtual space:
  Non-class space:       64.00 MB reserved,      16.00 MB ( 25%) committed,  1 nodes.
      Class space:        1.00 GB reserved,       2.00 MB ( <1%) committed,  1 nodes.
             Both:        1.06 GB reserved,      18.00 MB (  2%) committed. 

Chunk freelists:
   Non-Class:  39.00 KB
       Class:  14.02 MB
        Both:  14.06 MB

MaxMetaspaceSize: unlimited
CompressedClassSpaceSize: 1.00 GB
Initial GC threshold: 21.00 MB
Current GC threshold: 30.00 MB
CDS: on
 - commit_granule_bytes: 65536.
 - commit_granule_words: 8192.
 - virtual_space_node_default_size: 8388608.
 - enlarge_chunks_in_place: 1.
 - use_allocation_guard: 0.


Internal statistics:

num_allocs_failed_limit: 0.
num_arena_births: 194.
num_arena_deaths: 46.
num_vsnodes_births: 2.
num_vsnodes_deaths: 0.
num_space_committed: 288.
num_space_uncommitted: 0.
num_chunks_returned_to_freelist: 56.
num_chunks_taken_from_freelist: 397.
num_chunk_merges: 10.
num_chunk_splits: 241.
num_chunks_enlarged: 142.
num_inconsistent_stats: 0.

CodeHeap 'non-profiled nmethods': size=120000Kb used=869Kb max_used=921Kb free=119130Kb
 bounds [0x000002de52710000, 0x000002de52980000, 0x000002de59c40000]
CodeHeap 'profiled nmethods': size=120000Kb used=4233Kb max_used=4735Kb free=115766Kb
 bounds [0x000002de4ac40000, 0x000002de4b0f0000, 0x000002de52170000]
CodeHeap 'non-nmethods': size=5760Kb used=1689Kb max_used=1731Kb free=4070Kb
 bounds [0x000002de52170000, 0x000002de523e0000, 0x000002de52710000]
 total_blobs=2987 nmethods=2262 adapters=629
 compilation: enabled
              stopped_count=0, restarted_count=0
 full_count=0

Compilation events (20 events):
Event: 15271.213 Thread 0x000002de5d4501d0 nmethod 2591 0x000002de4ac8d410 code [0x000002de4ac8d5e0, 0x000002de4ac8dbb0]
Event: 15271.213 Thread 0x000002de5d4501d0 2594       3       sun.font.FontDesignMetrics::stringWidth (155 bytes)
Event: 15271.216 Thread 0x000002de5d44db10 nmethod 2590 0x000002de527f4e10 code [0x000002de527f4fc0, 0x000002de527f5138]
Event: 15271.216 Thread 0x000002de5d44db10 2595       4       java.lang.StringConcatHelper::prepend (37 bytes)
Event: 15271.218 Thread 0x000002de5d4501d0 nmethod 2594 0x000002de4b0db890 code [0x000002de4b0dbbe0, 0x000002de4b0dce60]
Event: 15271.218 Thread 0x000002de5d44db10 nmethod 2595 0x000002de527f5210 code [0x000002de527f53a0, 0x000002de527f5570]
Event: 15271.218 Thread 0x000002de5d4501d0 2592       3       sun.swing.MenuItemLayoutHelper::<init> (28 bytes)
Event: 15271.218 Thread 0x000002de5d4501d0 nmethod 2592 0x000002de4ad7d990 code [0x000002de4ad7db40, 0x000002de4ad7dd48]
Event: 15271.218 Thread 0x000002de5d4501d0 2593       3       sun.swing.MenuItemLayoutHelper::reset (308 bytes)
Event: 15271.222 Thread 0x000002de5d44db10 2599       4       java.lang.StrictMath::ceil (10 bytes)
Event: 15271.227 Thread 0x000002de5d44db10 nmethod 2599 0x000002de52749190 code [0x000002de52749340, 0x000002de52749470]
Event: 15271.227 Thread 0x000002de5d44db10 2600       4       java.awt.image.SinglePixelPackedSampleModel::<init> (243 bytes)
Event: 15271.233 Thread 0x000002de5d4501d0 nmethod 2593 0x000002de4b0dd610 code [0x000002de4b0ddd20, 0x000002de4b0e1ae0]
Event: 15271.233 Thread 0x000002de5d4501d0 2596       3       javax.swing.JComponent::getPreferredSize (43 bytes)
Event: 15271.233 Thread 0x000002de5d4501d0 nmethod 2596 0x000002de4ad16610 code [0x000002de4ad16800, 0x000002de4ad16db8]
Event: 15271.233 Thread 0x000002de5d4501d0 2597       3       javax.swing.JComponent::getInsets (23 bytes)
Event: 15271.234 Thread 0x000002de5d4501d0 nmethod 2597 0x000002de4ac7b590 code [0x000002de4ac7b760, 0x000002de4ac7bae8]
Event: 15271.234 Thread 0x000002de5d4501d0 2598       1       java.awt.AWTEvent::isConsumed (5 bytes)
Event: 15271.234 Thread 0x000002de5d4501d0 nmethod 2598 0x000002de52710010 code [0x000002de527101a0, 0x000002de52710270]
Event: 15271.248 Thread 0x000002de5d44db10 nmethod 2600 0x000002de527f5710 code [0x000002de527f5900, 0x000002de527f62b0]

GC Heap History (14 events):
Event: 0.434 GC heap before
{Heap before GC invocations=0 (full 0):
 garbage-first heap   total 65536K, used 6144K [0x00000000c1800000, 0x0000000100000000)
  region size 1024K, 7 young (7168K), 0 survivors (0K)
 Metaspace       used 4722K, committed 4928K, reserved 1114112K
  class space    used 485K, committed 640K, reserved 1048576K
}
Event: 0.439 GC heap after
{Heap after GC invocations=1 (full 0):
 garbage-first heap   total 65536K, used 2492K [0x00000000c1800000, 0x0000000100000000)
  region size 1024K, 2 young (2048K), 2 survivors (2048K)
 Metaspace       used 4722K, committed 4928K, reserved 1114112K
  class space    used 485K, committed 640K, reserved 1048576K
}
Event: 0.624 GC heap before
{Heap before GC invocations=1 (full 0):
 garbage-first heap   total 65536K, used 48572K [0x00000000c1800000, 0x0000000100000000)
  region size 1024K, 16 young (16384K), 2 survivors (2048K)
 Metaspace       used 4844K, committed 5056K, reserved 1114112K
  class space    used 491K, committed 640K, reserved 1048576K
}
Event: 0.628 GC heap after
{Heap after GC invocations=2 (full 0):
 garbage-first heap   total 65536K, used 35552K [0x00000000c1800000, 0x0000000100000000)
  region size 1024K, 1 young (1024K), 1 survivors (1024K)
 Metaspace       used 4844K, committed 5056K, reserved 1114112K
  class space    used 491K, committed 640K, reserved 1048576K
}
Event: 0.694 GC heap before
{Heap before GC invocations=2 (full 0):
 garbage-first heap   total 65536K, used 57056K [0x00000000c1800000, 0x0000000100000000)
  region size 1024K, 22 young (22528K), 1 survivors (1024K)
 Metaspace       used 4844K, committed 5056K, reserved 1114112K
  class space    used 491K, committed 640K, reserved 1048576K
}
Event: 0.695 GC heap after
{Heap after GC invocations=3 (full 0):
 garbage-first heap   total 65536K, used 35458K [0x00000000c1800000, 0x0000000100000000)
  region size 1024K, 1 young (1024K), 1 survivors (1024K)
 Metaspace       used 4844K, committed 5056K, reserved 1114112K
  class space    used 491K, committed 640K, reserved 1048576K
}
Event: 0.748 GC heap before
{Heap before GC invocations=4 (full 0):
 garbage-first heap   total 65536K, used 42626K [0x00000000c1800000, 0x0000000100000000)
  region size 1024K, 10 young (10240K), 1 survivors (1024K)
 Metaspace       used 4853K, committed 5056K, reserved 1114112K
  class space    used 493K, committed 640K, reserved 1048576K
}
Event: 0.748 GC heap after
{Heap after GC invocations=5 (full 0):
 garbage-first heap   total 65536K, used 35422K [0x00000000c1800000, 0x0000000100000000)
  region size 1024K, 1 young (1024K), 1 survivors (1024K)
 Metaspace       used 4853K, committed 5056K, reserved 1114112K
  class space    used 493K, committed 640K, reserved 1048576K
}
Event: 1.361 GC heap before
{Heap before GC invocations=6 (full 0):
 garbage-first heap   total 71680K, used 47710K [0x00000000c1800000, 0x0000000100000000)
  region size 1024K, 9 young (9216K), 1 survivors (1024K)
 Metaspace       used 7354K, committed 7552K, reserved 1114112K
  class space    used 780K, committed 896K, reserved 1048576K
}
Event: 1.364 GC heap after
{Heap after GC invocations=7 (full 0):
 garbage-first heap   total 71680K, used 40861K [0x00000000c1800000, 0x0000000100000000)
  region size 1024K, 1 young (1024K), 1 survivors (1024K)
 Metaspace       used 7354K, committed 7552K, reserved 1114112K
  class space    used 780K, committed 896K, reserved 1048576K
}
Event: 15266.226 GC heap before
{Heap before GC invocations=8 (full 0):
 garbage-first heap   total 86016K, used 69533K [0x00000000c1800000, 0x0000000100000000)
  region size 1024K, 23 young (23552K), 1 survivors (1024K)
 Metaspace       used 18265K, committed 18432K, reserved 1114112K
  class space    used 1987K, committed 2048K, reserved 1048576K
}
Event: 15266.465 GC heap after
{Heap after GC invocations=9 (full 0):
 garbage-first heap   total 86016K, used 54276K [0x00000000c1800000, 0x0000000100000000)
  region size 1024K, 4 young (4096K), 4 survivors (4096K)
 Metaspace       used 18265K, committed 18432K, reserved 1114112K
  class space    used 1987K, committed 2048K, reserved 1048576K
}
Event: 15271.235 GC heap before
{Heap before GC invocations=10 (full 0):
 garbage-first heap   total 102400K, used 63492K [0x00000000c1800000, 0x0000000100000000)
  region size 1024K, 9 young (9216K), 4 survivors (4096K)
 Metaspace       used 18262K, committed 18432K, reserved 1114112K
  class space    used 1977K, committed 2048K, reserved 1048576K
}
Event: 15271.247 GC heap after
{Heap after GC invocations=11 (full 0):
 garbage-first heap   total 102400K, used 62270K [0x00000000c1800000, 0x0000000100000000)
  region size 1024K, 4 young (4096K), 4 survivors (4096K)
 Metaspace       used 18262K, committed 18432K, reserved 1114112K
  class space    used 1977K, committed 2048K, reserved 1048576K
}

Dll operation events (12 events):
Event: 0.012 Loaded shared library C:\Program Files\Java\jdk-21\bin\java.dll
Event: 0.055 Loaded shared library C:\Program Files\Java\jdk-21\bin\jsvml.dll
Event: 0.118 Loaded shared library C:\Program Files\Java\jdk-21\bin\net.dll
Event: 0.120 Loaded shared library C:\Program Files\Java\jdk-21\bin\nio.dll
Event: 0.155 Loaded shared library C:\Program Files\Java\jdk-21\bin\zip.dll
Event: 0.170 Loaded shared library C:\Program Files\Java\jdk-21\bin\jimage.dll
Event: 0.185 Loaded shared library C:\Program Files\Java\jdk-21\bin\awt.dll
Event: 0.417 Loaded shared library C:\Program Files\Java\jdk-21\bin\javajpeg.dll
Event: 1.240 Loaded shared library C:\Program Files\Java\jdk-21\bin\freetype.dll
Event: 1.241 Loaded shared library C:\Program Files\Java\jdk-21\bin\fontmanager.dll
Event: 5.112 Loaded shared library C:\Program Files\Java\jdk-21\bin\extnet.dll
Event: 5.605 Loaded shared library C:\Program Files\Java\jdk-21\bin\sunmscapi.dll

Deoptimization events (20 events):
Event: 6.167 Thread 0x000002de5d8ff310 DEOPT PACKING pc=0x000002de4adf2697 sp=0x000000ebb5cfcb10
Event: 6.167 Thread 0x000002de5d8ff310 DEOPT UNPACKING pc=0x000002de521c4e42 sp=0x000000ebb5cfbfe0 mode 0
Event: 6.174 Thread 0x000002de5d8ff310 DEOPT PACKING pc=0x000002de4adf2697 sp=0x000000ebb5cfcb10
Event: 6.174 Thread 0x000002de5d8ff310 DEOPT UNPACKING pc=0x000002de521c4e42 sp=0x000000ebb5cfbfe0 mode 0
Event: 9.740 Thread 0x000002de5d8ff310 Uncommon trap: trap_request=0xffffffde fr.pc=0x000002de52721ce0 relative=0x00000000000001c0
Event: 9.740 Thread 0x000002de5d8ff310 Uncommon trap: reason=class_check action=maybe_recompile pc=0x000002de52721ce0 method=java.lang.String.equals(Ljava/lang/Object;)Z @ 8 c2
Event: 9.740 Thread 0x000002de5d8ff310 DEOPT PACKING pc=0x000002de52721ce0 sp=0x000000ebb5cfdd40
Event: 9.740 Thread 0x000002de5d8ff310 DEOPT UNPACKING pc=0x000002de521c46a2 sp=0x000000ebb5cfdcd8 mode 2
Event: 20.122 Thread 0x000002de5d8ff310 DEOPT PACKING pc=0x000002de4adf11e6 sp=0x000000ebb5cfcca0
Event: 20.122 Thread 0x000002de5d8ff310 DEOPT UNPACKING pc=0x000002de521c4e42 sp=0x000000ebb5cfc1a0 mode 0
Event: 141.491 Thread 0x000002de5d8ff310 DEOPT PACKING pc=0x000002de4b00ea9f sp=0x000000ebb5cfcac0
Event: 141.492 Thread 0x000002de5d8ff310 DEOPT UNPACKING pc=0x000002de521c4e42 sp=0x000000ebb5cfbf98 mode 0
Event: 15266.703 Thread 0x000002dea43ad400 Uncommon trap: trap_request=0xfffffff4 fr.pc=0x000002de527ecb84 relative=0x00000000000034c4
Event: 15266.703 Thread 0x000002dea43ad400 Uncommon trap: reason=null_check action=make_not_entrant pc=0x000002de527ecb84 method=jdk.internal.loader.BuiltinClassLoader.findMiscResource(Ljava/lang/String;)Ljava/util/List; @ 13 c2
Event: 15266.703 Thread 0x000002dea43ad400 DEOPT PACKING pc=0x000002de527ecb84 sp=0x000000ebb5dff180
Event: 15266.704 Thread 0x000002dea43ad400 DEOPT UNPACKING pc=0x000002de521c46a2 sp=0x000000ebb5dff0f8 mode 2
Event: 15266.705 Thread 0x000002dea43ad400 Uncommon trap: trap_request=0xfffffff4 fr.pc=0x000002de527e88d0 relative=0x0000000000000450
Event: 15266.705 Thread 0x000002dea43ad400 Uncommon trap: reason=null_check action=make_not_entrant pc=0x000002de527e88d0 method=jdk.internal.loader.BuiltinClassLoader.findMiscResource(Ljava/lang/String;)Ljava/util/List; @ 13 c2
Event: 15266.705 Thread 0x000002dea43ad400 DEOPT PACKING pc=0x000002de527e88d0 sp=0x000000ebb5dff130
Event: 15266.705 Thread 0x000002dea43ad400 DEOPT UNPACKING pc=0x000002de521c46a2 sp=0x000000ebb5dff0f0 mode 2

Classes loaded (20 events):
Event: 8.539 Loading class java/awt/KeyboardFocusManager$2
Event: 8.539 Loading class java/awt/KeyboardFocusManager$2 done
Event: 8.540 Loading class sun/awt/SunToolkit$1
Event: 8.541 Loading class sun/awt/SunToolkit$1 done
Event: 5778.213 Loading class java/awt/desktop/SystemSleepListener
Event: 5778.245 Loading class java/awt/desktop/SystemEventListener
Event: 5778.259 Loading class java/awt/desktop/SystemEventListener done
Event: 5778.260 Loading class java/awt/desktop/SystemSleepListener done
Event: 14110.063 Loading class java/util/WeakHashMap$KeyIterator
Event: 14110.084 Loading class java/util/WeakHashMap$HashIterator
Event: 14110.101 Loading class java/util/WeakHashMap$HashIterator done
Event: 14110.101 Loading class java/util/WeakHashMap$KeyIterator done
Event: 14110.743 Loading class javax/swing/RepaintManager$DisplayChangedRunnable
Event: 14110.756 Loading class javax/swing/RepaintManager$DisplayChangedRunnable done
Event: 15266.658 Loading class sun/security/ssl/Alert
Event: 15266.671 Loading class sun/security/ssl/Alert done
Event: 15266.684 Loading class sun/security/ssl/Alert$AlertConsumer
Event: 15266.688 Loading class sun/security/ssl/Alert$AlertConsumer done
Event: 15266.688 Loading class sun/security/ssl/Alert$Level
Event: 15266.690 Loading class sun/security/ssl/Alert$Level done

Classes unloaded (20 events):
Event: 15266.510 Thread 0x000002de42898bb0 Unloading class 0x000002de5f00b800 'java/lang/invoke/LambdaForm$MH+0x000002de5f00b800'
Event: 15266.510 Thread 0x000002de42898bb0 Unloading class 0x000002de5f00b000 'java/lang/invoke/LambdaForm$MH+0x000002de5f00b000'
Event: 15266.510 Thread 0x000002de42898bb0 Unloading class 0x000002de5f00a800 'java/lang/invoke/LambdaForm$MH+0x000002de5f00a800'
Event: 15266.510 Thread 0x000002de42898bb0 Unloading class 0x000002de5f009c00 'java/lang/invoke/LambdaForm$MH+0x000002de5f009c00'
Event: 15266.510 Thread 0x000002de42898bb0 Unloading class 0x000002de5f009800 'java/lang/invoke/LambdaForm$MH+0x000002de5f009800'
Event: 15266.510 Thread 0x000002de42898bb0 Unloading class 0x000002de5f009000 'java/lang/invoke/LambdaForm$MH+0x000002de5f009000'
Event: 15266.510 Thread 0x000002de42898bb0 Unloading class 0x000002de5f008800 'java/lang/invoke/LambdaForm$MH+0x000002de5f008800'
Event: 15266.510 Thread 0x000002de42898bb0 Unloading class 0x000002de5f008000 'java/lang/invoke/LambdaForm$MH+0x000002de5f008000'
Event: 15266.510 Thread 0x000002de42898bb0 Unloading class 0x000002de5f007c00 'java/lang/invoke/LambdaForm$MH+0x000002de5f007c00'
Event: 15266.510 Thread 0x000002de42898bb0 Unloading class 0x000002de5f007800 'java/lang/invoke/LambdaForm$MH+0x000002de5f007800'
Event: 15266.510 Thread 0x000002de42898bb0 Unloading class 0x000002de5f007400 'java/lang/invoke/LambdaForm$MH+0x000002de5f007400'
Event: 15266.510 Thread 0x000002de42898bb0 Unloading class 0x000002de5f006c00 'java/lang/invoke/LambdaForm$MH+0x000002de5f006c00'
Event: 15266.510 Thread 0x000002de42898bb0 Unloading class 0x000002de5f006800 'java/lang/invoke/LambdaForm$MH+0x000002de5f006800'
Event: 15266.510 Thread 0x000002de42898bb0 Unloading class 0x000002de5f006400 'java/lang/invoke/LambdaForm$MH+0x000002de5f006400'
Event: 15266.510 Thread 0x000002de42898bb0 Unloading class 0x000002de5f005c00 'java/lang/invoke/LambdaForm$MH+0x000002de5f005c00'
Event: 15266.510 Thread 0x000002de42898bb0 Unloading class 0x000002de5f005000 'java/lang/invoke/LambdaForm$MH+0x000002de5f005000'
Event: 15266.510 Thread 0x000002de42898bb0 Unloading class 0x000002de5f004c00 'java/lang/invoke/LambdaForm$MH+0x000002de5f004c00'
Event: 15266.510 Thread 0x000002de42898bb0 Unloading class 0x000002de5f004400 'java/lang/invoke/LambdaForm$MH+0x000002de5f004400'
Event: 15266.510 Thread 0x000002de42898bb0 Unloading class 0x000002de5f001c00 'java/lang/invoke/LambdaForm$MH+0x000002de5f001c00'
Event: 15266.510 Thread 0x000002de42898bb0 Unloading class 0x000002de5f000c00 'java/lang/invoke/LambdaForm$MH+0x000002de5f000c00'

Classes redefined (0 events):
No events

Internal exceptions (20 events):
Event: 0.204 Thread 0x000002de4070b120 Exception <a 'java/io/FileNotFoundException'{0x00000000c54084b0}> (0x00000000c54084b0) 
thrown [s\open\src\hotspot\share\prims\jni.cpp, line 520]
Event: 0.281 Thread 0x000002de4070b120 Exception <a 'java/lang/NoSuchMethodError'{0x00000000c53157e0}: 'void java.lang.invoke.DirectMethodHandle$Holder.invokeSpecial(java.lang.Object, java.lang.Object, java.lang.Object)'> (0x00000000c53157e0) 
thrown [s\open\src\hotspot\share\interpreter\linkResolver.cpp, line 773]
Event: 0.290 Thread 0x000002de4070b120 Exception <a 'java/lang/NoSuchMethodError'{0x00000000c533b240}: 'java.lang.Object java.lang.invoke.DirectMethodHandle$Holder.newInvokeSpecial(java.lang.Object, java.lang.Object, java.lang.Object, java.lang.Object, java.lang.Object)'> (0x00000000c533b240) 
thrown [s\open\src\hotspot\share\interpreter\linkResolver.cpp, line 773]
Event: 0.296 Thread 0x000002de4070b120 Exception <a 'java/lang/NoSuchMethodError'{0x00000000c5367058}: 'java.lang.Object java.lang.invoke.DirectMethodHandle$Holder.invokeStatic(java.lang.Object, int, java.lang.Object)'> (0x00000000c5367058) 
thrown [s\open\src\hotspot\share\interpreter\linkResolver.cpp, line 773]
Event: 0.318 Thread 0x000002de4070b120 Exception <a 'java/lang/ClassNotFoundException'{0x00000000c5206e88}: com/sun/swing/internal/plaf/metal/resources/spi/metalProvider> (0x00000000c5206e88) 
thrown [s\open\src\hotspot\share\classfile\systemDictionary.cpp, line 312]
Event: 0.320 Thread 0x000002de4070b120 Exception <a 'java/lang/ClassNotFoundException'{0x00000000c520ade8}: com/sun/swing/internal/plaf/basic/resources/spi/basicProvider> (0x00000000c520ade8) 
thrown [s\open\src\hotspot\share\classfile\systemDictionary.cpp, line 312]
Event: 0.330 Thread 0x000002de4070b120 Exception <a 'java/lang/NoSuchMethodError'{0x00000000c522a0a8}: 'int java.lang.invoke.Invokers$Holder.invokeExact_MT(java.lang.Object, java.lang.Object)'> (0x00000000c522a0a8) 
thrown [s\open\src\hotspot\share\interpreter\linkResolver.cpp, line 773]
Event: 0.419 Thread 0x000002de5d90f5f0 Exception <a 'java/lang/NoSuchMethodError'{0x00000000c51e5af8}: 'java.lang.Object java.lang.invoke.DirectMethodHandle$Holder.newInvokeSpecial(java.lang.Object, java.lang.Object, java.lang.Object, int, int, int, int, int)'> (0x00000000c51e5af8) 
thrown [s\open\src\hotspot\share\interpreter\linkResolver.cpp, line 773]
Event: 1.211 Thread 0x000002de5d8d8860 Exception <a 'java/lang/NoSuchMethodError'{0x00000000c5887c70}: 'void java.lang.invoke.DirectMethodHandle$Holder.invokeVirtual(java.lang.Object, java.lang.Object)'> (0x00000000c5887c70) 
thrown [s\open\src\hotspot\share\interpreter\linkResolver.cpp, line 773]
Event: 1.234 Thread 0x000002de4070b120 Exception <a 'java/lang/NoSuchMethodError'{0x00000000c5844e30}: 'void java.lang.invoke.DirectMethodHandle$Holder.invokeStaticInit(java.lang.Object)'> (0x00000000c5844e30) 
thrown [s\open\src\hotspot\share\interpreter\linkResolver.cpp, line 773]
Event: 3.613 Thread 0x000002de5d8ff310 Exception <a 'java/lang/NoSuchMethodError'{0x00000000c6b55220}: 'void java.lang.invoke.DirectMethodHandle$Holder.invokeStatic(java.lang.Object, java.lang.Object)'> (0x00000000c6b55220) 
thrown [s\open\src\hotspot\share\interpreter\linkResolver.cpp, line 773]
Event: 4.947 Thread 0x000002de5d8ff310 Exception <a 'java/lang/NoSuchMethodError'{0x00000000c6900888}: 'java.lang.Object java.lang.invoke.DirectMethodHandle$Holder.invokeInterface(java.lang.Object, java.lang.Object)'> (0x00000000c6900888) 
thrown [s\open\src\hotspot\share\interpreter\linkResolver.cpp, line 773]
Event: 4.980 Thread 0x000002de5d8ff310 Exception <a 'java/lang/NoSuchMethodError'{0x00000000c6977ae8}: 'void java.lang.invoke.DirectMethodHandle$Holder.invokeStatic(java.lang.Object, java.lang.Object, java.lang.Object)'> (0x00000000c6977ae8) 
thrown [s\open\src\hotspot\share\interpreter\linkResolver.cpp, line 773]
Event: 4.981 Thread 0x000002de5d8ff310 Exception <a 'java/lang/NoSuchMethodError'{0x00000000c6980a80}: 'java.lang.Object java.lang.invoke.DirectMethodHandle$Holder.invokeVirtual(java.lang.Object, java.lang.Object, java.lang.Object)'> (0x00000000c6980a80) 
thrown [s\open\src\hotspot\share\interpreter\linkResolver.cpp, line 773]
Event: 5.242 Thread 0x000002de5d8ff310 Exception <a 'java/lang/NoSuchMethodError'{0x00000000c6431fa8}: 'void java.lang.invoke.DirectMethodHandle$Holder.invokeStaticInit(java.lang.Object, java.lang.Object)'> (0x00000000c6431fa8) 
thrown [s\open\src\hotspot\share\interpreter\linkResolver.cpp, line 773]
Event: 5.412 Thread 0x000002de5d8ff310 Exception <a 'sun/nio/fs/WindowsException'{0x00000000c6378fd0}> (0x00000000c6378fd0) 
thrown [s\open\src\hotspot\share\prims\jni.cpp, line 520]
Event: 5.489 Thread 0x000002de5d8ff310 Exception <a 'java/lang/NoSuchMethodError'{0x00000000c6226a30}: 'java.lang.Object java.lang.invoke.DirectMethodHandle$Holder.invokeStaticInit(java.lang.Object, int, int, int, int)'> (0x00000000c6226a30) 
thrown [s\open\src\hotspot\share\interpreter\linkResolver.cpp, line 773]
Event: 5.560 Thread 0x000002de5d8ff310 Exception <a 'java/lang/NoSuchMethodError'{0x00000000c62c8840}: 'java.lang.Object java.lang.invoke.DirectMethodHandle$Holder.invokeStaticInit(java.lang.Object, java.lang.Object, int, int, int, int)'> (0x00000000c62c8840) 
thrown [s\open\src\hotspot\share\interpreter\linkResolver.cpp, line 773]
Event: 15266.702 Thread 0x000002dea43ad400 Implicit null exception at 0x000002de527e9a6e to 0x000002de527ecb6c
Event: 15266.705 Thread 0x000002dea43ad400 Implicit null exception at 0x000002de527e84d5 to 0x000002de527e88bf

ZGC Phase Switch (0 events):
No events

VM Operations (20 events):
Event: 8668.258 Executing VM operation: Cleanup done
Event: 9615.210 Executing VM operation: Cleanup
Event: 9615.211 Executing VM operation: Cleanup done
Event: 14110.327 Executing VM operation: Cleanup
Event: 14110.640 Executing VM operation: Cleanup done
Event: 14111.652 Executing VM operation: Cleanup
Event: 14111.652 Executing VM operation: Cleanup done
Event: 15013.332 Executing VM operation: Cleanup
Event: 15013.334 Executing VM operation: Cleanup done
Event: 15266.213 Executing VM operation: G1TryInitiateConcMark (G1 Humongous Allocation)
Event: 15266.465 Executing VM operation: G1TryInitiateConcMark (G1 Humongous Allocation) done
Event: 15266.508 Executing VM operation: G1PauseRemark
Event: 15266.654 Executing VM operation: G1PauseRemark done
Event: 15266.659 Executing VM operation: G1PauseCleanup
Event: 15266.677 Executing VM operation: G1PauseCleanup done
Event: 15267.686 Executing VM operation: Cleanup
Event: 15267.686 Executing VM operation: Cleanup done
Event: 15271.235 Executing VM operation: G1TryInitiateConcMark (G1 Humongous Allocation)
Event: 15271.247 Executing VM operation: G1TryInitiateConcMark (G1 Humongous Allocation) done
Event: 15271.258 Executing VM operation: G1PauseRemark

Events (20 events):
Event: 15271.808 Thread 0x000002de42898bb0 flushing nmethod 0x000002de5271cd10
Event: 15271.808 Thread 0x000002de42898bb0 flushing nmethod 0x000002de5271ed10
Event: 15271.808 Thread 0x000002de42898bb0 flushing nmethod 0x000002de5271e590
Event: 15271.808 Thread 0x000002de42898bb0 flushing nmethod 0x000002de52721990
Event: 15271.808 Thread 0x000002de42898bb0 flushing nmethod 0x000002de5271ba10
Event: 15271.808 Thread 0x000002de42898bb0 flushing nmethod 0x000002de5271e290
Event: 15271.808 Thread 0x000002de42898bb0 flushing nmethod 0x000002de5271b710
Event: 15271.808 Thread 0x000002de42898bb0 flushing nmethod 0x000002de5271b410
Event: 15271.808 Thread 0x000002de42898bb0 flushing nmethod 0x000002de5271df90
Event: 15271.808 Thread 0x000002de42898bb0 flushing nmethod 0x000002de5271d990
Event: 15271.808 Thread 0x000002de42898bb0 flushing nmethod 0x000002de5271d610
Event: 15271.808 Thread 0x000002de42898bb0 flushing nmethod 0x000002de52719e90
Event: 15271.808 Thread 0x000002de42898bb0 flushing nmethod 0x000002de52719b90
Event: 15271.808 Thread 0x000002de42898bb0 flushing nmethod 0x000002de5271aa90
Event: 15271.808 Thread 0x000002de42898bb0 flushing nmethod 0x000002de5271a790
Event: 15271.808 Thread 0x000002de42898bb0 flushing nmethod 0x000002de5271a490
Event: 15271.808 Thread 0x000002de42898bb0 flushing nmethod 0x000002de52719290
Event: 15271.808 Thread 0x000002de42898bb0 flushing nmethod 0x000002de5271a190
Event: 15271.808 Thread 0x000002de42898bb0 flushing nmethod 0x000002de52718990
Event: 15271.808 Thread 0x000002de42898bb0 flushing nmethod 0x000002de52710910


Dynamic libraries:
0x00007ff7fc380000 - 0x00007ff7fc390000 	C:\Program Files\Java\jdk-21\bin\java.exe
0x00007ffd9fc90000 - 0x00007ffd9fe88000 	C:\Windows\SYSTEM32\ntdll.dll
0x00007ffd9de30000 - 0x00007ffd9def1000 	C:\Windows\System32\KERNEL32.DLL
0x00007ffd9d340000 - 0x00007ffd9d63d000 	C:\Windows\System32\KERNELBASE.dll
0x00007ffd9d670000 - 0x00007ffd9d770000 	C:\Windows\System32\ucrtbase.dll
0x00007ffd98680000 - 0x00007ffd9869b000 	C:\Program Files\Java\jdk-21\bin\VCRUNTIME140.dll
0x00007ffd8fa00000 - 0x00007ffd8fa19000 	C:\Program Files\Java\jdk-21\bin\jli.dll
0x00007ffd9ebd0000 - 0x00007ffd9ec80000 	C:\Windows\System32\ADVAPI32.dll
0x00007ffd9f100000 - 0x00007ffd9f19e000 	C:\Windows\System32\msvcrt.dll
0x00007ffd9dcc0000 - 0x00007ffd9dd60000 	C:\Windows\System32\sechost.dll
0x00007ffd9e180000 - 0x00007ffd9e2a3000 	C:\Windows\System32\RPCRT4.dll
0x00007ffd9db90000 - 0x00007ffd9dbb7000 	C:\Windows\System32\bcrypt.dll
0x00007ffd9f5b0000 - 0x00007ffd9f74d000 	C:\Windows\System32\USER32.dll
0x00007ffd9d640000 - 0x00007ffd9d662000 	C:\Windows\System32\win32u.dll
0x00007ffd9f520000 - 0x00007ffd9f54b000 	C:\Windows\System32\GDI32.dll
0x00007ffd89a40000 - 0x00007ffd89cda000 	C:\Windows\WinSxS\amd64_microsoft.windows.common-controls_6595b64144ccf1df_6.0.19041.4355_none_60b8b9eb71f62e16\COMCTL32.dll
0x00007ffd9d7e0000 - 0x00007ffd9d8f7000 	C:\Windows\System32\gdi32full.dll
0x00007ffd9d900000 - 0x00007ffd9d99d000 	C:\Windows\System32\msvcp_win.dll
0x00007ffd96390000 - 0x00007ffd9639a000 	C:\Windows\SYSTEM32\VERSION.dll
0x00007ffd9e150000 - 0x00007ffd9e17f000 	C:\Windows\System32\IMM32.DLL
0x00007ffd96970000 - 0x00007ffd9697c000 	C:\Program Files\Java\jdk-21\bin\vcruntime140_1.dll
0x00007ffd65410000 - 0x00007ffd6549e000 	C:\Program Files\Java\jdk-21\bin\msvcp140.dll
0x00007ffd3a9e0000 - 0x00007ffd3b6f5000 	C:\Program Files\Java\jdk-21\bin\server\jvm.dll
0x00007ffd9f1a0000 - 0x00007ffd9f20b000 	C:\Windows\System32\WS2_32.dll
0x00007ffd9d0f0000 - 0x00007ffd9d13b000 	C:\Windows\SYSTEM32\POWRPROF.dll
0x00007ffd93200000 - 0x00007ffd93227000 	C:\Windows\SYSTEM32\WINMM.dll
0x00007ffd9d0d0000 - 0x00007ffd9d0e2000 	C:\Windows\SYSTEM32\UMPDC.dll
0x00007ffd9bb70000 - 0x00007ffd9bb82000 	C:\Windows\SYSTEM32\kernel.appcore.dll
0x00007ffd95730000 - 0x00007ffd9573a000 	C:\Program Files\Java\jdk-21\bin\jimage.dll
0x00007ffd9b820000 - 0x00007ffd9ba04000 	C:\Windows\SYSTEM32\DBGHELP.DLL
0x00007ffd84e80000 - 0x00007ffd84eb4000 	C:\Windows\SYSTEM32\dbgcore.DLL
0x00007ffd9d9a0000 - 0x00007ffd9da22000 	C:\Windows\System32\bcryptPrimitives.dll
0x00007ffd93140000 - 0x00007ffd9315f000 	C:\Program Files\Java\jdk-21\bin\java.dll
0x00007ffd9e2b0000 - 0x00007ffd9ea1f000 	C:\Windows\System32\SHELL32.dll
0x00007ffd9b070000 - 0x00007ffd9b813000 	C:\Windows\SYSTEM32\windows.storage.dll
0x00007ffd9f800000 - 0x00007ffd9fb53000 	C:\Windows\System32\combase.dll
0x00007ffd9cd00000 - 0x00007ffd9cd2e000 	C:\Windows\SYSTEM32\Wldp.dll
0x00007ffd9f2a0000 - 0x00007ffd9f36d000 	C:\Windows\System32\OLEAUT32.dll
0x00007ffd9f750000 - 0x00007ffd9f7fd000 	C:\Windows\System32\SHCORE.dll
0x00007ffd9fbe0000 - 0x00007ffd9fc35000 	C:\Windows\System32\shlwapi.dll
0x00007ffd9d270000 - 0x00007ffd9d294000 	C:\Windows\SYSTEM32\profapi.dll
0x00007ffd61540000 - 0x00007ffd61617000 	C:\Program Files\Java\jdk-21\bin\jsvml.dll
0x00007ffd95280000 - 0x00007ffd95290000 	C:\Program Files\Java\jdk-21\bin\net.dll
0x00007ffd935b0000 - 0x00007ffd936bd000 	C:\Windows\SYSTEM32\WINHTTP.dll
0x00007ffd9ca00000 - 0x00007ffd9ca6a000 	C:\Windows\system32\mswsock.dll
0x00007ffd91190000 - 0x00007ffd911a6000 	C:\Program Files\Java\jdk-21\bin\nio.dll
0x00007ffd91060000 - 0x00007ffd91078000 	C:\Program Files\Java\jdk-21\bin\zip.dll
0x00007ffd5a780000 - 0x00007ffd5a90f000 	C:\Program Files\Java\jdk-21\bin\awt.dll
0x00007ffd99a10000 - 0x00007ffd99aa4000 	C:\Windows\SYSTEM32\apphelp.dll
0x00007ffd9aad0000 - 0x00007ffd9aaff000 	C:\Windows\system32\DWMAPI.DLL
0x00007ffd9a8e0000 - 0x00007ffd9a97e000 	C:\Windows\system32\uxtheme.dll
0x00007ffd848d0000 - 0x00007ffd849f8000 	C:\Windows\system32\opengl32.dll
0x00007ffd854e0000 - 0x00007ffd8550c000 	C:\Windows\SYSTEM32\GLU32.dll
0x00007ffd9e030000 - 0x00007ffd9e145000 	C:\Windows\System32\MSCTF.dll
0x00007ffd9df00000 - 0x00007ffd9e02b000 	C:\Windows\System32\ole32.dll
0x00007ffd8eb90000 - 0x00007ffd8ebbe000 	C:\Program Files\Java\jdk-21\bin\javajpeg.dll
0x00007ffd64d40000 - 0x00007ffd64dc7000 	C:\Program Files\Java\jdk-21\bin\freetype.dll
0x00007ffd5c600000 - 0x00007ffd5c6d3000 	C:\Program Files\Java\jdk-21\bin\fontmanager.dll
0x00007ffd8c5f0000 - 0x00007ffd8c6e9000 	C:\Windows\SYSTEM32\textinputframework.dll
0x00007ffd98ca0000 - 0x00007ffd98ffb000 	C:\Windows\System32\CoreUIComponents.dll
0x00007ffd99150000 - 0x00007ffd99242000 	C:\Windows\System32\CoreMessaging.dll
0x00007ffd9c570000 - 0x00007ffd9c5a3000 	C:\Windows\SYSTEM32\ntmarta.dll
0x00007ffd99510000 - 0x00007ffd99667000 	C:\Windows\SYSTEM32\wintypes.dll
0x00007ffd9c720000 - 0x00007ffd9c7ea000 	C:\Windows\SYSTEM32\DNSAPI.dll
0x00007ffd9c6e0000 - 0x00007ffd9c71b000 	C:\Windows\SYSTEM32\IPHLPAPI.DLL
0x00007ffd9fc40000 - 0x00007ffd9fc48000 	C:\Windows\System32\NSI.dll
0x00007ffd88b50000 - 0x00007ffd88b5a000 	C:\Windows\System32\rasadhlp.dll
0x00007ffd88cc0000 - 0x00007ffd88d40000 	C:\Windows\System32\fwpuclnt.dll
0x00007ffd91ac0000 - 0x00007ffd91ac7000 	C:\Program Files\Java\jdk-21\bin\extnet.dll
0x00007ffd9cc00000 - 0x00007ffd9cc18000 	C:\Windows\SYSTEM32\CRYPTSP.dll
0x00007ffd9c320000 - 0x00007ffd9c354000 	C:\Windows\system32\rsaenh.dll
0x00007ffd9d230000 - 0x00007ffd9d25e000 	C:\Windows\SYSTEM32\USERENV.dll
0x00007ffd9cbf0000 - 0x00007ffd9cbfc000 	C:\Windows\SYSTEM32\CRYPTBASE.dll
0x00007ffd98750000 - 0x00007ffd9875e000 	C:\Program Files\Java\jdk-21\bin\sunmscapi.dll
0x00007ffd9da30000 - 0x00007ffd9db8c000 	C:\Windows\System32\CRYPT32.dll
0x00007ffd9cd70000 - 0x00007ffd9cd99000 	C:\Windows\SYSTEM32\ncrypt.dll
0x00007ffd9cd30000 - 0x00007ffd9cd6b000 	C:\Windows\SYSTEM32\NTASN1.dll
0x00007ffd8a560000 - 0x00007ffd8a60c000 	C:\Windows\SYSTEM32\TextShaping.dll

dbghelp: loaded successfully - version: 4.0.5 - missing functions: none
symbol engine: initialized successfully - sym options: 0x614 - pdb path: .;C:\Program Files\Java\jdk-21\bin;C:\Windows\SYSTEM32;C:\Windows\WinSxS\amd64_microsoft.windows.common-controls_6595b64144ccf1df_6.0.19041.4355_none_60b8b9eb71f62e16;C:\Program Files\Java\jdk-21\bin\server

VM Arguments:
jvm_args: -Dfile.encoding=UTF-8 --module-path=C:\Users\Dell\Documents\NetBeansProjects\University_anagement_System\build\classes 
java_command: university.management.system.Project
java_class_path (initial): C:\Users\Dell\Downloads\mysql-connector-java-8.0.28.jar;C:\Users\Dell\Downloads\Jar\jcalendar-tz-1.3.3-4.jar;C:\Users\Dell\Downloads\Jar\rs2xml.jar;C:\Users\Dell\Documents\NetBeansProjects\University_anagement_System\build\classes
Launcher Type: SUN_STANDARD

[Global flags]
     intx CICompilerCount                          = 3                                         {product} {ergonomic}
     uint ConcGCThreads                            = 1                                         {product} {ergonomic}
     uint G1ConcRefinementThreads                  = 4                                         {product} {ergonomic}
   size_t G1HeapRegionSize                         = 1048576                                   {product} {ergonomic}
    uintx GCDrainStackTargetSize                   = 64                                        {product} {ergonomic}
   size_t InitialHeapSize                          = 67108864                                  {product} {ergonomic}
   size_t MarkStackSize                            = 4194304                                   {product} {ergonomic}
   size_t MaxHeapSize                              = 1048576000                                {product} {ergonomic}
   size_t MaxNewSize                               = 629145600                                 {product} {ergonomic}
   size_t MinHeapDeltaBytes                        = 1048576                                   {product} {ergonomic}
   size_t MinHeapSize                              = 8388608                                   {product} {ergonomic}
    uintx NonNMethodCodeHeapSize                   = 5832780                                {pd product} {ergonomic}
    uintx NonProfiledCodeHeapSize                  = 122912730                              {pd product} {ergonomic}
    uintx ProfiledCodeHeapSize                     = 122912730                              {pd product} {ergonomic}
    uintx ReservedCodeCacheSize                    = 251658240                              {pd product} {ergonomic}
     bool SegmentedCodeCache                       = true                                      {product} {ergonomic}
   size_t SoftMaxHeapSize                          = 1048576000                             {manageable} {ergonomic}
     bool UseCompressedOops                        = true                           {product lp64_product} {ergonomic}
     bool UseG1GC                                  = true                                      {product} {ergonomic}
     bool UseLargePagesIndividualAllocation        = false                                  {pd product} {ergonomic}

Logging:
Log output configuration:
 #0: stdout all=warning uptime,level,tags foldmultilines=false
 #1: stderr all=off uptime,level,tags foldmultilines=false

Environment Variables:
JAVA_HOME=C:\Program Files\Java\jdk-20
PATH=D:\oracledb\WINDOWS.X64_193000_db_home\bin;C:\Python311\Scripts\;C:\Python311\;C:\Program Files\Common Files\Oracle\Java\javapath;C:\Windows\system32;C:\Windows;C:\Windows\System32\Wbem;C:\Windows\System32\WindowsPowerShell\v1.0\;C:\Windows\System32\OpenSSH\;C:\MinGW\bin;C:\Program Files\Java\jdk-20\bin;C:\Program Files\Java\jdk-21\bin;D:\Git\cmd;C:\Program Files\MySQL\MySQL Server 8.0;C:\Program Files\MySQL\MySQL Shell 8.0\bin\;C:\Users\Dell\AppData\Local\Microsoft\WindowsApps;C:\Users\Dell\AppData\Local\Programs\Microsoft VS Code\bin;C:\ProgramData\Dell\GitHubDesktop\bin;C:\Users\Dell\AppData\Local\GitHubDesktop\bin
USERNAME=Dell
OS=Windows_NT
PROCESSOR_IDENTIFIER=Intel64 Family 6 Model 142 Stepping 10, GenuineIntel
TMP=C:\Users\Dell\AppData\Local\Temp
TEMP=C:\Users\Dell\AppData\Local\Temp




Periodic native trim disabled

---------------  S Y S T E M  ---------------

OS:
 Windows 10 , 64 bit Build 19041 (10.0.19041.4842)
OS uptime: 4 days 5:06 hours

CPU: total 4 (initial active 4) (2 cores per cpu, 2 threads per core) family 6 model 142 stepping 10 microcode 0xf0, cx8, cmov, fxsr, ht, mmx, 3dnowpref, sse, sse2, sse3, ssse3, sse4.1, sse4.2, popcnt, lzcnt, tsc, tscinvbit, avx, avx2, aes, erms, clmul, bmi1, bmi2, adx, fma, vzeroupper, clflush, clflushopt, rdtscp, f16c
Processor Information for all 4 processors :
  Max Mhz: 2208, Current Mhz: 2208, Mhz Limit: 2208

Memory: 4k page, system-wide physical 3993M (150M free)
TotalPageFile size 16281M (AvailPageFile size 26M)
current process WorkingSet (physical memory assigned to process): 95M, peak: 172M
current process commit charge ("private bytes"): 204M, peak: 226M

vm_info: Java HotSpot(TM) 64-Bit Server VM (21.0.1+12-LTS-29) for windows-amd64 JRE (21.0.1+12-LTS-29), built on 2023-10-05T13:27:09Z by "mach5one" with MS VC++ 17.1 (VS2022)

END.
