#
# There is insufficient memory for the Java Runtime Environment to continue.
# Native memory allocation (malloc) failed to allocate 960416 bytes for Chunk::new
# Possible reasons:
#   The system is out of physical RAM or swap space
#   The process is running with CompressedOops enabled, and the Java Heap may be blocking the growth of the native heap
# Possible solutions:
#   Reduce memory load on the system
#   Increase physical memory or swap space
#   Check if swap backing store is full
#   Decrease Java heap size (-Xmx/-Xms)
#   Decrease number of Java threads
#   Decrease Java thread stack sizes (-Xss)
#   Set larger code cache with -XX:ReservedCodeCacheSize=
#   JVM is running with Unscaled Compressed Oops mode in which the Java heap is
#     placed in the first 4GB address space. The Java Heap base address is the
#     maximum limit for the native heap growth. Please use -XX:HeapBaseMinAddress
#     to set the Java Heap base and to place the Java Heap above 4GB virtual address.
# This output file may be truncated or incomplete.
#
#  Out of Memory Error (arena.cpp:168), pid=11560, tid=12808
#
# JRE version: Java(TM) SE Runtime Environment (21.0.1+12) (build 21.0.1+12-LTS-29)
# Java VM: Java HotSpot(TM) 64-Bit Server VM (21.0.1+12-LTS-29, mixed mode, sharing, tiered, compressed oops, compressed class ptrs, g1 gc, windows-amd64)
# No core dump will be written. Minidumps are not enabled by default on client versions of Windows
#

---------------  S U M M A R Y ------------

Command Line: -Dfile.encoding=UTF-8 --module-path=C:\Users\Dell\Documents\NetBeansProjects\University_anagement_System\build\classes university.management.system.StudentFeeForm

Host: Intel(R) Core(TM) i3-8130U CPU @ 2.20GHz, 4 cores, 3G,  Windows 10 , 64 bit Build 19041 (10.0.19041.4842)
Time: Sat Oct  5 16:24:36 2024 India Standard Time elapsed time: 1.660352 seconds (0d 0h 0m 1s)

---------------  T H R E A D  ---------------

Current thread (0x00000137c2deba20):  JavaThread "C2 CompilerThread0" daemon [_thread_in_native, id=12808, stack(0x000000052c300000,0x000000052c400000) (1024K)]


Current CompileTask:
C2:   1660 1396       4       sun.security.ec.ECOperations::setDouble (463 bytes)

Stack: [0x000000052c300000,0x000000052c400000]
Native frames: (J=compiled Java code, j=interpreted, Vv=VM code, C=native code)
V  [jvm.dll+0x6c9029]
V  [jvm.dll+0x854b81]
V  [jvm.dll+0x856e5e]
V  [jvm.dll+0x857543]
V  [jvm.dll+0x280c06]
V  [jvm.dll+0xc3ead]
V  [jvm.dll+0xc43c3]
V  [jvm.dll+0x2f3f3f]
V  [jvm.dll+0x5f40a6]
V  [jvm.dll+0x252bef]
V  [jvm.dll+0x252fbf]
V  [jvm.dll+0x24b734]
V  [jvm.dll+0x248fa3]
V  [jvm.dll+0x1c9ca1]
V  [jvm.dll+0x2586b9]
V  [jvm.dll+0x256c9a]
V  [jvm.dll+0x3ef1b6]
V  [jvm.dll+0x7fd728]
V  [jvm.dll+0x6c777d]
C  [ucrtbase.dll+0x21bb2]
C  [KERNEL32.DLL+0x17374]
C  [ntdll.dll+0x4cc91]


---------------  P R O C E S S  ---------------

Threads class SMR info:
_java_thread_list=0x0000013809c8cfd0, length=15, elements={
0x00000137a608bbb0, 0x00000137c2dce010, 0x00000137c2dce940, 0x00000137c2dd4560,
0x00000137c2dd4e50, 0x00000137c2ddb4e0, 0x00000137c2ddf050, 0x00000137c2deba20,
0x00000137c2dee0e0, 0x00000137c2d9ac50, 0x00000138081238c0, 0x00000138082af900,
0x00000138082b6a60, 0x00000138083103a0, 0x0000013808370770
}

Java Threads: ( => current thread )
  0x00000137a608bbb0 JavaThread "main"                              [_thread_in_native, id=15264, stack(0x000000052b500000,0x000000052b600000) (1024K)]
  0x00000137c2dce010 JavaThread "Reference Handler"          daemon [_thread_blocked, id=17064, stack(0x000000052bd00000,0x000000052be00000) (1024K)]
  0x00000137c2dce940 JavaThread "Finalizer"                  daemon [_thread_blocked, id=5612, stack(0x000000052be00000,0x000000052bf00000) (1024K)]
  0x00000137c2dd4560 JavaThread "Signal Dispatcher"          daemon [_thread_blocked, id=10656, stack(0x000000052bf00000,0x000000052c000000) (1024K)]
  0x00000137c2dd4e50 JavaThread "Attach Listener"            daemon [_thread_blocked, id=18552, stack(0x000000052c000000,0x000000052c100000) (1024K)]
  0x00000137c2ddb4e0 JavaThread "Service Thread"             daemon [_thread_blocked, id=16740, stack(0x000000052c100000,0x000000052c200000) (1024K)]
  0x00000137c2ddf050 JavaThread "Monitor Deflation Thread"   daemon [_thread_blocked, id=16164, stack(0x000000052c200000,0x000000052c300000) (1024K)]
=>0x00000137c2deba20 JavaThread "C2 CompilerThread0"         daemon [_thread_in_native, id=12808, stack(0x000000052c300000,0x000000052c400000) (1024K)]
  0x00000137c2dee0e0 JavaThread "C1 CompilerThread0"         daemon [_thread_in_native, id=16488, stack(0x000000052c400000,0x000000052c500000) (1024K)]
  0x00000137c2d9ac50 JavaThread "Common-Cleaner"             daemon [_thread_blocked, id=19144, stack(0x000000052c500000,0x000000052c600000) (1024K)]
  0x00000138081238c0 JavaThread "Notification Thread"        daemon [_thread_blocked, id=9072, stack(0x000000052c600000,0x000000052c700000) (1024K)]
  0x00000138082af900 JavaThread "Java2D Disposer"            daemon [_thread_blocked, id=1952, stack(0x000000052c700000,0x000000052c800000) (1024K)]
  0x00000138082b6a60 JavaThread "AWT-Windows"                daemon [_thread_in_native, id=11844, stack(0x000000052c900000,0x000000052ca00000) (1024K)]
  0x00000138083103a0 JavaThread "Image Fetcher 0"            daemon [_thread_blocked, id=10104, stack(0x000000052ca00000,0x000000052cb00000) (1024K)]
  0x0000013808370770 JavaThread "mysql-cj-abandoned-connection-cleanup" daemon [_thread_blocked, id=7756, stack(0x000000052cb00000,0x000000052cc00000) (1024K)]
Total: 15

Other Threads:
  0x00000137c2db2db0 VMThread "VM Thread"                           [id=21120, stack(0x000000052bc00000,0x000000052bd00000) (1024K)]
  0x00000137c2d9a650 WatcherThread "VM Periodic Task Thread"        [id=15000, stack(0x000000052bb00000,0x000000052bc00000) (1024K)]
  0x00000137a615e7d0 WorkerThread "GC Thread#0"                     [id=14720, stack(0x000000052b600000,0x000000052b700000) (1024K)]
  0x0000013808352b80 WorkerThread "GC Thread#1"                     [id=21076, stack(0x000000052cc00000,0x000000052cd00000) (1024K)]
  0x0000013809a27c50 WorkerThread "GC Thread#2"                     [id=4968, stack(0x000000052cd00000,0x000000052ce00000) (1024K)]
  0x0000013809918a40 WorkerThread "GC Thread#3"                     [id=19348, stack(0x000000052ce00000,0x000000052cf00000) (1024K)]
  0x00000137a6238620 ConcurrentGCThread "G1 Main Marker"            [id=20300, stack(0x000000052b700000,0x000000052b800000) (1024K)]
  0x00000137a6239fd0 WorkerThread "G1 Conc#0"                       [id=6804, stack(0x000000052b800000,0x000000052b900000) (1024K)]
  0x00000137a62c7710 ConcurrentGCThread "G1 Refine#0"               [id=15480, stack(0x000000052b900000,0x000000052ba00000) (1024K)]
  0x00000137a62c9da0 ConcurrentGCThread "G1 Service"                [id=15220, stack(0x000000052ba00000,0x000000052bb00000) (1024K)]
Total: 10

Threads with active compile tasks:
C2 CompilerThread0     1716 1396       4       sun.security.ec.ECOperations::setDouble (463 bytes)
C1 CompilerThread0     1717 1509       3       java.net.URLStreamHandler::setURL (156 bytes)
Total: 2

VM state: not at safepoint (normal execution)

VM Mutex/Monitor currently owned by a thread: None

Heap address: 0x00000000c1800000, size: 1000 MB, Compressed Oops mode: 32-bit

CDS archive(s) mapped at: [0x00000137c3000000-0x00000137c3c90000-0x00000137c3c90000), size 13172736, SharedBaseAddress: 0x00000137c3000000, ArchiveRelocationMode: 1.
Compressed class space mapped at: 0x00000137c4000000-0x0000013804000000, reserved size: 1073741824
Narrow klass base: 0x00000137c3000000, Narrow klass shift: 0, Narrow klass range: 0x100000000

GC Precious Log:
 CardTable entry size: 512
 Card Set container configuration: InlinePtr #cards 5 size 8 Array Of Cards #cards 12 size 40 Howl #buckets 4 coarsen threshold 1843 Howl Bitmap #cards 512 size 80 coarsen threshold 460 Card regions per heap region 1 cards per card region 2048
 CPUs: 4 total, 4 available
 Memory: 3993M
 Large Page Support: Disabled
 NUMA Support: Disabled
 Compressed Oops: Enabled (32-bit)
 Heap Region Size: 1M
 Heap Min Capacity: 8M
 Heap Initial Capacity: 64M
 Heap Max Capacity: 1000M
 Pre-touch: Disabled
 Parallel Workers: 4
 Concurrent Workers: 1
 Concurrent Refinement Workers: 4
 Periodic GC: Disabled

Heap:
 garbage-first heap   total 65536K, used 13392K [0x00000000c1800000, 0x0000000100000000)
  region size 1024K, 11 young (11264K), 2 survivors (2048K)
 Metaspace       used 13645K, committed 13888K, reserved 1114112K
  class space    used 1467K, committed 1600K, reserved 1048576K

Heap Regions: E=young(eden), S=young(survivor), O=old, HS=humongous(starts), HC=humongous(continues), CS=collection set, F=free, TAMS=top-at-mark-start, PB=parsable bottom
|   0|0x00000000c1800000, 0x00000000c1900000, 0x00000000c1900000|100%|HS|  |TAMS 0x00000000c1800000| PB 0x00000000c1800000| Complete 
|   1|0x00000000c1900000, 0x00000000c1a00000, 0x00000000c1a00000|100%|HC|  |TAMS 0x00000000c1900000| PB 0x00000000c1900000| Complete 
|   2|0x00000000c1a00000, 0x00000000c1b00000, 0x00000000c1b00000|100%|HS|  |TAMS 0x00000000c1a00000| PB 0x00000000c1a00000| Complete 
|   3|0x00000000c1b00000, 0x00000000c1c00000, 0x00000000c1c00000|100%| O|  |TAMS 0x00000000c1b00000| PB 0x00000000c1b00000| Untracked 
|   4|0x00000000c1c00000, 0x00000000c1c14000, 0x00000000c1d00000|  7%| O|  |TAMS 0x00000000c1c00000| PB 0x00000000c1c00000| Untracked 
|   5|0x00000000c1d00000, 0x00000000c1d00000, 0x00000000c1e00000|  0%| F|  |TAMS 0x00000000c1d00000| PB 0x00000000c1d00000| Untracked 
|   6|0x00000000c1e00000, 0x00000000c1e00000, 0x00000000c1f00000|  0%| F|  |TAMS 0x00000000c1e00000| PB 0x00000000c1e00000| Untracked 
|   7|0x00000000c1f00000, 0x00000000c1f00000, 0x00000000c2000000|  0%| F|  |TAMS 0x00000000c1f00000| PB 0x00000000c1f00000| Untracked 
|   8|0x00000000c2000000, 0x00000000c2000000, 0x00000000c2100000|  0%| F|  |TAMS 0x00000000c2000000| PB 0x00000000c2000000| Untracked 
|   9|0x00000000c2100000, 0x00000000c2100000, 0x00000000c2200000|  0%| F|  |TAMS 0x00000000c2100000| PB 0x00000000c2100000| Untracked 
|  10|0x00000000c2200000, 0x00000000c2200000, 0x00000000c2300000|  0%| F|  |TAMS 0x00000000c2200000| PB 0x00000000c2200000| Untracked 
|  11|0x00000000c2300000, 0x00000000c2300000, 0x00000000c2400000|  0%| F|  |TAMS 0x00000000c2300000| PB 0x00000000c2300000| Untracked 
|  12|0x00000000c2400000, 0x00000000c2400000, 0x00000000c2500000|  0%| F|  |TAMS 0x00000000c2400000| PB 0x00000000c2400000| Untracked 
|  13|0x00000000c2500000, 0x00000000c2500000, 0x00000000c2600000|  0%| F|  |TAMS 0x00000000c2500000| PB 0x00000000c2500000| Untracked 
|  14|0x00000000c2600000, 0x00000000c2600000, 0x00000000c2700000|  0%| F|  |TAMS 0x00000000c2600000| PB 0x00000000c2600000| Untracked 
|  15|0x00000000c2700000, 0x00000000c2700000, 0x00000000c2800000|  0%| F|  |TAMS 0x00000000c2700000| PB 0x00000000c2700000| Untracked 
|  16|0x00000000c2800000, 0x00000000c2800000, 0x00000000c2900000|  0%| F|  |TAMS 0x00000000c2800000| PB 0x00000000c2800000| Untracked 
|  17|0x00000000c2900000, 0x00000000c2900000, 0x00000000c2a00000|  0%| F|  |TAMS 0x00000000c2900000| PB 0x00000000c2900000| Untracked 
|  18|0x00000000c2a00000, 0x00000000c2a00000, 0x00000000c2b00000|  0%| F|  |TAMS 0x00000000c2a00000| PB 0x00000000c2a00000| Untracked 
|  19|0x00000000c2b00000, 0x00000000c2b00000, 0x00000000c2c00000|  0%| F|  |TAMS 0x00000000c2b00000| PB 0x00000000c2b00000| Untracked 
|  20|0x00000000c2c00000, 0x00000000c2c00000, 0x00000000c2d00000|  0%| F|  |TAMS 0x00000000c2c00000| PB 0x00000000c2c00000| Untracked 
|  21|0x00000000c2d00000, 0x00000000c2d00000, 0x00000000c2e00000|  0%| F|  |TAMS 0x00000000c2d00000| PB 0x00000000c2d00000| Untracked 
|  22|0x00000000c2e00000, 0x00000000c2e00000, 0x00000000c2f00000|  0%| F|  |TAMS 0x00000000c2e00000| PB 0x00000000c2e00000| Untracked 
|  23|0x00000000c2f00000, 0x00000000c2f00000, 0x00000000c3000000|  0%| F|  |TAMS 0x00000000c2f00000| PB 0x00000000c2f00000| Untracked 
|  24|0x00000000c3000000, 0x00000000c3000000, 0x00000000c3100000|  0%| F|  |TAMS 0x00000000c3000000| PB 0x00000000c3000000| Untracked 
|  25|0x00000000c3100000, 0x00000000c3100000, 0x00000000c3200000|  0%| F|  |TAMS 0x00000000c3100000| PB 0x00000000c3100000| Untracked 
|  26|0x00000000c3200000, 0x00000000c3200000, 0x00000000c3300000|  0%| F|  |TAMS 0x00000000c3200000| PB 0x00000000c3200000| Untracked 
|  27|0x00000000c3300000, 0x00000000c3300000, 0x00000000c3400000|  0%| F|  |TAMS 0x00000000c3300000| PB 0x00000000c3300000| Untracked 
|  28|0x00000000c3400000, 0x00000000c3400000, 0x00000000c3500000|  0%| F|  |TAMS 0x00000000c3400000| PB 0x00000000c3400000| Untracked 
|  29|0x00000000c3500000, 0x00000000c3500000, 0x00000000c3600000|  0%| F|  |TAMS 0x00000000c3500000| PB 0x00000000c3500000| Untracked 
|  30|0x00000000c3600000, 0x00000000c3600000, 0x00000000c3700000|  0%| F|  |TAMS 0x00000000c3600000| PB 0x00000000c3600000| Untracked 
|  31|0x00000000c3700000, 0x00000000c3700000, 0x00000000c3800000|  0%| F|  |TAMS 0x00000000c3700000| PB 0x00000000c3700000| Untracked 
|  32|0x00000000c3800000, 0x00000000c3800000, 0x00000000c3900000|  0%| F|  |TAMS 0x00000000c3800000| PB 0x00000000c3800000| Untracked 
|  33|0x00000000c3900000, 0x00000000c3900000, 0x00000000c3a00000|  0%| F|  |TAMS 0x00000000c3900000| PB 0x00000000c3900000| Untracked 
|  34|0x00000000c3a00000, 0x00000000c3a00000, 0x00000000c3b00000|  0%| F|  |TAMS 0x00000000c3a00000| PB 0x00000000c3a00000| Untracked 
|  35|0x00000000c3b00000, 0x00000000c3b00000, 0x00000000c3c00000|  0%| F|  |TAMS 0x00000000c3b00000| PB 0x00000000c3b00000| Untracked 
|  36|0x00000000c3c00000, 0x00000000c3c00000, 0x00000000c3d00000|  0%| F|  |TAMS 0x00000000c3c00000| PB 0x00000000c3c00000| Untracked 
|  37|0x00000000c3d00000, 0x00000000c3d00000, 0x00000000c3e00000|  0%| F|  |TAMS 0x00000000c3d00000| PB 0x00000000c3d00000| Untracked 
|  38|0x00000000c3e00000, 0x00000000c3e00000, 0x00000000c3f00000|  0%| F|  |TAMS 0x00000000c3e00000| PB 0x00000000c3e00000| Untracked 
|  39|0x00000000c3f00000, 0x00000000c3f00000, 0x00000000c4000000|  0%| F|  |TAMS 0x00000000c3f00000| PB 0x00000000c3f00000| Untracked 
|  40|0x00000000c4000000, 0x00000000c4000000, 0x00000000c4100000|  0%| F|  |TAMS 0x00000000c4000000| PB 0x00000000c4000000| Untracked 
|  41|0x00000000c4100000, 0x00000000c4100000, 0x00000000c4200000|  0%| F|  |TAMS 0x00000000c4100000| PB 0x00000000c4100000| Untracked 
|  42|0x00000000c4200000, 0x00000000c4200000, 0x00000000c4300000|  0%| F|  |TAMS 0x00000000c4200000| PB 0x00000000c4200000| Untracked 
|  43|0x00000000c4300000, 0x00000000c4300000, 0x00000000c4400000|  0%| F|  |TAMS 0x00000000c4300000| PB 0x00000000c4300000| Untracked 
|  44|0x00000000c4400000, 0x00000000c4400000, 0x00000000c4500000|  0%| F|  |TAMS 0x00000000c4400000| PB 0x00000000c4400000| Untracked 
|  45|0x00000000c4500000, 0x00000000c4500000, 0x00000000c4600000|  0%| F|  |TAMS 0x00000000c4500000| PB 0x00000000c4500000| Untracked 
|  46|0x00000000c4600000, 0x00000000c4600000, 0x00000000c4700000|  0%| F|  |TAMS 0x00000000c4600000| PB 0x00000000c4600000| Untracked 
|  47|0x00000000c4700000, 0x00000000c4700000, 0x00000000c4800000|  0%| F|  |TAMS 0x00000000c4700000| PB 0x00000000c4700000| Untracked 
|  48|0x00000000c4800000, 0x00000000c4800000, 0x00000000c4900000|  0%| F|  |TAMS 0x00000000c4800000| PB 0x00000000c4800000| Untracked 
|  49|0x00000000c4900000, 0x00000000c4a00000, 0x00000000c4a00000|100%| S|CS|TAMS 0x00000000c4900000| PB 0x00000000c4900000| Complete 
|  50|0x00000000c4a00000, 0x00000000c4b00000, 0x00000000c4b00000|100%| S|CS|TAMS 0x00000000c4a00000| PB 0x00000000c4a00000| Complete 
|  51|0x00000000c4b00000, 0x00000000c4b00000, 0x00000000c4c00000|  0%| F|  |TAMS 0x00000000c4b00000| PB 0x00000000c4b00000| Untracked 
|  52|0x00000000c4c00000, 0x00000000c4c00000, 0x00000000c4d00000|  0%| F|  |TAMS 0x00000000c4c00000| PB 0x00000000c4c00000| Untracked 
|  53|0x00000000c4d00000, 0x00000000c4d00000, 0x00000000c4e00000|  0%| F|  |TAMS 0x00000000c4d00000| PB 0x00000000c4d00000| Untracked 
|  54|0x00000000c4e00000, 0x00000000c4e00000, 0x00000000c4f00000|  0%| F|  |TAMS 0x00000000c4e00000| PB 0x00000000c4e00000| Untracked 
|  55|0x00000000c4f00000, 0x00000000c4fafed8, 0x00000000c5000000| 68%| E|  |TAMS 0x00000000c4f00000| PB 0x00000000c4f00000| Complete 
|  56|0x00000000c5000000, 0x00000000c5100000, 0x00000000c5100000|100%| E|CS|TAMS 0x00000000c5000000| PB 0x00000000c5000000| Complete 
|  57|0x00000000c5100000, 0x00000000c5200000, 0x00000000c5200000|100%| E|CS|TAMS 0x00000000c5100000| PB 0x00000000c5100000| Complete 
|  58|0x00000000c5200000, 0x00000000c5300000, 0x00000000c5300000|100%| E|CS|TAMS 0x00000000c5200000| PB 0x00000000c5200000| Complete 
|  59|0x00000000c5300000, 0x00000000c5400000, 0x00000000c5400000|100%| E|CS|TAMS 0x00000000c5300000| PB 0x00000000c5300000| Complete 
|  60|0x00000000c5400000, 0x00000000c5500000, 0x00000000c5500000|100%| E|CS|TAMS 0x00000000c5400000| PB 0x00000000c5400000| Complete 
|  61|0x00000000c5500000, 0x00000000c5600000, 0x00000000c5600000|100%| E|CS|TAMS 0x00000000c5500000| PB 0x00000000c5500000| Complete 
|  62|0x00000000c5600000, 0x00000000c5700000, 0x00000000c5700000|100%| E|CS|TAMS 0x00000000c5600000| PB 0x00000000c5600000| Complete 
|  63|0x00000000c5700000, 0x00000000c5800000, 0x00000000c5800000|100%| E|  |TAMS 0x00000000c5700000| PB 0x00000000c5700000| Complete 

Card table byte_map: [0x00000137bf660000,0x00000137bf860000] _byte_map_base: 0x00000137bf054000

Marking Bits: (CMBitMap*) 0x00000137a6230040
 Bits: [0x00000137bf860000, 0x00000137c0800000)

Polling page: 0x00000137afe10000

Metaspace:

Usage:
  Non-class:     11.91 MB used.
      Class:      1.44 MB used.
       Both:     13.35 MB used.

Virtual space:
  Non-class space:       64.00 MB reserved,      12.00 MB ( 19%) committed,  1 nodes.
      Class space:        1.00 GB reserved,       1.56 MB ( <1%) committed,  1 nodes.
             Both:        1.06 GB reserved,      13.56 MB (  1%) committed. 

Chunk freelists:
   Non-Class:  3.83 MB
       Class:  14.47 MB
        Both:  18.30 MB

MaxMetaspaceSize: unlimited
CompressedClassSpaceSize: 1.00 GB
Initial GC threshold: 21.00 MB
Current GC threshold: 21.00 MB
CDS: on
 - commit_granule_bytes: 65536.
 - commit_granule_words: 8192.
 - virtual_space_node_default_size: 8388608.
 - enlarge_chunks_in_place: 1.
 - use_allocation_guard: 0.


Internal statistics:

num_allocs_failed_limit: 0.
num_arena_births: 164.
num_arena_deaths: 0.
num_vsnodes_births: 2.
num_vsnodes_deaths: 0.
num_space_committed: 217.
num_space_uncommitted: 0.
num_chunks_returned_to_freelist: 0.
num_chunks_taken_from_freelist: 330.
num_chunk_merges: 0.
num_chunk_splits: 212.
num_chunks_enlarged: 130.
num_inconsistent_stats: 0.

CodeHeap 'non-profiled nmethods': size=120000Kb used=523Kb max_used=523Kb free=119476Kb
 bounds [0x00000137b7900000, 0x00000137b7b70000, 0x00000137bee30000]
CodeHeap 'profiled nmethods': size=120000Kb used=2584Kb max_used=2584Kb free=117415Kb
 bounds [0x00000137afe30000, 0x00000137b00c0000, 0x00000137b7360000]
CodeHeap 'non-nmethods': size=5760Kb used=1595Kb max_used=1603Kb free=4164Kb
 bounds [0x00000137b7360000, 0x00000137b75d0000, 0x00000137b7900000]
 total_blobs=2157 nmethods=1505 adapters=557
 compilation: enabled
              stopped_count=0, restarted_count=0
 full_count=0

Compilation events (20 events):
Event: 1.624 Thread 0x00000137c2dee0e0 1473       1       sun.security.provider.DigestBase::engineGetDigestLength (5 bytes)
Event: 1.624 Thread 0x00000137c2dee0e0 nmethod 1473 0x00000137b7981490 code [0x00000137b7981620, 0x00000137b79816e8]
Event: 1.625 Thread 0x00000137c2dee0e0 1476       1       java.nio.Buffer::capacity (5 bytes)
Event: 1.625 Thread 0x00000137c2dee0e0 nmethod 1476 0x00000137b7981a90 code [0x00000137b7981c20, 0x00000137b7981ce8]
Event: 1.637 Thread 0x00000137c2dee0e0 1477       3       java.util.jar.Attributes::getValue (9 bytes)
Event: 1.637 Thread 0x00000137c2dee0e0 nmethod 1477 0x00000137b00a4b90 code [0x00000137b00a4d60, 0x00000137b00a5088]
Event: 1.637 Thread 0x00000137c2dee0e0 1478       3       java.util.jar.Attributes::get (11 bytes)
Event: 1.637 Thread 0x00000137c2dee0e0 nmethod 1478 0x00000137b00a5190 code [0x00000137b00a5340, 0x00000137b00a5518]
Event: 1.639 Thread 0x00000137c2dee0e0 1479       3       java.util.zip.ZipFile$Source::getEntryPos (164 bytes)
Event: 1.640 Thread 0x00000137c2dee0e0 nmethod 1479 0x00000137b00a5610 code [0x00000137b00a5860, 0x00000137b00a6178]
Event: 1.640 Thread 0x00000137c2dee0e0 1481       3       java.util.zip.ZipCoder::hash (36 bytes)
Event: 1.640 Thread 0x00000137c2dee0e0 nmethod 1481 0x00000137b00a6610 code [0x00000137b00a6820, 0x00000137b00a6f60]
Event: 1.640 Thread 0x00000137c2dee0e0 1480   !   3       java.util.zip.ZipFile::getEntry (59 bytes)
Event: 1.641 Thread 0x00000137c2dee0e0 nmethod 1480 0x00000137b00a7290 code [0x00000137b00a7480, 0x00000137b00a7920]
Event: 1.641 Thread 0x00000137c2dee0e0 1482       3       java.util.ArrayList::isEmpty (13 bytes)
Event: 1.641 Thread 0x00000137c2dee0e0 nmethod 1482 0x00000137b00a7b90 code [0x00000137b00a7d20, 0x00000137b00a7e90]
Event: 1.641 Thread 0x00000137c2dee0e0 1483       3       com.sun.crypto.provider.AESCrypt::encryptBlock (10 bytes)
Event: 1.641 Thread 0x00000137c2dee0e0 nmethod 1483 0x00000137b00a7f10 code [0x00000137b00a80c0, 0x00000137b00a81f8]
Event: 1.641 Thread 0x00000137c2dee0e0 1484       3       com.sun.crypto.provider.GHASH::processBlock (37 bytes)
Event: 1.642 Thread 0x00000137c2dee0e0 nmethod 1484 0x00000137b00a8290 code [0x00000137b00a8500, 0x00000137b00a8f08]

GC Heap History (2 events):
Event: 0.932 GC heap before
{Heap before GC invocations=0 (full 0):
 garbage-first heap   total 65536K, used 15360K [0x00000000c1800000, 0x0000000100000000)
  region size 1024K, 13 young (13312K), 0 survivors (0K)
 Metaspace       used 6487K, committed 6720K, reserved 1114112K
  class space    used 663K, committed 768K, reserved 1048576K
}
Event: 0.938 GC heap after
{Heap after GC invocations=1 (full 0):
 garbage-first heap   total 65536K, used 6224K [0x00000000c1800000, 0x0000000100000000)
  region size 1024K, 2 young (2048K), 2 survivors (2048K)
 Metaspace       used 6487K, committed 6720K, reserved 1114112K
  class space    used 663K, committed 768K, reserved 1048576K
}

Dll operation events (10 events):
Event: 0.013 Loaded shared library C:\Program Files\Java\jdk-21\bin\java.dll
Event: 0.056 Loaded shared library C:\Program Files\Java\jdk-21\bin\jsvml.dll
Event: 0.090 Loaded shared library C:\Program Files\Java\jdk-21\bin\net.dll
Event: 0.093 Loaded shared library C:\Program Files\Java\jdk-21\bin\nio.dll
Event: 0.121 Loaded shared library C:\Program Files\Java\jdk-21\bin\zip.dll
Event: 0.295 Loaded shared library C:\Program Files\Java\jdk-21\bin\jimage.dll
Event: 0.326 Loaded shared library C:\Program Files\Java\jdk-21\bin\awt.dll
Event: 0.757 Loaded shared library C:\Program Files\Java\jdk-21\bin\javajpeg.dll
Event: 0.995 Loaded shared library C:\Program Files\Java\jdk-21\bin\extnet.dll
Event: 1.140 Loaded shared library C:\Program Files\Java\jdk-21\bin\sunmscapi.dll

Deoptimization events (20 events):
Event: 1.157 Thread 0x00000137a608bbb0 DEOPT PACKING pc=0x00000137b7954bb8 sp=0x000000052b5fd230
Event: 1.157 Thread 0x00000137a608bbb0 DEOPT UNPACKING pc=0x00000137b73b46a2 sp=0x000000052b5fd168 mode 2
Event: 1.159 Thread 0x00000137a608bbb0 Uncommon trap: trap_request=0xffffffde fr.pc=0x00000137b7954bb8 relative=0x0000000000000af8
Event: 1.159 Thread 0x00000137a608bbb0 Uncommon trap: reason=class_check action=maybe_recompile pc=0x00000137b7954bb8 method=java.util.HashMap.putVal(ILjava/lang/Object;Ljava/lang/Object;ZZ)Ljava/lang/Object; @ 203 c2
Event: 1.159 Thread 0x00000137a608bbb0 DEOPT PACKING pc=0x00000137b7954bb8 sp=0x000000052b5fd230
Event: 1.159 Thread 0x00000137a608bbb0 DEOPT UNPACKING pc=0x00000137b73b46a2 sp=0x000000052b5fd168 mode 2
Event: 1.280 Thread 0x00000137a608bbb0 DEOPT PACKING pc=0x00000137b002910a sp=0x000000052b5fd600
Event: 1.280 Thread 0x00000137a608bbb0 DEOPT UNPACKING pc=0x00000137b73b4e42 sp=0x000000052b5fca38 mode 0
Event: 1.321 Thread 0x00000137a608bbb0 Uncommon trap: trap_request=0xffffff45 fr.pc=0x00000137b7966ee0 relative=0x0000000000000280
Event: 1.321 Thread 0x00000137a608bbb0 Uncommon trap: reason=unstable_if action=reinterpret pc=0x00000137b7966ee0 method=java.util.HashMap.putVal(ILjava/lang/Object;Ljava/lang/Object;ZZ)Ljava/lang/Object; @ 162 c2
Event: 1.321 Thread 0x00000137a608bbb0 DEOPT PACKING pc=0x00000137b7966ee0 sp=0x000000052b5fc2c0
Event: 1.321 Thread 0x00000137a608bbb0 DEOPT UNPACKING pc=0x00000137b73b46a2 sp=0x000000052b5fc1f8 mode 2
Event: 1.331 Thread 0x00000137a608bbb0 Uncommon trap: trap_request=0xffffff45 fr.pc=0x00000137b7927934 relative=0x0000000000000194
Event: 1.331 Thread 0x00000137a608bbb0 Uncommon trap: reason=unstable_if action=reinterpret pc=0x00000137b7927934 method=jdk.internal.util.ArraysSupport.vectorizedHashCode(Ljava/lang/Object;IIII)I @ 2 c2
Event: 1.331 Thread 0x00000137a608bbb0 DEOPT PACKING pc=0x00000137b7927934 sp=0x000000052b5fc200
Event: 1.331 Thread 0x00000137a608bbb0 DEOPT UNPACKING pc=0x00000137b73b46a2 sp=0x000000052b5fc1b0 mode 2
Event: 1.394 Thread 0x00000137a608bbb0 Uncommon trap: trap_request=0xffffffde fr.pc=0x00000137b7972114 relative=0x0000000000000334
Event: 1.394 Thread 0x00000137a608bbb0 Uncommon trap: reason=class_check action=maybe_recompile pc=0x00000137b7972114 method=java.util.HashMap.getNode(Ljava/lang/Object;)Ljava/util/HashMap$Node; @ 128 c2
Event: 1.394 Thread 0x00000137a608bbb0 DEOPT PACKING pc=0x00000137b7972114 sp=0x000000052b5fe150
Event: 1.394 Thread 0x00000137a608bbb0 DEOPT UNPACKING pc=0x00000137b73b46a2 sp=0x000000052b5fe0b8 mode 2

Classes loaded (20 events):
Event: 1.607 Loading class jdk/internal/event/TLSHandshakeEvent
Event: 1.607 Loading class jdk/internal/event/TLSHandshakeEvent done
Event: 1.610 Loading class java/security/DigestException
Event: 1.610 Loading class java/security/DigestException done
Event: 1.612 Loading class javax/security/sasl/SaslException
Event: 1.612 Loading class javax/security/sasl/SaslException done
Event: 1.613 Loading class javax/security/auth/callback/UnsupportedCallbackException
Event: 1.613 Loading class javax/security/auth/callback/UnsupportedCallbackException done
Event: 1.613 Loading class javax/security/auth/login/Configuration
Event: 1.614 Loading class javax/security/auth/login/Configuration done
Event: 1.614 Loading class javax/security/auth/callback/Callback
Event: 1.614 Loading class javax/security/auth/callback/Callback done
Event: 1.615 Loading class sun/invoke/util/VerifyAccess$1
Event: 1.615 Loading class sun/invoke/util/VerifyAccess$1 done
Event: 1.622 Loading class sun/security/ssl/PostHandshakeContext
Event: 1.622 Loading class sun/security/ssl/PostHandshakeContext done
Event: 1.622 Loading class sun/security/ssl/NewSessionTicket$T13NewSessionTicketMessage
Event: 1.622 Loading class sun/security/ssl/NewSessionTicket$NewSessionTicketMessage
Event: 1.623 Loading class sun/security/ssl/NewSessionTicket$NewSessionTicketMessage done
Event: 1.623 Loading class sun/security/ssl/NewSessionTicket$T13NewSessionTicketMessage done

Classes unloaded (0 events):
No events

Classes redefined (0 events):
No events

Internal exceptions (20 events):
Event: 0.097 Thread 0x00000137a608bbb0 Exception <a 'sun/nio/fs/WindowsException'{0x00000000c567ab10}> (0x00000000c567ab10) 
thrown [s\open\src\hotspot\share\prims\jni.cpp, line 520]
Event: 0.302 Thread 0x00000137a608bbb0 Exception <a 'java/lang/ClassNotFoundException'{0x00000000c558bc58}: sun/awt/resources/spi/awtProvider> (0x00000000c558bc58) 
thrown [s\open\src\hotspot\share\classfile\systemDictionary.cpp, line 312]
Event: 0.341 Thread 0x00000137a608bbb0 Exception <a 'java/io/FileNotFoundException'{0x00000000c55e0f58}> (0x00000000c55e0f58) 
thrown [s\open\src\hotspot\share\prims\jni.cpp, line 520]
Event: 0.349 Thread 0x00000137a608bbb0 Exception <a 'java/io/FileNotFoundException'{0x00000000c540b4c8}> (0x00000000c540b4c8) 
thrown [s\open\src\hotspot\share\prims\jni.cpp, line 520]
Event: 0.485 Thread 0x00000137a608bbb0 Exception <a 'java/lang/NoSuchMethodError'{0x00000000c53181d8}: 'void java.lang.invoke.DirectMethodHandle$Holder.invokeSpecial(java.lang.Object, java.lang.Object, java.lang.Object)'> (0x00000000c53181d8) 
thrown [s\open\src\hotspot\share\interpreter\linkResolver.cpp, line 773]
Event: 0.497 Thread 0x00000137a608bbb0 Exception <a 'java/lang/NoSuchMethodError'{0x00000000c533dba0}: 'java.lang.Object java.lang.invoke.DirectMethodHandle$Holder.newInvokeSpecial(java.lang.Object, java.lang.Object, java.lang.Object, java.lang.Object, java.lang.Object)'> (0x00000000c533dba0) 
thrown [s\open\src\hotspot\share\interpreter\linkResolver.cpp, line 773]
Event: 0.511 Thread 0x00000137a608bbb0 Exception <a 'java/lang/NoSuchMethodError'{0x00000000c53699b0}: 'java.lang.Object java.lang.invoke.DirectMethodHandle$Holder.invokeStatic(java.lang.Object, int, java.lang.Object)'> (0x00000000c53699b0) 
thrown [s\open\src\hotspot\share\interpreter\linkResolver.cpp, line 773]
Event: 0.556 Thread 0x00000137a608bbb0 Exception <a 'java/lang/ClassNotFoundException'{0x00000000c52095e8}: com/sun/swing/internal/plaf/metal/resources/spi/metalProvider> (0x00000000c52095e8) 
thrown [s\open\src\hotspot\share\classfile\systemDictionary.cpp, line 312]
Event: 0.557 Thread 0x00000137a608bbb0 Exception <a 'java/lang/ClassNotFoundException'{0x00000000c520d548}: com/sun/swing/internal/plaf/basic/resources/spi/basicProvider> (0x00000000c520d548) 
thrown [s\open\src\hotspot\share\classfile\systemDictionary.cpp, line 312]
Event: 0.574 Thread 0x00000137a608bbb0 Exception <a 'java/lang/NoSuchMethodError'{0x00000000c522c718}: 'int java.lang.invoke.Invokers$Holder.invokeExact_MT(java.lang.Object, java.lang.Object)'> (0x00000000c522c718) 
thrown [s\open\src\hotspot\share\interpreter\linkResolver.cpp, line 773]
Event: 0.759 Thread 0x00000138083103a0 Exception <a 'java/lang/NoSuchMethodError'{0x00000000c51e6378}: 'java.lang.Object java.lang.invoke.DirectMethodHandle$Holder.newInvokeSpecial(java.lang.Object, java.lang.Object, java.lang.Object, int, int, int, int, int)'> (0x00000000c51e6378) 
thrown [s\open\src\hotspot\share\interpreter\linkResolver.cpp, line 773]
Event: 0.806 Thread 0x00000137a608bbb0 Exception <a 'java/lang/NoSuchMethodError'{0x00000000c4e97ef0}: 'void java.lang.invoke.DirectMethodHandle$Holder.invokeStatic(java.lang.Object, java.lang.Object)'> (0x00000000c4e97ef0) 
thrown [s\open\src\hotspot\share\interpreter\linkResolver.cpp, line 773]
Event: 0.847 Thread 0x00000137a608bbb0 Exception <a 'java/lang/NoSuchMethodError'{0x00000000c4d89bd0}: 'java.lang.Object java.lang.invoke.DirectMethodHandle$Holder.invokeInterface(java.lang.Object, java.lang.Object)'> (0x00000000c4d89bd0) 
thrown [s\open\src\hotspot\share\interpreter\linkResolver.cpp, line 773]
Event: 0.877 Thread 0x00000137a608bbb0 Exception <a 'java/lang/NoSuchMethodError'{0x00000000c4c01198}: 'void java.lang.invoke.DirectMethodHandle$Holder.invokeStatic(java.lang.Object, java.lang.Object, java.lang.Object)'> (0x00000000c4c01198) 
thrown [s\open\src\hotspot\share\interpreter\linkResolver.cpp, line 773]
Event: 0.879 Thread 0x00000137a608bbb0 Exception <a 'java/lang/NoSuchMethodError'{0x00000000c4c0cf70}: 'java.lang.Object java.lang.invoke.DirectMethodHandle$Holder.invokeVirtual(java.lang.Object, java.lang.Object, java.lang.Object)'> (0x00000000c4c0cf70) 
thrown [s\open\src\hotspot\share\interpreter\linkResolver.cpp, line 773]
Event: 1.089 Thread 0x00000137a608bbb0 Exception <a 'java/lang/NoSuchMethodError'{0x00000000c5428a68}: 'void java.lang.invoke.DirectMethodHandle$Holder.invokeStaticInit(java.lang.Object, java.lang.Object)'> (0x00000000c5428a68) 
thrown [s\open\src\hotspot\share\interpreter\linkResolver.cpp, line 773]
Event: 1.196 Thread 0x00000137a608bbb0 Exception <a 'sun/nio/fs/WindowsException'{0x00000000c537ae28}> (0x00000000c537ae28) 
thrown [s\open\src\hotspot\share\prims\jni.cpp, line 520]
Event: 1.256 Thread 0x00000137a608bbb0 Exception <a 'java/lang/NoSuchMethodError'{0x00000000c52288c8}: 'java.lang.Object java.lang.invoke.DirectMethodHandle$Holder.invokeStaticInit(java.lang.Object, int, int, int, int)'> (0x00000000c52288c8) 
thrown [s\open\src\hotspot\share\interpreter\linkResolver.cpp, line 773]
Event: 1.286 Thread 0x00000137a608bbb0 Exception <a 'java/lang/NoSuchMethodError'{0x00000000c52cc620}: 'java.lang.Object java.lang.invoke.DirectMethodHandle$Holder.invokeStaticInit(java.lang.Object, java.lang.Object, int, int, int, int)'> (0x00000000c52cc620) 
thrown [s\open\src\hotspot\share\interpreter\linkResolver.cpp, line 773]
Event: 1.537 Thread 0x00000137a608bbb0 Exception <a 'java/lang/NoSuchMethodError'{0x00000000c5067aa0}: 'void java.lang.invoke.DirectMethodHandle$Holder.invokeVirtual(java.lang.Object, java.lang.Object)'> (0x00000000c5067aa0) 
thrown [s\open\src\hotspot\share\interpreter\linkResolver.cpp, line 773]

ZGC Phase Switch (0 events):
No events

VM Operations (10 events):
Event: 0.098 Executing VM operation: HandshakeAllThreads (Deoptimize)
Event: 0.098 Executing VM operation: HandshakeAllThreads (Deoptimize) done
Event: 0.678 Executing VM operation: HandshakeAllThreads (Deoptimize)
Event: 0.678 Executing VM operation: HandshakeAllThreads (Deoptimize) done
Event: 0.822 Executing VM operation: HandshakeAllThreads (Deoptimize)
Event: 0.822 Executing VM operation: HandshakeAllThreads (Deoptimize) done
Event: 0.931 Executing VM operation: G1CollectForAllocation (G1 Evacuation Pause)
Event: 0.938 Executing VM operation: G1CollectForAllocation (G1 Evacuation Pause) done
Event: 1.563 Executing VM operation: HandshakeAllThreads (Deoptimize)
Event: 1.563 Executing VM operation: HandshakeAllThreads (Deoptimize) done

Events (17 events):
Event: 0.029 Thread 0x00000137a608bbb0 Thread added: 0x00000137a608bbb0
Event: 0.052 Thread 0x00000137c2dce010 Thread added: 0x00000137c2dce010
Event: 0.053 Thread 0x00000137c2dce940 Thread added: 0x00000137c2dce940
Event: 0.053 Thread 0x00000137c2dd4560 Thread added: 0x00000137c2dd4560
Event: 0.053 Thread 0x00000137c2dd4e50 Thread added: 0x00000137c2dd4e50
Event: 0.053 Thread 0x00000137c2ddb4e0 Thread added: 0x00000137c2ddb4e0
Event: 0.054 Thread 0x00000137c2ddf050 Thread added: 0x00000137c2ddf050
Event: 0.054 Thread 0x00000137c2deba20 Thread added: 0x00000137c2deba20
Event: 0.054 Thread 0x00000137c2dee0e0 Thread added: 0x00000137c2dee0e0
Event: 0.078 Thread 0x00000137c2d9ac50 Thread added: 0x00000137c2d9ac50
Event: 0.113 Thread 0x00000138081238c0 Thread added: 0x00000138081238c0
Event: 0.427 Thread 0x00000138082af900 Thread added: 0x00000138082af900
Event: 0.429 Thread 0x00000138082b3040 Thread added: 0x00000138082b3040
Event: 0.430 Thread 0x00000138082b6a60 Thread added: 0x00000138082b6a60
Event: 0.584 Thread 0x00000138083103a0 Thread added: 0x00000138083103a0
Event: 0.807 Thread 0x0000013808370770 Thread added: 0x0000013808370770
Event: 1.469 Thread 0x00000138082b3040 Thread exited: 0x00000138082b3040


Dynamic libraries:
0x00007ff7fc380000 - 0x00007ff7fc390000 	C:\Program Files\Java\jdk-21\bin\java.exe
0x00007ffd9fc90000 - 0x00007ffd9fe88000 	C:\Windows\SYSTEM32\ntdll.dll
0x00007ffd9de30000 - 0x00007ffd9def1000 	C:\Windows\System32\KERNEL32.DLL
0x00007ffd9d340000 - 0x00007ffd9d63d000 	C:\Windows\System32\KERNELBASE.dll
0x00007ffd9d670000 - 0x00007ffd9d770000 	C:\Windows\System32\ucrtbase.dll
0x00007ffd98680000 - 0x00007ffd9869b000 	C:\Program Files\Java\jdk-21\bin\VCRUNTIME140.dll
0x00007ffd8fa00000 - 0x00007ffd8fa19000 	C:\Program Files\Java\jdk-21\bin\jli.dll
0x00007ffd9ebd0000 - 0x00007ffd9ec80000 	C:\Windows\System32\ADVAPI32.dll
0x00007ffd9f100000 - 0x00007ffd9f19e000 	C:\Windows\System32\msvcrt.dll
0x00007ffd9dcc0000 - 0x00007ffd9dd60000 	C:\Windows\System32\sechost.dll
0x00007ffd9e180000 - 0x00007ffd9e2a3000 	C:\Windows\System32\RPCRT4.dll
0x00007ffd9db90000 - 0x00007ffd9dbb7000 	C:\Windows\System32\bcrypt.dll
0x00007ffd9f5b0000 - 0x00007ffd9f74d000 	C:\Windows\System32\USER32.dll
0x00007ffd9d640000 - 0x00007ffd9d662000 	C:\Windows\System32\win32u.dll
0x00007ffd89a40000 - 0x00007ffd89cda000 	C:\Windows\WinSxS\amd64_microsoft.windows.common-controls_6595b64144ccf1df_6.0.19041.4355_none_60b8b9eb71f62e16\COMCTL32.dll
0x00007ffd9f520000 - 0x00007ffd9f54b000 	C:\Windows\System32\GDI32.dll
0x00007ffd9d7e0000 - 0x00007ffd9d8f7000 	C:\Windows\System32\gdi32full.dll
0x00007ffd9d900000 - 0x00007ffd9d99d000 	C:\Windows\System32\msvcp_win.dll
0x00007ffd96390000 - 0x00007ffd9639a000 	C:\Windows\SYSTEM32\VERSION.dll
0x00007ffd9e150000 - 0x00007ffd9e17f000 	C:\Windows\System32\IMM32.DLL
0x00007ffd96970000 - 0x00007ffd9697c000 	C:\Program Files\Java\jdk-21\bin\vcruntime140_1.dll
0x00007ffd65410000 - 0x00007ffd6549e000 	C:\Program Files\Java\jdk-21\bin\msvcp140.dll
0x00007ffd3a9e0000 - 0x00007ffd3b6f5000 	C:\Program Files\Java\jdk-21\bin\server\jvm.dll
0x00007ffd9f1a0000 - 0x00007ffd9f20b000 	C:\Windows\System32\WS2_32.dll
0x00007ffd9d0f0000 - 0x00007ffd9d13b000 	C:\Windows\SYSTEM32\POWRPROF.dll
0x00007ffd93200000 - 0x00007ffd93227000 	C:\Windows\SYSTEM32\WINMM.dll
0x00007ffd9d0d0000 - 0x00007ffd9d0e2000 	C:\Windows\SYSTEM32\UMPDC.dll
0x00007ffd9bb70000 - 0x00007ffd9bb82000 	C:\Windows\SYSTEM32\kernel.appcore.dll
0x00007ffd95730000 - 0x00007ffd9573a000 	C:\Program Files\Java\jdk-21\bin\jimage.dll
0x00007ffd9b820000 - 0x00007ffd9ba04000 	C:\Windows\SYSTEM32\DBGHELP.DLL
0x00007ffd84e80000 - 0x00007ffd84eb4000 	C:\Windows\SYSTEM32\dbgcore.DLL
0x00007ffd9d9a0000 - 0x00007ffd9da22000 	C:\Windows\System32\bcryptPrimitives.dll
0x00007ffd93140000 - 0x00007ffd9315f000 	C:\Program Files\Java\jdk-21\bin\java.dll
0x00007ffd9e2b0000 - 0x00007ffd9ea1f000 	C:\Windows\System32\SHELL32.dll
0x00007ffd9b070000 - 0x00007ffd9b813000 	C:\Windows\SYSTEM32\windows.storage.dll
0x00007ffd9f800000 - 0x00007ffd9fb53000 	C:\Windows\System32\combase.dll
0x00007ffd9cd00000 - 0x00007ffd9cd2e000 	C:\Windows\SYSTEM32\Wldp.dll
0x00007ffd9f2a0000 - 0x00007ffd9f36d000 	C:\Windows\System32\OLEAUT32.dll
0x00007ffd9f750000 - 0x00007ffd9f7fd000 	C:\Windows\System32\SHCORE.dll
0x00007ffd9fbe0000 - 0x00007ffd9fc35000 	C:\Windows\System32\shlwapi.dll
0x00007ffd9d270000 - 0x00007ffd9d294000 	C:\Windows\SYSTEM32\profapi.dll
0x00007ffd61540000 - 0x00007ffd61617000 	C:\Program Files\Java\jdk-21\bin\jsvml.dll
0x00007ffd95280000 - 0x00007ffd95290000 	C:\Program Files\Java\jdk-21\bin\net.dll
0x00007ffd935b0000 - 0x00007ffd936bd000 	C:\Windows\SYSTEM32\WINHTTP.dll
0x00007ffd9ca00000 - 0x00007ffd9ca6a000 	C:\Windows\system32\mswsock.dll
0x00007ffd91190000 - 0x00007ffd911a6000 	C:\Program Files\Java\jdk-21\bin\nio.dll
0x00007ffd91060000 - 0x00007ffd91078000 	C:\Program Files\Java\jdk-21\bin\zip.dll
0x00007ffd5a780000 - 0x00007ffd5a90f000 	C:\Program Files\Java\jdk-21\bin\awt.dll
0x00007ffd99a10000 - 0x00007ffd99aa4000 	C:\Windows\SYSTEM32\apphelp.dll
0x00007ffd9aad0000 - 0x00007ffd9aaff000 	C:\Windows\system32\DWMAPI.DLL
0x00007ffd9a8e0000 - 0x00007ffd9a97e000 	C:\Windows\system32\uxtheme.dll
0x00007ffd848d0000 - 0x00007ffd849f8000 	C:\Windows\system32\opengl32.dll
0x00007ffd854e0000 - 0x00007ffd8550c000 	C:\Windows\SYSTEM32\GLU32.dll
0x00007ffd9e030000 - 0x00007ffd9e145000 	C:\Windows\System32\MSCTF.dll
0x00007ffd9df00000 - 0x00007ffd9e02b000 	C:\Windows\System32\ole32.dll
0x00007ffd8eb90000 - 0x00007ffd8ebbe000 	C:\Program Files\Java\jdk-21\bin\javajpeg.dll
0x00007ffd9c720000 - 0x00007ffd9c7ea000 	C:\Windows\SYSTEM32\DNSAPI.dll
0x00007ffd9c6e0000 - 0x00007ffd9c71b000 	C:\Windows\SYSTEM32\IPHLPAPI.DLL
0x00007ffd9fc40000 - 0x00007ffd9fc48000 	C:\Windows\System32\NSI.dll
0x00007ffd88b50000 - 0x00007ffd88b5a000 	C:\Windows\System32\rasadhlp.dll
0x00007ffd88cc0000 - 0x00007ffd88d40000 	C:\Windows\System32\fwpuclnt.dll
0x00007ffd91ac0000 - 0x00007ffd91ac7000 	C:\Program Files\Java\jdk-21\bin\extnet.dll
0x00007ffd98750000 - 0x00007ffd9875e000 	C:\Program Files\Java\jdk-21\bin\sunmscapi.dll
0x00007ffd9da30000 - 0x00007ffd9db8c000 	C:\Windows\System32\CRYPT32.dll
0x00007ffd9cd70000 - 0x00007ffd9cd99000 	C:\Windows\SYSTEM32\ncrypt.dll
0x00007ffd9cd30000 - 0x00007ffd9cd6b000 	C:\Windows\SYSTEM32\NTASN1.dll
0x00007ffd9cc00000 - 0x00007ffd9cc18000 	C:\Windows\SYSTEM32\CRYPTSP.dll
0x00007ffd9c320000 - 0x00007ffd9c354000 	C:\Windows\system32\rsaenh.dll
0x00007ffd9d230000 - 0x00007ffd9d25e000 	C:\Windows\SYSTEM32\USERENV.dll
0x00007ffd9cbf0000 - 0x00007ffd9cbfc000 	C:\Windows\SYSTEM32\CRYPTBASE.dll

dbghelp: loaded successfully - version: 4.0.5 - missing functions: none
symbol engine: initialized successfully - sym options: 0x614 - pdb path: .;C:\Program Files\Java\jdk-21\bin;C:\Windows\SYSTEM32;C:\Windows\WinSxS\amd64_microsoft.windows.common-controls_6595b64144ccf1df_6.0.19041.4355_none_60b8b9eb71f62e16;C:\Program Files\Java\jdk-21\bin\server

VM Arguments:
jvm_args: -Dfile.encoding=UTF-8 --module-path=C:\Users\Dell\Documents\NetBeansProjects\University_anagement_System\build\classes 
java_command: university.management.system.StudentFeeForm
java_class_path (initial): C:\Users\Dell\Downloads\mysql-connector-java-8.0.28.jar;C:\Users\Dell\Downloads\Jar\jcalendar-tz-1.3.3-4.jar;C:\Users\Dell\Downloads\Jar\rs2xml.jar;C:\Users\Dell\Documents\NetBeansProjects\University_anagement_System\build\classes
Launcher Type: SUN_STANDARD

[Global flags]
     intx CICompilerCount                          = 3                                         {product} {ergonomic}
     uint ConcGCThreads                            = 1                                         {product} {ergonomic}
     uint G1ConcRefinementThreads                  = 4                                         {product} {ergonomic}
   size_t G1HeapRegionSize                         = 1048576                                   {product} {ergonomic}
    uintx GCDrainStackTargetSize                   = 64                                        {product} {ergonomic}
   size_t InitialHeapSize                          = 67108864                                  {product} {ergonomic}
   size_t MarkStackSize                            = 4194304                                   {product} {ergonomic}
   size_t MaxHeapSize                              = 1048576000                                {product} {ergonomic}
   size_t MaxNewSize                               = 629145600                                 {product} {ergonomic}
   size_t MinHeapDeltaBytes                        = 1048576                                   {product} {ergonomic}
   size_t MinHeapSize                              = 8388608                                   {product} {ergonomic}
    uintx NonNMethodCodeHeapSize                   = 5832780                                {pd product} {ergonomic}
    uintx NonProfiledCodeHeapSize                  = 122912730                              {pd product} {ergonomic}
    uintx ProfiledCodeHeapSize                     = 122912730                              {pd product} {ergonomic}
    uintx ReservedCodeCacheSize                    = 251658240                              {pd product} {ergonomic}
     bool SegmentedCodeCache                       = true                                      {product} {ergonomic}
   size_t SoftMaxHeapSize                          = 1048576000                             {manageable} {ergonomic}
     bool UseCompressedOops                        = true                           {product lp64_product} {ergonomic}
     bool UseG1GC                                  = true                                      {product} {ergonomic}
     bool UseLargePagesIndividualAllocation        = false                                  {pd product} {ergonomic}

Logging:
Log output configuration:
 #0: stdout all=warning uptime,level,tags foldmultilines=false
 #1: stderr all=off uptime,level,tags foldmultilines=false

Environment Variables:
JAVA_HOME=C:\Program Files\Java\jdk-20
PATH=D:\oracledb\WINDOWS.X64_193000_db_home\bin;C:\Python311\Scripts\;C:\Python311\;C:\Program Files\Common Files\Oracle\Java\javapath;C:\Windows\system32;C:\Windows;C:\Windows\System32\Wbem;C:\Windows\System32\WindowsPowerShell\v1.0\;C:\Windows\System32\OpenSSH\;C:\MinGW\bin;C:\Program Files\Java\jdk-20\bin;C:\Program Files\Java\jdk-21\bin;D:\Git\cmd;C:\Program Files\MySQL\MySQL Server 8.0;C:\Program Files\MySQL\MySQL Shell 8.0\bin\;C:\Users\Dell\AppData\Local\Microsoft\WindowsApps;C:\Users\Dell\AppData\Local\Programs\Microsoft VS Code\bin;C:\ProgramData\Dell\GitHubDesktop\bin;C:\Users\Dell\AppData\Local\GitHubDesktop\bin
USERNAME=Dell
OS=Windows_NT
PROCESSOR_IDENTIFIER=Intel64 Family 6 Model 142 Stepping 10, GenuineIntel
TMP=C:\Users\Dell\AppData\Local\Temp
TEMP=C:\Users\Dell\AppData\Local\Temp




Periodic native trim disabled

---------------  S Y S T E M  ---------------

OS:
 Windows 10 , 64 bit Build 19041 (10.0.19041.4842)
OS uptime: 4 days 4:39 hours

CPU: total 4 (initial active 4) (2 cores per cpu, 2 threads per core) family 6 model 142 stepping 10 microcode 0xf0, cx8, cmov, fxsr, ht, mmx, 3dnowpref, sse, sse2, sse3, ssse3, sse4.1, sse4.2, popcnt, lzcnt, tsc, tscinvbit, avx, avx2, aes, erms, clmul, bmi1, bmi2, adx, fma, vzeroupper, clflush, clflushopt, rdtscp, f16c
Processor Information for all 4 processors :
  Max Mhz: 2208, Current Mhz: 2208, Mhz Limit: 2208

Memory: 4k page, system-wide physical 3993M (146M free)
TotalPageFile size 16281M (AvailPageFile size 2M)
current process WorkingSet (physical memory assigned to process): 88M, peak: 88M
current process commit charge ("private bytes"): 164M, peak: 164M

vm_info: Java HotSpot(TM) 64-Bit Server VM (21.0.1+12-LTS-29) for windows-amd64 JRE (21.0.1+12-LTS-29), built on 2023-10-05T13:27:09Z by "mach5one" with MS VC++ 17.1 (VS2022)

END.
